#
# There is insufficient memory for the Java Runtime Environment to continue.
# Native memory allocation (malloc) failed to allocate 1048576 bytes. Error detail: AllocateHeap
# Possible reasons:
#   The system is out of physical RAM or swap space
#   This process is running with CompressedOops enabled, and the Java Heap may be blocking the growth of the native heap
# Possible solutions:
#   Reduce memory load on the system
#   Increase physical memory or swap space
#   Check if swap backing store is full
#   Decrease Java heap size (-Xmx/-Xms)
#   Decrease number of Java threads
#   Decrease Java thread stack sizes (-Xss)
#   Set larger code cache with -XX:ReservedCodeCacheSize=
#   JVM is running with Unscaled Compressed Oops mode in which the Java heap is
#     placed in the first 4GB address space. The Java Heap base address is the
#     maximum limit for the native heap growth. Please use -XX:HeapBaseMinAddress
#     to set the Java Heap base and to place the Java Heap above 4GB virtual address.
# This output file may be truncated or incomplete.
#
#  Out of Memory Error (allocation.cpp:44), pid=7180, tid=26056
#
# JRE version: OpenJDK Runtime Environment Temurin-21.0.8+9 (21.0.8+9) (build 21.0.8+9-LTS)
# Java VM: OpenJDK 64-Bit Server VM Temurin-21.0.8+9 (21.0.8+9-LTS, mixed mode, sharing, tiered, compressed oops, compressed class ptrs, parallel gc, windows-amd64)
# No core dump will be written. Minidumps are not enabled by default on client versions of Windows
#

---------------  S U M M A R Y ------------

Command Line: --add-modules=ALL-SYSTEM --add-opens=java.base/java.util=ALL-UNNAMED --add-opens=java.base/java.lang=ALL-UNNAMED --add-opens=java.base/sun.nio.fs=ALL-UNNAMED -Declipse.application=org.eclipse.jdt.ls.core.id1 -Dosgi.bundles.defaultStartLevel=4 -Declipse.product=org.eclipse.jdt.ls.core.product -Djava.import.generatesMetadataFilesAtProjectRoot=false -DDetectVMInstallationsJob.disabled=true -Dfile.encoding=utf8 -XX:+UseParallelGC -XX:GCTimeRatio=4 -XX:AdaptiveSizePolicyWeight=90 -Dsun.zip.disableMemoryMapping=true -Xmx2G -Xms100m -Xlog:disable -javaagent:c:\Users\gigabyte\.vscode\extensions\redhat.java-1.46.0-win32-x64\lombok\lombok-1.18.39-4050.jar -XX:+HeapDumpOnOutOfMemoryError -XX:HeapDumpPath=c:\Users\gigabyte\AppData\Roaming\Code\User\workspaceStorage\2fecfd49644819dd4abb8728363962c5\redhat.java -Daether.dependencyCollector.impl=bf c:\Users\gigabyte\.vscode\extensions\redhat.java-1.46.0-win32-x64\server\plugins\org.eclipse.equinox.launcher_1.7.0.v20250519-0528.jar -configuration c:\Users\gigabyte\AppData\Roaming\Code\User\globalStorage\redhat.java\1.46.0\config_win -data c:\Users\gigabyte\AppData\Roaming\Code\User\workspaceStorage\2fecfd49644819dd4abb8728363962c5\redhat.java\jdt_ws --pipe=\\.\pipe\lsp-535a357c175cc21600653bbd583b26eb-sock

Host: 12th Gen Intel(R) Core(TM) i5-12450H, 12 cores, 15G,  Windows 11 , 64 bit Build 22621 (10.0.22621.5415)
Time: Mon Oct 27 18:46:28 2025 SE Asia Standard Time elapsed time: 108.797758 seconds (0d 0h 1m 48s)

---------------  T H R E A D  ---------------

Current thread (0x00000263fce98a00):  JavaThread "Attach Listener" daemon [_thread_in_vm, id=26056, stack(0x0000009d4d800000,0x0000009d4d900000) (1024K)]

Stack: [0x0000009d4d800000,0x0000009d4d900000]
Native frames: (J=compiled Java code, j=interpreted, Vv=VM code, C=native code)
V  [jvm.dll+0x6d2449]
V  [jvm.dll+0x8ae341]
V  [jvm.dll+0x8b08be]
V  [jvm.dll+0x8b0fa3]
V  [jvm.dll+0x280c96]
V  [jvm.dll+0xc0347]
V  [jvm.dll+0x6d2cf9]
V  [jvm.dll+0x131116]
V  [jvm.dll+0x3f2d16]
V  [jvm.dll+0x857e6b]
V  [jvm.dll+0x6d0b0d]
C  [ucrtbase.dll+0x29333]
C  [KERNEL32.DLL+0x1259d]
C  [ntdll.dll+0x5af78]


---------------  P R O C E S S  ---------------

Threads class SMR info:
_java_thread_list=0x00000263dbe4d650, length=53, elements={
0x00000263fcdf1970, 0x00000263fce96370, 0x00000263938acb60, 0x00000263fce97fe0,
0x00000263fce98a00, 0x00000263fce9ae20, 0x00000263fcea28b0, 0x00000263fcea3930,
0x00000263fcea8480, 0x00000263d5f135f0, 0x00000263d61bf2e0, 0x00000263db397450,
0x00000263db6c7f20, 0x00000263db858870, 0x00000263db8598b0, 0x00000263dbd7a040,
0x00000263dbcba190, 0x00000263db5cf490, 0x00000263d5ef79b0, 0x00000263dc187490,
0x00000263dc186e00, 0x00000263dc1881b0, 0x00000263dc187b20, 0x00000263de726fc0,
0x00000263de727ce0, 0x00000263de7262a0, 0x00000263de728a00, 0x00000263de727650,
0x00000263de728370, 0x00000263de729090, 0x00000263de726930, 0x00000263de725c10,
0x00000263ddb609b0, 0x00000263ddb62a80, 0x00000263ddb5d530, 0x00000263ddb5fc90,
0x00000263ddb63e30, 0x00000263ddb64b50, 0x00000263ddb5ef70, 0x00000263ddb63110,
0x00000263ddb623f0, 0x00000263ddb637a0, 0x00000263ddb5f600, 0x00000263ddb644c0,
0x00000263ddb5dbc0, 0x00000263ddb5e250, 0x00000263ddb5e8e0, 0x00000263ddb60320,
0x00000263ddb61040, 0x00000263ddb616d0, 0x00000263ddb61d60, 0x00000263db45cad0,
0x00000263db461990
}

Java Threads: ( => current thread )
  0x00000263fcdf1970 JavaThread "main"                              [_thread_blocked, id=8948, stack(0x0000009d4d000000,0x0000009d4d100000) (1024K)]
  0x00000263fce96370 JavaThread "Reference Handler"          daemon [_thread_blocked, id=12876, stack(0x0000009d4d500000,0x0000009d4d600000) (1024K)]
  0x00000263938acb60 JavaThread "Finalizer"                  daemon [_thread_blocked, id=3156, stack(0x0000009d4d600000,0x0000009d4d700000) (1024K)]
  0x00000263fce97fe0 JavaThread "Signal Dispatcher"          daemon [_thread_blocked, id=19712, stack(0x0000009d4d700000,0x0000009d4d800000) (1024K)]
=>0x00000263fce98a00 JavaThread "Attach Listener"            daemon [_thread_in_vm, id=26056, stack(0x0000009d4d800000,0x0000009d4d900000) (1024K)]
  0x00000263fce9ae20 JavaThread "Service Thread"             daemon [_thread_blocked, id=25452, stack(0x0000009d4d900000,0x0000009d4da00000) (1024K)]
  0x00000263fcea28b0 JavaThread "Monitor Deflation Thread"   daemon [_thread_blocked, id=29040, stack(0x0000009d4da00000,0x0000009d4db00000) (1024K)]
  0x00000263fcea3930 JavaThread "C2 CompilerThread0"         daemon [_thread_blocked, id=25840, stack(0x0000009d4db00000,0x0000009d4dc00000) (1024K)]
  0x00000263fcea8480 JavaThread "C1 CompilerThread0"         daemon [_thread_blocked, id=4324, stack(0x0000009d4dc00000,0x0000009d4dd00000) (1024K)]
  0x00000263d5f135f0 JavaThread "Common-Cleaner"             daemon [_thread_blocked, id=21032, stack(0x0000009d4dd00000,0x0000009d4de00000) (1024K)]
  0x00000263d61bf2e0 JavaThread "Notification Thread"        daemon [_thread_blocked, id=3440, stack(0x0000009d4de00000,0x0000009d4df00000) (1024K)]
  0x00000263db397450 JavaThread "Active Thread: Equinox Container: 41eea7a1-e5b5-4525-b94b-446bdda731a4"        [_thread_blocked, id=15352, stack(0x0000009d4e500000,0x0000009d4e600000) (1024K)]
  0x00000263db6c7f20 JavaThread "Refresh Thread: Equinox Container: 41eea7a1-e5b5-4525-b94b-446bdda731a4" daemon [_thread_blocked, id=3736, stack(0x0000009d4e700000,0x0000009d4e800000) (1024K)]
  0x00000263db858870 JavaThread "Framework Event Dispatcher: Equinox Container: 41eea7a1-e5b5-4525-b94b-446bdda731a4" daemon [_thread_blocked, id=29408, stack(0x0000009d4e800000,0x0000009d4e900000) (1024K)]
  0x00000263db8598b0 JavaThread "Start Level: Equinox Container: 41eea7a1-e5b5-4525-b94b-446bdda731a4" daemon [_thread_blocked, id=17532, stack(0x0000009d4e900000,0x0000009d4ea00000) (1024K)]
  0x00000263dbd7a040 JavaThread "Bundle File Closer"         daemon [_thread_blocked, id=24004, stack(0x0000009d4ed00000,0x0000009d4ee00000) (1024K)]
  0x00000263dbcba190 JavaThread "SCR Component Actor"        daemon [_thread_blocked, id=12560, stack(0x0000009d4ea00000,0x0000009d4eb00000) (1024K)]
  0x00000263db5cf490 JavaThread "Worker-JM"                         [_thread_blocked, id=12784, stack(0x0000009d4ee00000,0x0000009d4ef00000) (1024K)]
  0x00000263d5ef79b0 JavaThread "JNA Cleaner"                daemon [_thread_blocked, id=1136, stack(0x0000009d4ef00000,0x0000009d4f000000) (1024K)]
  0x00000263dc187490 JavaThread "Worker-0"                          [_thread_blocked, id=17384, stack(0x0000009d4f000000,0x0000009d4f100000) (1024K)]
  0x00000263dc186e00 JavaThread "Worker-1"                          [_thread_blocked, id=16616, stack(0x0000009d4f100000,0x0000009d4f200000) (1024K)]
  0x00000263dc1881b0 JavaThread "Worker-2"                          [_thread_blocked, id=4812, stack(0x0000009d4f300000,0x0000009d4f400000) (1024K)]
  0x00000263dc187b20 JavaThread "Java indexing"              daemon [_thread_blocked, id=12256, stack(0x0000009d4f200000,0x0000009d4f300000) (1024K)]
  0x00000263de726fc0 JavaThread "Worker-3"                          [_thread_blocked, id=10304, stack(0x0000009d4f400000,0x0000009d4f500000) (1024K)]
  0x00000263de727ce0 JavaThread "Worker-4"                          [_thread_blocked, id=3612, stack(0x0000009d4f500000,0x0000009d4f600000) (1024K)]
  0x00000263de7262a0 JavaThread "Worker-5"                          [_thread_blocked, id=27820, stack(0x0000009d4f600000,0x0000009d4f700000) (1024K)]
  0x00000263de728a00 JavaThread "Thread-1"                   daemon [_thread_in_native, id=28264, stack(0x0000009d4f700000,0x0000009d4f800000) (1024K)]
  0x00000263de727650 JavaThread "Thread-2"                   daemon [_thread_in_native, id=16268, stack(0x0000009d4f800000,0x0000009d4f900000) (1024K)]
  0x00000263de728370 JavaThread "Thread-3"                   daemon [_thread_in_native, id=26240, stack(0x0000009d4f900000,0x0000009d4fa00000) (1024K)]
  0x00000263de729090 JavaThread "Thread-4"                   daemon [_thread_in_native, id=22948, stack(0x0000009d4fa00000,0x0000009d4fb00000) (1024K)]
  0x00000263de726930 JavaThread "Thread-5"                   daemon [_thread_in_native, id=4256, stack(0x0000009d4fb00000,0x0000009d4fc00000) (1024K)]
  0x00000263de725c10 JavaThread "Thread-6"                   daemon [_thread_in_native, id=6400, stack(0x0000009d4fc00000,0x0000009d4fd00000) (1024K)]
  0x00000263ddb609b0 JavaThread "Thread-7"                   daemon [_thread_in_native, id=10416, stack(0x0000009d4fd00000,0x0000009d4fe00000) (1024K)]
  0x00000263ddb62a80 JavaThread "Thread-8"                   daemon [_thread_in_native, id=23976, stack(0x0000009d4fe00000,0x0000009d4ff00000) (1024K)]
  0x00000263ddb5d530 JavaThread "Thread-9"                   daemon [_thread_in_native, id=19676, stack(0x0000009d4ff00000,0x0000009d50000000) (1024K)]
  0x00000263ddb5fc90 JavaThread "Thread-10"                  daemon [_thread_in_native, id=7240, stack(0x0000009d50000000,0x0000009d50100000) (1024K)]
  0x00000263ddb63e30 JavaThread "Thread-11"                  daemon [_thread_in_native, id=6396, stack(0x0000009d50100000,0x0000009d50200000) (1024K)]
  0x00000263ddb64b50 JavaThread "Thread-12"                  daemon [_thread_in_native, id=26264, stack(0x0000009d50200000,0x0000009d50300000) (1024K)]
  0x00000263ddb5ef70 JavaThread "Thread-13"                  daemon [_thread_in_native, id=2884, stack(0x0000009d50300000,0x0000009d50400000) (1024K)]
  0x00000263ddb63110 JavaThread "pool-2-thread-1"                   [_thread_blocked, id=29120, stack(0x0000009d50400000,0x0000009d50500000) (1024K)]
  0x00000263ddb623f0 JavaThread "WorkspaceEventsHandler"            [_thread_blocked, id=23484, stack(0x0000009d50500000,0x0000009d50600000) (1024K)]
  0x00000263ddb637a0 JavaThread "pool-1-thread-1"                   [_thread_blocked, id=20148, stack(0x0000009d50600000,0x0000009d50700000) (1024K)]
  0x00000263ddb5f600 JavaThread "ForkJoinPool.commonPool-worker-1" daemon [_thread_blocked, id=11740, stack(0x0000009d50700000,0x0000009d50800000) (1024K)]
  0x00000263ddb644c0 JavaThread "ForkJoinPool.commonPool-worker-2" daemon [_thread_blocked, id=12312, stack(0x0000009d50800000,0x0000009d50900000) (1024K)]
  0x00000263ddb5dbc0 JavaThread "ForkJoinPool.commonPool-worker-3" daemon [_thread_blocked, id=18324, stack(0x0000009d50900000,0x0000009d50a00000) (1024K)]
  0x00000263ddb5e250 JavaThread "ForkJoinPool.commonPool-worker-4" daemon [_thread_blocked, id=27208, stack(0x0000009d50a00000,0x0000009d50b00000) (1024K)]
  0x00000263ddb5e8e0 JavaThread "ForkJoinPool.commonPool-worker-5" daemon [_thread_blocked, id=27060, stack(0x0000009d50b00000,0x0000009d50c00000) (1024K)]
  0x00000263ddb60320 JavaThread "ForkJoinPool.commonPool-worker-6" daemon [_thread_blocked, id=4120, stack(0x0000009d50c00000,0x0000009d50d00000) (1024K)]
  0x00000263ddb61040 JavaThread "ForkJoinPool.commonPool-worker-7" daemon [_thread_blocked, id=6500, stack(0x0000009d50d00000,0x0000009d50e00000) (1024K)]
  0x00000263ddb616d0 JavaThread "ForkJoinPool.commonPool-worker-9" daemon [_thread_blocked, id=14424, stack(0x0000009d50e00000,0x0000009d50f00000) (1024K)]
  0x00000263ddb61d60 JavaThread "ForkJoinPool.commonPool-worker-8" daemon [_thread_blocked, id=9272, stack(0x0000009d50f00000,0x0000009d51000000) (1024K)]
  0x00000263db45cad0 JavaThread "ForkJoinPool.commonPool-worker-10" daemon [_thread_blocked, id=17288, stack(0x0000009d51000000,0x0000009d51100000) (1024K)]
  0x00000263db461990 JavaThread "ForkJoinPool.commonPool-worker-11" daemon [_thread_blocked, id=27500, stack(0x0000009d51100000,0x0000009d51200000) (1024K)]
Total: 53

Other Threads:
  0x0000026393897170 VMThread "VM Thread"                           [id=6292, stack(0x0000009d4d400000,0x0000009d4d500000) (1024K)]
  0x000002639378ca10 WatcherThread "VM Periodic Task Thread"        [id=29664, stack(0x0000009d4d300000,0x0000009d4d400000) (1024K)]
  0x00000263fce11c00 WorkerThread "GC Thread#0"                     [id=11860, stack(0x0000009d4d200000,0x0000009d4d300000) (1024K)]
  0x00000263db339cb0 WorkerThread "GC Thread#1"                     [id=26100, stack(0x0000009d4df00000,0x0000009d4e000000) (1024K)]
  0x00000263db33a050 WorkerThread "GC Thread#2"                     [id=5960, stack(0x0000009d4e000000,0x0000009d4e100000) (1024K)]
  0x00000263db1d59b0 WorkerThread "GC Thread#3"                     [id=20516, stack(0x0000009d4e100000,0x0000009d4e200000) (1024K)]
  0x00000263db1d5d50 WorkerThread "GC Thread#4"                     [id=28932, stack(0x0000009d4e200000,0x0000009d4e300000) (1024K)]
  0x00000263db1d60f0 WorkerThread "GC Thread#5"                     [id=5212, stack(0x0000009d4e300000,0x0000009d4e400000) (1024K)]
  0x00000263db196ac0 WorkerThread "GC Thread#6"                     [id=15932, stack(0x0000009d4e400000,0x0000009d4e500000) (1024K)]
  0x00000263db4880e0 WorkerThread "GC Thread#7"                     [id=2508, stack(0x0000009d4e600000,0x0000009d4e700000) (1024K)]
  0x00000263dbacc2a0 WorkerThread "GC Thread#8"                     [id=20224, stack(0x0000009d4eb00000,0x0000009d4ec00000) (1024K)]
  0x00000263dbacbb60 WorkerThread "GC Thread#9"                     [id=20228, stack(0x0000009d4ec00000,0x0000009d4ed00000) (1024K)]
Total: 12

Threads with active compile tasks:
Total: 0

VM state: not at safepoint (normal execution)

VM Mutex/Monitor currently owned by a thread: None

Heap address: 0x0000000080000000, size: 2048 MB, Compressed Oops mode: 32-bit

CDS archive(s) mapped at: [0x0000026394000000-0x0000026394ba0000-0x0000026394ba0000), size 12189696, SharedBaseAddress: 0x0000026394000000, ArchiveRelocationMode: 1.
Compressed class space mapped at: 0x0000026395000000-0x00000263d5000000, reserved size: 1073741824
Narrow klass base: 0x0000026394000000, Narrow klass shift: 0, Narrow klass range: 0x100000000

GC Precious Log:
 CardTable entry size: 512
 CPUs: 12 total, 12 available
 Memory: 16104M
 Large Page Support: Disabled
 NUMA Support: Disabled
 Compressed Oops: Enabled (32-bit)
 Alignments: Space 512K, Generation 512K, Heap 2M
 Heap Min Capacity: 100M
 Heap Initial Capacity: 100M
 Heap Max Capacity: 2G
 Pre-touch: Disabled
 Parallel Workers: 10

Heap:
 PSYoungGen      total 11264K, used 5531K [0x00000000d5580000, 0x00000000d6500000, 0x0000000100000000)
  eden space 10752K, 51% used [0x00000000d5580000,0x00000000d5ae6d20,0x00000000d6000000)
  from space 512K, 0% used [0x00000000d6480000,0x00000000d6480000,0x00000000d6500000)
  to   space 1536K, 0% used [0x00000000d6200000,0x00000000d6200000,0x00000000d6380000)
 ParOldGen       total 262656K, used 71057K [0x0000000080000000, 0x0000000090080000, 0x00000000d5580000)
  object space 262656K, 27% used [0x0000000080000000,0x0000000084564748,0x0000000090080000)
 Metaspace       used 59150K, committed 60544K, reserved 1114112K
  class space    used 6317K, committed 6912K, reserved 1048576K

Card table byte_map: [0x00000263fc7b0000,0x00000263fcbc0000] _byte_map_base: 0x00000263fc3b0000

Marking Bits: (ParMarkBitMap*) 0x00007ff9708da340
 Begin Bits: [0x000002638f2b0000, 0x00000263912b0000)
 End Bits:   [0x00000263912b0000, 0x00000263932b0000)

Polling page: 0x00000263fadf0000

Metaspace:

Usage:
  Non-class:     51.60 MB used.
      Class:      6.17 MB used.
       Both:     57.76 MB used.

Virtual space:
  Non-class space:       64.00 MB reserved,      52.38 MB ( 82%) committed,  1 nodes.
      Class space:        1.00 GB reserved,       6.75 MB ( <1%) committed,  1 nodes.
             Both:        1.06 GB reserved,      59.12 MB (  5%) committed. 

Chunk freelists:
   Non-Class:  11.34 MB
       Class:  9.11 MB
        Both:  20.45 MB

MaxMetaspaceSize: unlimited
CompressedClassSpaceSize: 1.00 GB
Initial GC threshold: 21.00 MB
Current GC threshold: 97.31 MB
CDS: on
 - commit_granule_bytes: 65536.
 - commit_granule_words: 8192.
 - virtual_space_node_default_size: 8388608.
 - enlarge_chunks_in_place: 1.
 - use_allocation_guard: 0.


Internal statistics:

num_allocs_failed_limit: 9.
num_arena_births: 1082.
num_arena_deaths: 84.
num_vsnodes_births: 2.
num_vsnodes_deaths: 0.
num_space_committed: 946.
num_space_uncommitted: 0.
num_chunks_returned_to_freelist: 117.
num_chunks_taken_from_freelist: 3813.
num_chunk_merges: 43.
num_chunk_splits: 2355.
num_chunks_enlarged: 1349.
num_inconsistent_stats: 0.

CodeHeap 'non-profiled nmethods': size=120000Kb used=7479Kb max_used=7479Kb free=112520Kb
 bounds [0x0000026387ad0000, 0x0000026388220000, 0x000002638f000000]
CodeHeap 'profiled nmethods': size=120000Kb used=22117Kb max_used=22865Kb free=97882Kb
 bounds [0x0000026380000000, 0x0000026381660000, 0x0000026387530000]
CodeHeap 'non-nmethods': size=5760Kb used=1423Kb max_used=1486Kb free=4336Kb
 bounds [0x0000026387530000, 0x00000263877a0000, 0x0000026387ad0000]
CodeCache: size=245760Kb, used=31019Kb, max_used=31830Kb, free=214738Kb
 total_blobs=10200, nmethods=9471, adapters=634, full_count=0
Compilation: enabled, stopped_count=0, restarted_count=0

Compilation events (20 events):
Event: 77.948 Thread 0x00000263fcea3930 nmethod 9995 0x0000026387cd8490 code [0x0000026387cd8620, 0x0000026387cd86b0]
Event: 77.948 Thread 0x00000263fcea3930 9875       4       org.eclipse.jdt.core.compiler.CharOperation::indexOf (25 bytes)
Event: 77.953 Thread 0x00000263fcea3930 nmethod 9875 0x0000026387cf2890 code [0x0000026387cf2a20, 0x0000026387cf2b68]
Event: 77.953 Thread 0x00000263fcea3930 9846       4       java.util.LinkedHashSet::<init> (10 bytes)
Event: 77.955 Thread 0x00000263fcea3930 nmethod 9846 0x0000026387cf2490 code [0x0000026387cf2620, 0x0000026387cf2758]
Event: 77.955 Thread 0x00000263fcea3930 10285       4       org.eclipse.core.internal.resources.Resource::getName (10 bytes)
Event: 77.958 Thread 0x00000263fcea3930 nmethod 10285 0x0000026387cf1e10 code [0x0000026387cf1fa0, 0x0000026387cf20b8]
Event: 77.958 Thread 0x00000263fcea3930 10064       4       org.eclipse.jdt.internal.compiler.env.ITypeAnnotationWalker$1::toTypeArgument (2 bytes)
Event: 77.958 Thread 0x00000263fcea3930 nmethod 10064 0x0000026387c8de90 code [0x0000026387c8e020, 0x0000026387c8e0a8]
Event: 77.958 Thread 0x00000263fcea3930 10053       4       java.util.stream.ReduceOps$4ReducingSink::accept (15 bytes)
Event: 78.024 Thread 0x00000263fcea3930 nmethod 10053 0x0000026388211790 code [0x0000026388211ae0, 0x0000026388212c18]
Event: 78.025 Thread 0x00000263fcea3930 10297       4       org.eclipse.jdt.internal.compiler.lookup.SplitPackageBinding::isDeclaredIn (11 bytes)
Event: 78.037 Thread 0x00000263fcea3930 nmethod 10297 0x0000026387c8d310 code [0x0000026387c8d500, 0x0000026387c8d9d0]
Event: 78.037 Thread 0x00000263fcea3930 10112       4       org.eclipse.jdt.internal.compiler.parser.Parser::fetchNextToken (8 bytes)
Event: 78.039 Thread 0x00000263fcea3930 nmethod 10112 0x0000026387c04010 code [0x0000026387c041a0, 0x0000026387c04258]
Event: 78.039 Thread 0x00000263fcea3930 9985       4       java.util.HashMap$EntrySet::size (8 bytes)
Event: 78.040 Thread 0x00000263fcea3930 nmethod 9985 0x0000026387c03d10 code [0x0000026387c03ea0, 0x0000026387c03f40]
Event: 78.040 Thread 0x00000263fcea3930 9906       4       org.eclipse.jdt.internal.core.JavaElement::escapeMementoName (6 bytes)
Event: 78.040 Thread 0x00000263fcea3930 nmethod 9906 0x0000026387c03a10 code [0x0000026387c03ba0, 0x0000026387c03c58]
Event: 78.456 Thread 0x00000263fcea54d0 nmethod 9778 0x0000026388214710 code [0x0000026388214ea0, 0x000002638821b7f8]

GC Heap History (20 events):
Event: 76.561 GC heap before
{Heap before GC invocations=462 (full 2):
 PSYoungGen      total 14848K, used 14393K [0x00000000d5580000, 0x00000000d6600000, 0x0000000100000000)
  eden space 13312K, 100% used [0x00000000d5580000,0x00000000d6280000,0x00000000d6280000)
  from space 1536K, 70% used [0x00000000d6380000,0x00000000d648e510,0x00000000d6500000)
  to   space 1024K, 0% used [0x00000000d6500000,0x00000000d6500000,0x00000000d6600000)
 ParOldGen       total 245760K, used 245484K [0x0000000080000000, 0x000000008f000000, 0x00000000d5580000)
  object space 245760K, 99% used [0x0000000080000000,0x000000008efbb0a8,0x000000008f000000)
 Metaspace       used 57961K, committed 59456K, reserved 1114112K
  class space    used 6217K, committed 6848K, reserved 1048576K
}
Event: 76.563 GC heap after
{Heap after GC invocations=462 (full 2):
 PSYoungGen      total 14336K, used 719K [0x00000000d5580000, 0x00000000d6600000, 0x0000000100000000)
  eden space 13312K, 0% used [0x00000000d5580000,0x00000000d5580000,0x00000000d6280000)
  from space 1024K, 70% used [0x00000000d6500000,0x00000000d65b3f30,0x00000000d6600000)
  to   space 1024K, 0% used [0x00000000d6400000,0x00000000d6400000,0x00000000d6500000)
 ParOldGen       total 245760K, used 245628K [0x0000000080000000, 0x000000008f000000, 0x00000000d5580000)
  object space 245760K, 99% used [0x0000000080000000,0x000000008efdf0a8,0x000000008f000000)
 Metaspace       used 57961K, committed 59456K, reserved 1114112K
  class space    used 6217K, committed 6848K, reserved 1048576K
}
Event: 76.573 GC heap before
{Heap before GC invocations=463 (full 2):
 PSYoungGen      total 14336K, used 14031K [0x00000000d5580000, 0x00000000d6600000, 0x0000000100000000)
  eden space 13312K, 100% used [0x00000000d5580000,0x00000000d6280000,0x00000000d6280000)
  from space 1024K, 70% used [0x00000000d6500000,0x00000000d65b3f30,0x00000000d6600000)
  to   space 1024K, 0% used [0x00000000d6400000,0x00000000d6400000,0x00000000d6500000)
 ParOldGen       total 245760K, used 245628K [0x0000000080000000, 0x000000008f000000, 0x00000000d5580000)
  object space 245760K, 99% used [0x0000000080000000,0x000000008efdf0a8,0x000000008f000000)
 Metaspace       used 57966K, committed 59456K, reserved 1114112K
  class space    used 6217K, committed 6848K, reserved 1048576K
}
Event: 76.575 GC heap after
{Heap after GC invocations=463 (full 2):
 PSYoungGen      total 14336K, used 523K [0x00000000d5580000, 0x00000000d6580000, 0x0000000100000000)
  eden space 13312K, 0% used [0x00000000d5580000,0x00000000d5580000,0x00000000d6280000)
  from space 1024K, 51% used [0x00000000d6400000,0x00000000d6482e18,0x00000000d6500000)
  to   space 512K, 0% used [0x00000000d6500000,0x00000000d6500000,0x00000000d6580000)
 ParOldGen       total 246272K, used 245915K [0x0000000080000000, 0x000000008f080000, 0x00000000d5580000)
  object space 246272K, 99% used [0x0000000080000000,0x000000008f026ee8,0x000000008f080000)
 Metaspace       used 57966K, committed 59456K, reserved 1114112K
  class space    used 6217K, committed 6848K, reserved 1048576K
}
Event: 76.593 GC heap before
{Heap before GC invocations=464 (full 2):
 PSYoungGen      total 14336K, used 13835K [0x00000000d5580000, 0x00000000d6580000, 0x0000000100000000)
  eden space 13312K, 99% used [0x00000000d5580000,0x00000000d627fff0,0x00000000d6280000)
  from space 1024K, 51% used [0x00000000d6400000,0x00000000d6482e18,0x00000000d6500000)
  to   space 512K, 0% used [0x00000000d6500000,0x00000000d6500000,0x00000000d6580000)
 ParOldGen       total 246272K, used 245915K [0x0000000080000000, 0x000000008f080000, 0x00000000d5580000)
  object space 246272K, 99% used [0x0000000080000000,0x000000008f026ee8,0x000000008f080000)
 Metaspace       used 57970K, committed 59456K, reserved 1114112K
  class space    used 6217K, committed 6848K, reserved 1048576K
}
Event: 76.598 GC heap after
{Heap after GC invocations=464 (full 2):
 PSYoungGen      total 13824K, used 512K [0x00000000d5580000, 0x00000000d6680000, 0x0000000100000000)
  eden space 13312K, 0% used [0x00000000d5580000,0x00000000d5580000,0x00000000d6280000)
  from space 512K, 100% used [0x00000000d6500000,0x00000000d6580000,0x00000000d6580000)
  to   space 2048K, 0% used [0x00000000d6280000,0x00000000d6280000,0x00000000d6480000)
 ParOldGen       total 247296K, used 247104K [0x0000000080000000, 0x000000008f180000, 0x00000000d5580000)
  object space 247296K, 99% used [0x0000000080000000,0x000000008f150298,0x000000008f180000)
 Metaspace       used 57970K, committed 59456K, reserved 1114112K
  class space    used 6217K, committed 6848K, reserved 1048576K
}
Event: 76.624 GC heap before
{Heap before GC invocations=465 (full 2):
 PSYoungGen      total 13824K, used 13824K [0x00000000d5580000, 0x00000000d6680000, 0x0000000100000000)
  eden space 13312K, 100% used [0x00000000d5580000,0x00000000d6280000,0x00000000d6280000)
  from space 512K, 100% used [0x00000000d6500000,0x00000000d6580000,0x00000000d6580000)
  to   space 2048K, 0% used [0x00000000d6280000,0x00000000d6280000,0x00000000d6480000)
 ParOldGen       total 247296K, used 247104K [0x0000000080000000, 0x000000008f180000, 0x00000000d5580000)
  object space 247296K, 99% used [0x0000000080000000,0x000000008f150298,0x000000008f180000)
 Metaspace       used 57976K, committed 59456K, reserved 1114112K
  class space    used 6217K, committed 6848K, reserved 1048576K
}
Event: 76.631 GC heap after
{Heap after GC invocations=465 (full 2):
 PSYoungGen      total 15360K, used 2019K [0x00000000d5580000, 0x00000000d6d80000, 0x0000000100000000)
  eden space 13312K, 0% used [0x00000000d5580000,0x00000000d5580000,0x00000000d6280000)
  from space 2048K, 98% used [0x00000000d6280000,0x00000000d6478e70,0x00000000d6480000)
  to   space 5632K, 0% used [0x00000000d6800000,0x00000000d6800000,0x00000000d6d80000)
 ParOldGen       total 250368K, used 249924K [0x0000000080000000, 0x000000008f480000, 0x00000000d5580000)
  object space 250368K, 99% used [0x0000000080000000,0x000000008f411240,0x000000008f480000)
 Metaspace       used 57976K, committed 59456K, reserved 1114112K
  class space    used 6217K, committed 6848K, reserved 1048576K
}
Event: 76.662 GC heap before
{Heap before GC invocations=466 (full 2):
 PSYoungGen      total 15360K, used 15331K [0x00000000d5580000, 0x00000000d6d80000, 0x0000000100000000)
  eden space 13312K, 100% used [0x00000000d5580000,0x00000000d6280000,0x00000000d6280000)
  from space 2048K, 98% used [0x00000000d6280000,0x00000000d6478e70,0x00000000d6480000)
  to   space 5632K, 0% used [0x00000000d6800000,0x00000000d6800000,0x00000000d6d80000)
 ParOldGen       total 250368K, used 249924K [0x0000000080000000, 0x000000008f480000, 0x00000000d5580000)
  object space 250368K, 99% used [0x0000000080000000,0x000000008f411240,0x000000008f480000)
 Metaspace       used 57979K, committed 59456K, reserved 1114112K
  class space    used 6217K, committed 6848K, reserved 1048576K
}
Event: 76.671 GC heap after
{Heap after GC invocations=466 (full 2):
 PSYoungGen      total 17920K, used 4494K [0x00000000d5580000, 0x00000000d6c80000, 0x0000000100000000)
  eden space 13312K, 0% used [0x00000000d5580000,0x00000000d5580000,0x00000000d6280000)
  from space 4608K, 97% used [0x00000000d6800000,0x00000000d6c63af0,0x00000000d6c80000)
  to   space 4608K, 0% used [0x00000000d6380000,0x00000000d6380000,0x00000000d6800000)
 ParOldGen       total 252416K, used 251920K [0x0000000080000000, 0x000000008f680000, 0x00000000d5580000)
  object space 252416K, 99% used [0x0000000080000000,0x000000008f604090,0x000000008f680000)
 Metaspace       used 57979K, committed 59456K, reserved 1114112K
  class space    used 6217K, committed 6848K, reserved 1048576K
}
Event: 76.701 GC heap before
{Heap before GC invocations=467 (full 2):
 PSYoungGen      total 17920K, used 17806K [0x00000000d5580000, 0x00000000d6c80000, 0x0000000100000000)
  eden space 13312K, 100% used [0x00000000d5580000,0x00000000d6280000,0x00000000d6280000)
  from space 4608K, 97% used [0x00000000d6800000,0x00000000d6c63af0,0x00000000d6c80000)
  to   space 4608K, 0% used [0x00000000d6380000,0x00000000d6380000,0x00000000d6800000)
 ParOldGen       total 252416K, used 251920K [0x0000000080000000, 0x000000008f680000, 0x00000000d5580000)
  object space 252416K, 99% used [0x0000000080000000,0x000000008f604090,0x000000008f680000)
 Metaspace       used 57979K, committed 59456K, reserved 1114112K
  class space    used 6217K, committed 6848K, reserved 1048576K
}
Event: 76.710 GC heap after
{Heap after GC invocations=467 (full 2):
 PSYoungGen      total 17920K, used 4470K [0x00000000d5580000, 0x00000000d6b80000, 0x0000000100000000)
  eden space 13312K, 0% used [0x00000000d5580000,0x00000000d5580000,0x00000000d6280000)
  from space 4608K, 97% used [0x00000000d6380000,0x00000000d67dda70,0x00000000d6800000)
  to   space 3584K, 0% used [0x00000000d6800000,0x00000000d6800000,0x00000000d6b80000)
 ParOldGen       total 255488K, used 255368K [0x0000000080000000, 0x000000008f980000, 0x00000000d5580000)
  object space 255488K, 99% used [0x0000000080000000,0x000000008f9620d0,0x000000008f980000)
 Metaspace       used 57979K, committed 59456K, reserved 1114112K
  class space    used 6217K, committed 6848K, reserved 1048576K
}
Event: 76.733 GC heap before
{Heap before GC invocations=468 (full 2):
 PSYoungGen      total 17920K, used 17782K [0x00000000d5580000, 0x00000000d6b80000, 0x0000000100000000)
  eden space 13312K, 100% used [0x00000000d5580000,0x00000000d6280000,0x00000000d6280000)
  from space 4608K, 97% used [0x00000000d6380000,0x00000000d67dda70,0x00000000d6800000)
  to   space 3584K, 0% used [0x00000000d6800000,0x00000000d6800000,0x00000000d6b80000)
 ParOldGen       total 255488K, used 255368K [0x0000000080000000, 0x000000008f980000, 0x00000000d5580000)
  object space 255488K, 99% used [0x0000000080000000,0x000000008f9620d0,0x000000008f980000)
 Metaspace       used 57982K, committed 59456K, reserved 1114112K
  class space    used 6217K, committed 6848K, reserved 1048576K
}
Event: 76.742 GC heap after
{Heap after GC invocations=468 (full 2):
 PSYoungGen      total 14336K, used 3561K [0x00000000d5580000, 0x00000000d7580000, 0x0000000100000000)
  eden space 10752K, 0% used [0x00000000d5580000,0x00000000d5580000,0x00000000d6000000)
  from space 3584K, 99% used [0x00000000d6800000,0x00000000d6b7a7a8,0x00000000d6b80000)
  to   space 8192K, 0% used [0x00000000d6000000,0x00000000d6000000,0x00000000d6800000)
 ParOldGen       total 259584K, used 259269K [0x0000000080000000, 0x000000008fd80000, 0x00000000d5580000)
  object space 259584K, 99% used [0x0000000080000000,0x000000008fd31620,0x000000008fd80000)
 Metaspace       used 57982K, committed 59456K, reserved 1114112K
  class space    used 6217K, committed 6848K, reserved 1048576K
}
Event: 76.778 GC heap before
{Heap before GC invocations=469 (full 2):
 PSYoungGen      total 14336K, used 14313K [0x00000000d5580000, 0x00000000d7580000, 0x0000000100000000)
  eden space 10752K, 99% used [0x00000000d5580000,0x00000000d5ffffd8,0x00000000d6000000)
  from space 3584K, 99% used [0x00000000d6800000,0x00000000d6b7a7a8,0x00000000d6b80000)
  to   space 8192K, 0% used [0x00000000d6000000,0x00000000d6000000,0x00000000d6800000)
 ParOldGen       total 259584K, used 259269K [0x0000000080000000, 0x000000008fd80000, 0x00000000d5580000)
  object space 259584K, 99% used [0x0000000080000000,0x000000008fd31620,0x000000008fd80000)
 Metaspace       used 57986K, committed 59456K, reserved 1114112K
  class space    used 6217K, committed 6848K, reserved 1048576K
}
Event: 76.785 GC heap after
{Heap after GC invocations=469 (full 2):
 PSYoungGen      total 12288K, used 1490K [0x00000000d5580000, 0x00000000d6880000, 0x0000000100000000)
  eden space 10752K, 0% used [0x00000000d5580000,0x00000000d5580000,0x00000000d6000000)
  from space 1536K, 97% used [0x00000000d6000000,0x00000000d6174b90,0x00000000d6180000)
  to   space 4096K, 0% used [0x00000000d6480000,0x00000000d6480000,0x00000000d6880000)
 ParOldGen       total 262144K, used 261849K [0x0000000080000000, 0x0000000090000000, 0x00000000d5580000)
  object space 262144K, 99% used [0x0000000080000000,0x000000008ffb65e8,0x0000000090000000)
 Metaspace       used 57986K, committed 59456K, reserved 1114112K
  class space    used 6217K, committed 6848K, reserved 1048576K
}
Event: 76.879 GC heap before
{Heap before GC invocations=470 (full 2):
 PSYoungGen      total 12288K, used 6402K [0x00000000d5580000, 0x00000000d6880000, 0x0000000100000000)
  eden space 10752K, 45% used [0x00000000d5580000,0x00000000d5a4bd90,0x00000000d6000000)
  from space 1536K, 97% used [0x00000000d6000000,0x00000000d6174b90,0x00000000d6180000)
  to   space 4096K, 0% used [0x00000000d6480000,0x00000000d6480000,0x00000000d6880000)
 ParOldGen       total 262144K, used 261849K [0x0000000080000000, 0x0000000090000000, 0x00000000d5580000)
  object space 262144K, 99% used [0x0000000080000000,0x000000008ffb65e8,0x0000000090000000)
 Metaspace       used 58363K, committed 59776K, reserved 1114112K
  class space    used 6245K, committed 6848K, reserved 1048576K
}
Event: 76.882 GC heap after
{Heap after GC invocations=470 (full 2):
 PSYoungGen      total 11264K, used 192K [0x00000000d5580000, 0x00000000d6500000, 0x0000000100000000)
  eden space 10752K, 0% used [0x00000000d5580000,0x00000000d5580000,0x00000000d6000000)
  from space 512K, 37% used [0x00000000d6480000,0x00000000d64b0000,0x00000000d6500000)
  to   space 1536K, 0% used [0x00000000d6200000,0x00000000d6200000,0x00000000d6380000)
 ParOldGen       total 262656K, used 262273K [0x0000000080000000, 0x0000000090080000, 0x00000000d5580000)
  object space 262656K, 99% used [0x0000000080000000,0x00000000900205e8,0x0000000090080000)
 Metaspace       used 58363K, committed 59776K, reserved 1114112K
  class space    used 6245K, committed 6848K, reserved 1048576K
}
Event: 76.882 GC heap before
{Heap before GC invocations=471 (full 3):
 PSYoungGen      total 11264K, used 192K [0x00000000d5580000, 0x00000000d6500000, 0x0000000100000000)
  eden space 10752K, 0% used [0x00000000d5580000,0x00000000d5580000,0x00000000d6000000)
  from space 512K, 37% used [0x00000000d6480000,0x00000000d64b0000,0x00000000d6500000)
  to   space 1536K, 0% used [0x00000000d6200000,0x00000000d6200000,0x00000000d6380000)
 ParOldGen       total 262656K, used 262273K [0x0000000080000000, 0x0000000090080000, 0x00000000d5580000)
  object space 262656K, 99% used [0x0000000080000000,0x00000000900205e8,0x0000000090080000)
 Metaspace       used 58363K, committed 59776K, reserved 1114112K
  class space    used 6245K, committed 6848K, reserved 1048576K
}
Event: 77.140 GC heap after
{Heap after GC invocations=471 (full 3):
 PSYoungGen      total 11264K, used 0K [0x00000000d5580000, 0x00000000d6500000, 0x0000000100000000)
  eden space 10752K, 0% used [0x00000000d5580000,0x00000000d5580000,0x00000000d6000000)
  from space 512K, 0% used [0x00000000d6480000,0x00000000d6480000,0x00000000d6500000)
  to   space 1536K, 0% used [0x00000000d6200000,0x00000000d6200000,0x00000000d6380000)
 ParOldGen       total 262656K, used 71057K [0x0000000080000000, 0x0000000090080000, 0x00000000d5580000)
  object space 262656K, 27% used [0x0000000080000000,0x0000000084564748,0x0000000090080000)
 Metaspace       used 58311K, committed 59776K, reserved 1114112K
  class space    used 6230K, committed 6848K, reserved 1048576K
}

Dll operation events (10 events):
Event: 0.031 Loaded shared library c:\Users\gigabyte\.vscode\extensions\redhat.java-1.46.0-win32-x64\jre\21.0.8-win32-x86_64\bin\java.dll
Event: 0.357 Loaded shared library c:\Users\gigabyte\.vscode\extensions\redhat.java-1.46.0-win32-x64\jre\21.0.8-win32-x86_64\bin\zip.dll
Event: 0.414 Loaded shared library C:\Users\gigabyte\.vscode\extensions\redhat.java-1.46.0-win32-x64\jre\21.0.8-win32-x86_64\bin\instrument.dll
Event: 0.425 Loaded shared library C:\Users\gigabyte\.vscode\extensions\redhat.java-1.46.0-win32-x64\jre\21.0.8-win32-x86_64\bin\net.dll
Event: 0.430 Loaded shared library C:\Users\gigabyte\.vscode\extensions\redhat.java-1.46.0-win32-x64\jre\21.0.8-win32-x86_64\bin\nio.dll
Event: 0.438 Loaded shared library C:\Users\gigabyte\.vscode\extensions\redhat.java-1.46.0-win32-x64\jre\21.0.8-win32-x86_64\bin\zip.dll
Event: 0.488 Loaded shared library C:\Users\gigabyte\.vscode\extensions\redhat.java-1.46.0-win32-x64\jre\21.0.8-win32-x86_64\bin\jimage.dll
Event: 0.653 Loaded shared library c:\Users\gigabyte\.vscode\extensions\redhat.java-1.46.0-win32-x64\jre\21.0.8-win32-x86_64\bin\verify.dll
Event: 4.246 Loaded shared library C:\Users\gigabyte\AppData\Roaming\Code\User\globalStorage\redhat.java\1.46.0\config_win\org.eclipse.equinox.launcher\org.eclipse.equinox.launcher.win32.win32.x86_64_1.2.1400.v20250801-0854\eclipse_11916.dll
Event: 13.282 Loaded shared library C:\Users\gigabyte\AppData\Local\Temp\jna-860867652\jna5655483417512568474.dll

Deoptimization events (20 events):
Event: 76.710 Thread 0x00000263db45cad0 DEOPT PACKING pc=0x00000263813bf8f4 sp=0x0000009d510fcd50
Event: 76.710 Thread 0x00000263db45cad0 DEOPT UNPACKING pc=0x0000026387584242 sp=0x0000009d510fc1c8 mode 0
Event: 76.716 Thread 0x00000263dc186e00 DEOPT PACKING pc=0x00000263815e8e54 sp=0x0000009d4f1fa350
Event: 76.716 Thread 0x00000263dc186e00 DEOPT UNPACKING pc=0x0000026387584242 sp=0x0000009d4f1f9a60 mode 0
Event: 76.723 Thread 0x00000263db45cad0 DEOPT PACKING pc=0x00000263813bf8f4 sp=0x0000009d510fd370
Event: 76.723 Thread 0x00000263db45cad0 DEOPT UNPACKING pc=0x0000026387584242 sp=0x0000009d510fc7e8 mode 0
Event: 76.724 Thread 0x00000263ddb61d60 DEOPT PACKING pc=0x00000263813d6ce3 sp=0x0000009d50ffd770
Event: 76.724 Thread 0x00000263ddb61d60 DEOPT UNPACKING pc=0x0000026387584242 sp=0x0000009d50ffce30 mode 0
Event: 76.727 Thread 0x00000263ddb61d60 DEOPT PACKING pc=0x00000263813bf8f4 sp=0x0000009d50ffd400
Event: 76.728 Thread 0x00000263ddb61d60 DEOPT UNPACKING pc=0x0000026387584242 sp=0x0000009d50ffc878 mode 0
Event: 76.728 Thread 0x00000263ddb5e250 DEOPT PACKING pc=0x00000263813d6ce3 sp=0x0000009d50afd860
Event: 76.728 Thread 0x00000263ddb5e250 DEOPT UNPACKING pc=0x0000026387584242 sp=0x0000009d50afcf20 mode 0
Event: 76.730 Thread 0x00000263ddb5f600 DEOPT PACKING pc=0x00000263813bf8f4 sp=0x0000009d507fcdf0
Event: 76.730 Thread 0x00000263ddb5f600 DEOPT UNPACKING pc=0x0000026387584242 sp=0x0000009d507fc268 mode 0
Event: 76.749 Thread 0x00000263ddb61d60 DEOPT PACKING pc=0x00000263813bf8f4 sp=0x0000009d50ffd6b0
Event: 76.749 Thread 0x00000263ddb61d60 DEOPT UNPACKING pc=0x0000026387584242 sp=0x0000009d50ffcb28 mode 0
Event: 76.750 Thread 0x00000263ddb644c0 DEOPT PACKING pc=0x00000263813d6c25 sp=0x0000009d508fd860
Event: 76.750 Thread 0x00000263ddb644c0 DEOPT UNPACKING pc=0x0000026387584242 sp=0x0000009d508fcf20 mode 0
Event: 76.755 Thread 0x00000263ddb5f600 DEOPT PACKING pc=0x00000263813bf8f4 sp=0x0000009d507fd6f0
Event: 76.755 Thread 0x00000263ddb5f600 DEOPT UNPACKING pc=0x0000026387584242 sp=0x0000009d507fcb68 mode 0

Classes loaded (20 events):
Event: 73.004 Loading class java/util/regex/Pattern$Caret
Event: 73.004 Loading class java/util/regex/Pattern$Caret done
Event: 73.261 Loading class java/util/stream/ReduceOps$4
Event: 73.261 Loading class java/util/stream/ReduceOps$4 done
Event: 73.262 Loading class java/util/stream/ReduceOps$4ReducingSink
Event: 73.262 Loading class java/util/stream/ReduceOps$4ReducingSink done
Event: 73.266 Loading class java/nio/file/Files$2
Event: 73.266 Loading class java/nio/file/Files$2 done
Event: 73.980 Loading class java/util/Hashtable$ValueCollection
Event: 73.981 Loading class java/util/Hashtable$ValueCollection done
Event: 77.328 Loading class java/util/stream/ReferencePipeline$4
Event: 77.328 Loading class java/util/stream/ReferencePipeline$4 done
Event: 77.330 Loading class java/util/stream/Nodes$IntFixedNodeBuilder
Event: 77.332 Loading class java/util/stream/Node$Builder$OfInt
Event: 77.333 Loading class java/util/stream/Node$Builder$OfInt done
Event: 77.333 Loading class java/util/stream/Nodes$IntArrayNode
Event: 77.333 Loading class java/util/stream/Nodes$IntArrayNode done
Event: 77.333 Loading class java/util/stream/Nodes$IntFixedNodeBuilder done
Event: 77.333 Loading class java/util/stream/ReferencePipeline$4$1
Event: 77.334 Loading class java/util/stream/ReferencePipeline$4$1 done

Classes unloaded (20 events):
Event: 76.913 Thread 0x0000026393897170 Unloading class 0x00000263956aa000 'java/lang/invoke/LambdaForm$MH+0x00000263956aa000'
Event: 76.913 Thread 0x0000026393897170 Unloading class 0x00000263956a9c00 'java/lang/invoke/LambdaForm$MH+0x00000263956a9c00'
Event: 76.913 Thread 0x0000026393897170 Unloading class 0x00000263956a9800 'java/lang/invoke/LambdaForm$MH+0x00000263956a9800'
Event: 76.913 Thread 0x0000026393897170 Unloading class 0x00000263956a9400 'java/lang/invoke/LambdaForm$MH+0x00000263956a9400'
Event: 76.913 Thread 0x0000026393897170 Unloading class 0x00000263956a8c00 'java/lang/invoke/LambdaForm$MH+0x00000263956a8c00'
Event: 76.913 Thread 0x0000026393897170 Unloading class 0x00000263956a8800 'java/lang/invoke/LambdaForm$MH+0x00000263956a8800'
Event: 76.913 Thread 0x0000026393897170 Unloading class 0x00000263956a8000 'java/lang/invoke/LambdaForm$MH+0x00000263956a8000'
Event: 76.913 Thread 0x0000026393897170 Unloading class 0x00000263956a8400 'java/lang/invoke/LambdaForm$MH+0x00000263956a8400'
Event: 76.913 Thread 0x0000026393897170 Unloading class 0x0000026395699800 'java/lang/invoke/LambdaForm$DMH+0x0000026395699800'
Event: 76.913 Thread 0x0000026393897170 Unloading class 0x0000026395698c00 'java/lang/invoke/LambdaForm$MH+0x0000026395698c00'
Event: 76.913 Thread 0x0000026393897170 Unloading class 0x0000026395698800 'java/lang/invoke/LambdaForm$MH+0x0000026395698800'
Event: 76.913 Thread 0x0000026393897170 Unloading class 0x0000026395698000 'java/lang/invoke/LambdaForm$MH+0x0000026395698000'
Event: 76.913 Thread 0x0000026393897170 Unloading class 0x0000026395695400 'java/lang/invoke/LambdaForm$DMH+0x0000026395695400'
Event: 76.913 Thread 0x0000026393897170 Unloading class 0x0000026395695000 'java/lang/invoke/LambdaForm$DMH+0x0000026395695000'
Event: 76.913 Thread 0x0000026393897170 Unloading class 0x0000026395694800 'java/lang/invoke/LambdaForm$DMH+0x0000026395694800'
Event: 76.913 Thread 0x0000026393897170 Unloading class 0x0000026395694c00 'java/lang/invoke/LambdaForm$DMH+0x0000026395694c00'
Event: 76.913 Thread 0x0000026393897170 Unloading class 0x0000026395694000 'java/lang/invoke/LambdaForm$DMH+0x0000026395694000'
Event: 76.913 Thread 0x0000026393897170 Unloading class 0x000002639568c800 'java/lang/invoke/LambdaForm$MH+0x000002639568c800'
Event: 76.913 Thread 0x0000026393897170 Unloading class 0x000002639568c400 'java/lang/invoke/LambdaForm$MH+0x000002639568c400'
Event: 76.913 Thread 0x0000026393897170 Unloading class 0x000002639568c000 'java/lang/invoke/LambdaForm$MH+0x000002639568c000'

Classes redefined (0 events):
No events

Internal exceptions (20 events):
Event: 73.694 Thread 0x00000263dc186e00 Exception <a 'sun/nio/fs/WindowsException'{0x00000000d5cf1dc0}> (0x00000000d5cf1dc0) 
thrown [s\src\hotspot\share\prims\jni.cpp, line 520]
Event: 73.695 Thread 0x00000263dc186e00 Exception <a 'sun/nio/fs/WindowsException'{0x00000000d5cf3780}> (0x00000000d5cf3780) 
thrown [s\src\hotspot\share\prims\jni.cpp, line 520]
Event: 73.695 Thread 0x00000263dc186e00 Exception <a 'sun/nio/fs/WindowsException'{0x00000000d5cf4050}> (0x00000000d5cf4050) 
thrown [s\src\hotspot\share\prims\jni.cpp, line 520]
Event: 73.696 Thread 0x00000263ddb5e250 Exception <a 'java/lang/LinkageError'{0x00000000d5d31d50}: loader lombok.launch.ShadowClassLoader @77003959 attempted duplicate class definition for lombok.launch.PatchFixesHider$ExtensionMethod. (lombok.launch.PatchFixesHider$ExtensionMethod is in unnamed module of loader lombok.launch.ShadowClassLoader @77003959, parent loader org.eclipse.osgi.internal.loader.EquinoxClassLoader @2bddc2ab)> (0x00000000d5d31d50) 
thrown [s\src\hotspot\share\classfile\systemDictionary.cpp, line 1682]
Event: 73.704 Thread 0x00000263ddb61d60 Exception <a 'java/lang/LinkageError'{0x00000000d5d4d6c8}: loader lombok.launch.ShadowClassLoader @77003959 attempted duplicate class definition for lombok.launch.PatchFixesHider$ExtensionMethod. (lombok.launch.PatchFixesHider$ExtensionMethod is in unnamed module of loader lombok.launch.ShadowClassLoader @77003959, parent loader org.eclipse.osgi.internal.loader.EquinoxClassLoader @2bddc2ab)> (0x00000000d5d4d6c8) 
thrown [s\src\hotspot\share\classfile\systemDictionary.cpp, line 1682]
Event: 73.707 Thread 0x00000263ddb5e8e0 Exception <a 'java/lang/LinkageError'{0x00000000d5f588d8}: loader lombok.launch.ShadowClassLoader @77003959 attempted duplicate class definition for lombok.launch.PatchFixesHider$ExtensionMethod. (lombok.launch.PatchFixesHider$ExtensionMethod is in unnamed module of loader lombok.launch.ShadowClassLoader @77003959, parent loader org.eclipse.osgi.internal.loader.EquinoxClassLoader @2bddc2ab)> (0x00000000d5f588d8) 
thrown [s\src\hotspot\share\classfile\systemDictionary.cpp, line 1682]
Event: 73.708 Thread 0x00000263ddb5f600 Exception <a 'java/lang/LinkageError'{0x00000000d5f79138}: loader lombok.launch.ShadowClassLoader @77003959 attempted duplicate class definition for lombok.launch.PatchFixesHider$ExtensionMethod. (lombok.launch.PatchFixesHider$ExtensionMethod is in unnamed module of loader lombok.launch.ShadowClassLoader @77003959, parent loader org.eclipse.osgi.internal.loader.EquinoxClassLoader @2bddc2ab)> (0x00000000d5f79138) 
thrown [s\src\hotspot\share\classfile\systemDictionary.cpp, line 1682]
Event: 73.708 Thread 0x00000263ddb644c0 Exception <a 'java/lang/LinkageError'{0x00000000d5f7f798}: loader lombok.launch.ShadowClassLoader @77003959 attempted duplicate class definition for lombok.launch.PatchFixesHider$ExtensionMethod. (lombok.launch.PatchFixesHider$ExtensionMethod is in unnamed module of loader lombok.launch.ShadowClassLoader @77003959, parent loader org.eclipse.osgi.internal.loader.EquinoxClassLoader @2bddc2ab)> (0x00000000d5f7f798) 
thrown [s\src\hotspot\share\classfile\systemDictionary.cpp, line 1682]
Event: 73.750 Thread 0x00000263ddb61d60 Implicit null exception at 0x000002638806bcbb to 0x000002638806c9a4
Event: 73.750 Thread 0x00000263ddb5e250 Implicit null exception at 0x000002638806bcbb to 0x000002638806c9a4
Event: 73.750 Thread 0x00000263db45cad0 Implicit null exception at 0x000002638806f7d4 to 0x0000026388070334
Event: 75.483 Thread 0x00000263dc186e00 Exception <a 'sun/nio/fs/WindowsException'{0x00000000d5af3888}> (0x00000000d5af3888) 
thrown [s\src\hotspot\share\prims\jni.cpp, line 520]
Event: 75.483 Thread 0x00000263dc186e00 Exception <a 'sun/nio/fs/WindowsException'{0x00000000d5af4158}> (0x00000000d5af4158) 
thrown [s\src\hotspot\share\prims\jni.cpp, line 520]
Event: 75.484 Thread 0x00000263dc186e00 Exception <a 'sun/nio/fs/WindowsException'{0x00000000d5af51f0}> (0x00000000d5af51f0) 
thrown [s\src\hotspot\share\prims\jni.cpp, line 520]
Event: 75.484 Thread 0x00000263dc186e00 Exception <a 'sun/nio/fs/WindowsException'{0x00000000d5af5ac0}> (0x00000000d5af5ac0) 
thrown [s\src\hotspot\share\prims\jni.cpp, line 520]
Event: 75.486 Thread 0x00000263dc186e00 Exception <a 'sun/nio/fs/WindowsException'{0x00000000d5bb9908}> (0x00000000d5bb9908) 
thrown [s\src\hotspot\share\prims\jni.cpp, line 520]
Event: 75.486 Thread 0x00000263dc186e00 Exception <a 'sun/nio/fs/WindowsException'{0x00000000d5bba1d8}> (0x00000000d5bba1d8) 
thrown [s\src\hotspot\share\prims\jni.cpp, line 520]
Event: 76.259 Thread 0x00000263dc186e00 Exception <a 'java/lang/NoSuchMethodError'{0x00000000d573b908}: 'java.lang.Object java.lang.invoke.DirectMethodHandle$Holder.invokeSpecial(java.lang.Object, java.lang.Object, int, long)'> (0x00000000d573b908) 
thrown [s\src\hotspot\share\interpreter\linkResolver.cpp, line 773]
Event: 76.347 Thread 0x00000263dc186e00 Exception <a 'java/lang/NoSuchMethodError'{0x00000000d56d0178}: 'java.lang.Object java.lang.invoke.DirectMethodHandle$Holder.invokeStatic(java.lang.Object, java.lang.Object, int, java.lang.Object)'> (0x00000000d56d0178) 
thrown [s\src\hotspot\share\interpreter\linkResolver.cpp, line 773]
Event: 76.349 Thread 0x00000263dc186e00 Exception <a 'java/lang/NoSuchMethodError'{0x00000000d5b3fba0}: 'java.lang.Object java.lang.invoke.DirectMethodHandle$Holder.newInvokeSpecial(java.lang.Object, java.lang.Object, int)'> (0x00000000d5b3fba0) 
thrown [s\src\hotspot\share\interpreter\linkResolver.cpp, line 773]

ZGC Phase Switch (0 events):
No events

VM Operations (20 events):
Event: 76.573 Executing VM operation: ParallelGCFailedAllocation (Allocation Failure)
Event: 76.575 Executing VM operation: ParallelGCFailedAllocation (Allocation Failure) done
Event: 76.593 Executing VM operation: ParallelGCFailedAllocation (Allocation Failure)
Event: 76.598 Executing VM operation: ParallelGCFailedAllocation (Allocation Failure) done
Event: 76.624 Executing VM operation: ParallelGCFailedAllocation (Allocation Failure)
Event: 76.631 Executing VM operation: ParallelGCFailedAllocation (Allocation Failure) done
Event: 76.662 Executing VM operation: ParallelGCFailedAllocation (Allocation Failure)
Event: 76.671 Executing VM operation: ParallelGCFailedAllocation (Allocation Failure) done
Event: 76.701 Executing VM operation: ParallelGCFailedAllocation (Allocation Failure)
Event: 76.710 Executing VM operation: ParallelGCFailedAllocation (Allocation Failure) done
Event: 76.733 Executing VM operation: ParallelGCFailedAllocation (Allocation Failure)
Event: 76.742 Executing VM operation: ParallelGCFailedAllocation (Allocation Failure) done
Event: 76.767 Executing VM operation: ParallelGCFailedAllocation (Allocation Failure)
Event: 76.785 Executing VM operation: ParallelGCFailedAllocation (Allocation Failure) done
Event: 76.878 Executing VM operation: CollectForMetadataAllocation (Metadata GC Threshold)
Event: 77.140 Executing VM operation: CollectForMetadataAllocation (Metadata GC Threshold) done
Event: 77.378 Executing VM operation: HandshakeAllThreads (Deoptimize)
Event: 77.378 Executing VM operation: HandshakeAllThreads (Deoptimize) done
Event: 78.387 Executing VM operation: Cleanup
Event: 78.387 Executing VM operation: Cleanup done

Memory protections (0 events):
No events

Nmethod flushes (20 events):
Event: 76.983 Thread 0x0000026393897170 flushing  nmethod 0x00000263808d7e10
Event: 76.983 Thread 0x0000026393897170 flushing  nmethod 0x00000263808de310
Event: 76.983 Thread 0x0000026393897170 flushing  nmethod 0x00000263808df790
Event: 76.983 Thread 0x0000026393897170 flushing  nmethod 0x00000263808e6a10
Event: 76.983 Thread 0x0000026393897170 flushing  nmethod 0x00000263808e6e10
Event: 76.983 Thread 0x0000026393897170 flushing  nmethod 0x00000263808e7290
Event: 76.983 Thread 0x0000026393897170 flushing  nmethod 0x00000263808e7890
Event: 76.983 Thread 0x0000026393897170 flushing  nmethod 0x00000263808e7c90
Event: 76.983 Thread 0x0000026393897170 flushing  nmethod 0x00000263808e9210
Event: 76.983 Thread 0x0000026393897170 flushing  nmethod 0x00000263808e9810
Event: 76.983 Thread 0x0000026393897170 flushing  nmethod 0x00000263808e9d90
Event: 76.983 Thread 0x0000026393897170 flushing  nmethod 0x00000263808ec690
Event: 76.983 Thread 0x0000026393897170 flushing  nmethod 0x0000026380904490
Event: 76.983 Thread 0x0000026393897170 flushing  nmethod 0x000002638092f290
Event: 76.983 Thread 0x0000026393897170 flushing  nmethod 0x000002638093d010
Event: 76.983 Thread 0x0000026393897170 flushing  nmethod 0x000002638093d610
Event: 76.983 Thread 0x0000026393897170 flushing  nmethod 0x0000026380941a90
Event: 76.983 Thread 0x0000026393897170 flushing  nmethod 0x0000026380945690
Event: 76.983 Thread 0x0000026393897170 flushing  nmethod 0x0000026380963e10
Event: 76.983 Thread 0x0000026393897170 flushing  nmethod 0x0000026380987090

Events (20 events):
Event: 29.432 Thread 0x00000263fcdf1970 Thread added: 0x00000263ddb637a0
Event: 53.459 Thread 0x00000263dc1881b0 Thread added: 0x00000263ddb5f600
Event: 53.459 Thread 0x00000263ddb5f600 Thread added: 0x00000263ddb644c0
Event: 53.459 Thread 0x00000263dc1881b0 Thread added: 0x00000263ddb5dbc0
Event: 53.460 Thread 0x00000263ddb644c0 Thread added: 0x00000263ddb5e250
Event: 53.460 Thread 0x00000263ddb5dbc0 Thread added: 0x00000263ddb5e8e0
Event: 53.460 Thread 0x00000263dc1881b0 Thread added: 0x00000263ddb60320
Event: 53.461 Thread 0x00000263ddb5e250 Thread added: 0x00000263ddb61040
Event: 53.461 Thread 0x00000263ddb60320 Thread added: 0x00000263ddb616d0
Event: 53.461 Thread 0x00000263ddb5e8e0 Thread added: 0x00000263ddb61d60
Event: 53.461 Thread 0x00000263ddb61040 Thread added: 0x00000263db45cad0
Event: 53.462 Thread 0x00000263ddb61d60 Thread added: 0x00000263db461990
Event: 55.497 Thread 0x00000263fcea8480 Thread added: 0x00000263fcea54d0
Event: 55.953 Thread 0x00000263fcea54d0 Thread exited: 0x00000263fcea54d0
Event: 57.654 Thread 0x00000263fcea8480 Thread added: 0x00000263fcea7010
Event: 57.937 Thread 0x00000263fcea8480 Thread added: 0x00000263fcea7db0
Event: 62.947 Thread 0x00000263fcea7db0 Thread exited: 0x00000263fcea7db0
Event: 62.947 Thread 0x00000263fcea7010 Thread exited: 0x00000263fcea7010
Event: 64.280 Thread 0x00000263fcea8480 Thread added: 0x00000263fcea54d0
Event: 83.457 Thread 0x00000263fcea54d0 Thread exited: 0x00000263fcea54d0


Dynamic libraries:
0x00007ff632d80000 - 0x00007ff632d8e000 	c:\Users\gigabyte\.vscode\extensions\redhat.java-1.46.0-win32-x64\jre\21.0.8-win32-x86_64\bin\java.exe
0x00007ffa152d0000 - 0x00007ffa154e7000 	C:\Windows\SYSTEM32\ntdll.dll
0x00007ffa14a50000 - 0x00007ffa14b14000 	C:\Windows\System32\KERNEL32.DLL
0x00007ffa12810000 - 0x00007ffa12be2000 	C:\Windows\System32\KERNELBASE.dll
0x00007ffa126f0000 - 0x00007ffa12801000 	C:\Windows\System32\ucrtbase.dll
0x00007ff98c430000 - 0x00007ff98c448000 	c:\Users\gigabyte\.vscode\extensions\redhat.java-1.46.0-win32-x64\jre\21.0.8-win32-x86_64\bin\jli.dll
0x00007ffa150d0000 - 0x00007ffa15281000 	C:\Windows\System32\USER32.dll
0x00007ffa12bf0000 - 0x00007ffa12c16000 	C:\Windows\System32\win32u.dll
0x00007ffa12f60000 - 0x00007ffa12f89000 	C:\Windows\System32\GDI32.dll
0x00007ffa12d60000 - 0x00007ffa12e83000 	C:\Windows\System32\gdi32full.dll
0x00007ffa12ec0000 - 0x00007ffa12f5a000 	C:\Windows\System32\msvcp_win.dll
0x00007ff97c5d0000 - 0x00007ff97c5ee000 	c:\Users\gigabyte\.vscode\extensions\redhat.java-1.46.0-win32-x64\jre\21.0.8-win32-x86_64\bin\VCRUNTIME140.dll
0x00007ff9e37f0000 - 0x00007ff9e3a8b000 	C:\Windows\WinSxS\amd64_microsoft.windows.common-controls_6595b64144ccf1df_6.0.22621.5547_none_27104afb73855772\COMCTL32.dll
0x00007ffa15020000 - 0x00007ffa150c7000 	C:\Windows\System32\msvcrt.dll
0x00007ffa13bb0000 - 0x00007ffa13be1000 	C:\Windows\System32\IMM32.DLL
0x00007ff9cd810000 - 0x00007ff9cd81c000 	c:\Users\gigabyte\.vscode\extensions\redhat.java-1.46.0-win32-x64\jre\21.0.8-win32-x86_64\bin\vcruntime140_1.dll
0x00007ff971550000 - 0x00007ff9715dd000 	c:\Users\gigabyte\.vscode\extensions\redhat.java-1.46.0-win32-x64\jre\21.0.8-win32-x86_64\bin\msvcp140.dll
0x00007ff96fc20000 - 0x00007ff9709b7000 	c:\Users\gigabyte\.vscode\extensions\redhat.java-1.46.0-win32-x64\jre\21.0.8-win32-x86_64\bin\server\jvm.dll
0x00007ffa14130000 - 0x00007ffa141e1000 	C:\Windows\System32\ADVAPI32.dll
0x00007ffa13fa0000 - 0x00007ffa14048000 	C:\Windows\System32\sechost.dll
0x00007ffa12e90000 - 0x00007ffa12eb8000 	C:\Windows\System32\bcrypt.dll
0x00007ffa14dd0000 - 0x00007ffa14ee4000 	C:\Windows\System32\RPCRT4.dll
0x00007ffa14350000 - 0x00007ffa143c1000 	C:\Windows\System32\WS2_32.dll
0x00007ffa11200000 - 0x00007ffa1124d000 	C:\Windows\SYSTEM32\POWRPROF.dll
0x00007ffa0ad40000 - 0x00007ffa0ad74000 	C:\Windows\SYSTEM32\WINMM.dll
0x00007ffa04890000 - 0x00007ffa0489a000 	C:\Windows\SYSTEM32\VERSION.dll
0x00007ffa111e0000 - 0x00007ffa111f3000 	C:\Windows\SYSTEM32\UMPDC.dll
0x00007ffa114a0000 - 0x00007ffa114b8000 	C:\Windows\SYSTEM32\kernel.appcore.dll
0x00007ff9cd380000 - 0x00007ff9cd38a000 	c:\Users\gigabyte\.vscode\extensions\redhat.java-1.46.0-win32-x64\jre\21.0.8-win32-x86_64\bin\jimage.dll
0x00007ffa0ff90000 - 0x00007ffa101c3000 	C:\Windows\SYSTEM32\DBGHELP.DLL
0x00007ffa13c00000 - 0x00007ffa13f93000 	C:\Windows\System32\combase.dll
0x00007ffa14050000 - 0x00007ffa14127000 	C:\Windows\System32\OLEAUT32.dll
0x00007ffa01cd0000 - 0x00007ffa01d02000 	C:\Windows\SYSTEM32\dbgcore.DLL
0x00007ffa12530000 - 0x00007ffa125ab000 	C:\Windows\System32\bcryptPrimitives.dll
0x00007ffa0d080000 - 0x00007ffa0d08f000 	c:\Users\gigabyte\.vscode\extensions\redhat.java-1.46.0-win32-x64\jre\21.0.8-win32-x86_64\bin\instrument.dll
0x00007ff97c180000 - 0x00007ff97c19f000 	c:\Users\gigabyte\.vscode\extensions\redhat.java-1.46.0-win32-x64\jre\21.0.8-win32-x86_64\bin\java.dll
0x00007ffa13020000 - 0x00007ffa138c2000 	C:\Windows\System32\SHELL32.dll
0x00007ffa125b0000 - 0x00007ffa126ef000 	C:\Windows\System32\wintypes.dll
0x00007ffa102b0000 - 0x00007ffa10bcd000 	C:\Windows\SYSTEM32\windows.storage.dll
0x00007ffa14440000 - 0x00007ffa1454c000 	C:\Windows\System32\SHCORE.dll
0x00007ffa13b40000 - 0x00007ffa13ba9000 	C:\Windows\System32\shlwapi.dll
0x00007ffa122f0000 - 0x00007ffa1231b000 	C:\Windows\SYSTEM32\profapi.dll
0x00007ff971330000 - 0x00007ff971348000 	c:\Users\gigabyte\.vscode\extensions\redhat.java-1.46.0-win32-x64\jre\21.0.8-win32-x86_64\bin\zip.dll
0x00007ff9cd340000 - 0x00007ff9cd350000 	C:\Users\gigabyte\.vscode\extensions\redhat.java-1.46.0-win32-x64\jre\21.0.8-win32-x86_64\bin\net.dll
0x00007ffa0d3e0000 - 0x00007ffa0d50c000 	C:\Windows\SYSTEM32\WINHTTP.dll
0x00007ffa11920000 - 0x00007ffa11989000 	C:\Windows\system32\mswsock.dll
0x00007ff971310000 - 0x00007ff971326000 	C:\Users\gigabyte\.vscode\extensions\redhat.java-1.46.0-win32-x64\jre\21.0.8-win32-x86_64\bin\nio.dll
0x00007ffa04260000 - 0x00007ffa04270000 	c:\Users\gigabyte\.vscode\extensions\redhat.java-1.46.0-win32-x64\jre\21.0.8-win32-x86_64\bin\verify.dll
0x00007ff9ef600000 - 0x00007ff9ef644000 	C:\Users\gigabyte\AppData\Roaming\Code\User\globalStorage\redhat.java\1.46.0\config_win\org.eclipse.equinox.launcher\org.eclipse.equinox.launcher.win32.win32.x86_64_1.2.1400.v20250801-0854\eclipse_11916.dll
0x00007ffa138d0000 - 0x00007ffa13a70000 	C:\Windows\System32\ole32.dll
0x00007ffa11b90000 - 0x00007ffa11bab000 	C:\Windows\SYSTEM32\CRYPTSP.dll
0x00007ffa11400000 - 0x00007ffa11437000 	C:\Windows\system32\rsaenh.dll
0x00007ffa119f0000 - 0x00007ffa11a18000 	C:\Windows\SYSTEM32\USERENV.dll
0x00007ffa11bb0000 - 0x00007ffa11bbc000 	C:\Windows\SYSTEM32\CRYPTBASE.dll
0x00007ffa10ea0000 - 0x00007ffa10ecd000 	C:\Windows\SYSTEM32\IPHLPAPI.DLL
0x00007ffa13bf0000 - 0x00007ffa13bf9000 	C:\Windows\System32\NSI.dll
0x00007ff9e76f0000 - 0x00007ff9e7739000 	C:\Users\gigabyte\AppData\Local\Temp\jna-860867652\jna5655483417512568474.dll
0x00007ffa14da0000 - 0x00007ffa14da8000 	C:\Windows\System32\PSAPI.DLL
0x00007ffa0da50000 - 0x00007ffa0da69000 	C:\Windows\SYSTEM32\dhcpcsvc6.DLL
0x00007ffa0d5c0000 - 0x00007ffa0d5df000 	C:\Windows\SYSTEM32\dhcpcsvc.DLL

JVMTI agents:
c:\Users\gigabyte\.vscode\extensions\redhat.java-1.46.0-win32-x64\lombok\lombok-1.18.39-4050.jar path:c:\Users\gigabyte\.vscode\extensions\redhat.java-1.46.0-win32-x64\jre\21.0.8-win32-x86_64\bin\instrument.dll, loaded, initialized, instrumentlib options:none

dbghelp: loaded successfully - version: 4.0.5 - missing functions: none
symbol engine: initialized successfully - sym options: 0x614 - pdb path: .;c:\Users\gigabyte\.vscode\extensions\redhat.java-1.46.0-win32-x64\jre\21.0.8-win32-x86_64\bin;C:\Windows\SYSTEM32;C:\Windows\WinSxS\amd64_microsoft.windows.common-controls_6595b64144ccf1df_6.0.22621.5547_none_27104afb73855772;c:\Users\gigabyte\.vscode\extensions\redhat.java-1.46.0-win32-x64\jre\21.0.8-win32-x86_64\bin\server;C:\Users\gigabyte\AppData\Roaming\Code\User\globalStorage\redhat.java\1.46.0\config_win\org.eclipse.equinox.launcher\org.eclipse.equinox.launcher.win32.win32.x86_64_1.2.1400.v20250801-0854;C:\Users\gigabyte\AppData\Local\Temp\jna-860867652

VM Arguments:
jvm_args: --add-modules=ALL-SYSTEM --add-opens=java.base/java.util=ALL-UNNAMED --add-opens=java.base/java.lang=ALL-UNNAMED --add-opens=java.base/sun.nio.fs=ALL-UNNAMED -Declipse.application=org.eclipse.jdt.ls.core.id1 -Dosgi.bundles.defaultStartLevel=4 -Declipse.product=org.eclipse.jdt.ls.core.product -Djava.import.generatesMetadataFilesAtProjectRoot=false -DDetectVMInstallationsJob.disabled=true -Dfile.encoding=utf8 -XX:+UseParallelGC -XX:GCTimeRatio=4 -XX:AdaptiveSizePolicyWeight=90 -Dsun.zip.disableMemoryMapping=true -Xmx2G -Xms100m -Xlog:disable -javaagent:c:\Users\gigabyte\.vscode\extensions\redhat.java-1.46.0-win32-x64\lombok\lombok-1.18.39-4050.jar -XX:+HeapDumpOnOutOfMemoryError -XX:HeapDumpPath=c:\Users\gigabyte\AppData\Roaming\Code\User\workspaceStorage\2fecfd49644819dd4abb8728363962c5\redhat.java -Daether.dependencyCollector.impl=bf 
java_command: c:\Users\gigabyte\.vscode\extensions\redhat.java-1.46.0-win32-x64\server\plugins\org.eclipse.equinox.launcher_1.7.0.v20250519-0528.jar -configuration c:\Users\gigabyte\AppData\Roaming\Code\User\globalStorage\redhat.java\1.46.0\config_win -data c:\Users\gigabyte\AppData\Roaming\Code\User\workspaceStorage\2fecfd49644819dd4abb8728363962c5\redhat.java\jdt_ws --pipe=\\.\pipe\lsp-535a357c175cc21600653bbd583b26eb-sock
java_class_path (initial): c:\Users\gigabyte\.vscode\extensions\redhat.java-1.46.0-win32-x64\server\plugins\org.eclipse.equinox.launcher_1.7.0.v20250519-0528.jar
Launcher Type: SUN_STANDARD

[Global flags]
    uintx AdaptiveSizePolicyWeight                 = 90                                        {product} {command line}
     intx CICompilerCount                          = 4                                         {product} {ergonomic}
    uintx GCTimeRatio                              = 4                                         {product} {command line}
     bool HeapDumpOnOutOfMemoryError               = true                                   {manageable} {command line}
    ccstr HeapDumpPath                             = c:\Users\gigabyte\AppData\Roaming\Code\User\workspaceStorage\2fecfd49644819dd4abb8728363962c5\redhat.java         {manageable} {command line}
   size_t InitialHeapSize                          = 104857600                                 {product} {command line}
   size_t MaxHeapSize                              = 2147483648                                {product} {command line}
   size_t MaxNewSize                               = 715653120                                 {product} {ergonomic}
   size_t MinHeapDeltaBytes                        = 524288                                    {product} {ergonomic}
   size_t MinHeapSize                              = 104857600                                 {product} {command line}
   size_t NewSize                                  = 34603008                                  {product} {ergonomic}
    uintx NonNMethodCodeHeapSize                   = 5839372                                {pd product} {ergonomic}
    uintx NonProfiledCodeHeapSize                  = 122909434                              {pd product} {ergonomic}
   size_t OldSize                                  = 70254592                                  {product} {ergonomic}
    uintx ProfiledCodeHeapSize                     = 122909434                              {pd product} {ergonomic}
    uintx ReservedCodeCacheSize                    = 251658240                              {pd product} {ergonomic}
     bool SegmentedCodeCache                       = true                                      {product} {ergonomic}
   size_t SoftMaxHeapSize                          = 2147483648                             {manageable} {ergonomic}
     bool UseCompressedOops                        = true                           {product lp64_product} {ergonomic}
     bool UseLargePagesIndividualAllocation        = false                                  {pd product} {ergonomic}
     bool UseParallelGC                            = true                                      {product} {command line}

Logging:
Log output configuration:
 #0: stdout all=off uptime,level,tags foldmultilines=false
 #1: stderr all=off uptime,level,tags foldmultilines=false

Environment Variables:
JAVA_HOME=C:\Program Files\Java\jdk-21
PATH=C:\Program Files\Java\jdk-21\bin;C:\Program Files\Common Files\Oracle\Java\javapath;C:\Program Files (x86)\Common Files\Oracle\Java\java8path;C:\Windows\system32;C:\Windows;C:\Windows\System32\Wbem;C:\Program Files (x86)\Common Files\Oracle\Java\javapath;C:\Windows\System32\WindowsPowerShell\v1.0\;C:\Windows\System32\OpenSSH\;C:\Program Files (x86)\NVIDIA Corporation\PhysX\Common;C:\Program Files\NVIDIA Corporation\NVIDIA NvDLISR;C:\Program Files (x86)\mingw-w64\i686-8.1.0-posix-dwarf-rt_v6-rev0;C:\msys64\mingw64\bin;C:\Program Files\dotnet\;C:\Program Files\Microsoft SQL Server\150\Tools\Binn\;C:\Program Files\Microsoft SQL Server\Client SDK\ODBC\170\Tools\Binn\;C:\Program Files (x86)\Windows Kits\10\Windows Performance Toolkit\;C:\Program Files (x86)\Microsoft SQL Server\160\Tools\Binn\;C:\Program Files\Microsoft SQL Server\160\Tools\Binn\;C:\Program Files\Microsoft SQL Server\160\DTS\Binn\;C:\Program Files (x86)\Microsoft SQL Server\160\DTS\Binn\;C:\curl\bin;C:\Program Files\Wireshark;C:\Program Files\Git\cmd;C:\Program Files\nodejs\;C:\Program Files\Docker\Docker\resources\bin;C:\Users\gigabyte\Downloads\gradle-8.12.1-bin\gradle-8.12.1\bin;C:\Program Files\Redis\;C:\Program Files\Redis;C:\Program Files\MySQL\MySQL Server 8.0\bin;C:\Program Files\Microsoft MPI\Bin\;C:\Program Files\Java\jdk-21\bin;C:\Windows\System32;C:\Windows;C:\Windows\System32\WindowsPowerShell\v1.0\;C:\Users\gigabyte\Downloads\gradle-8.12.1-bin\gradle-8.12.1\bin;C:\Users\gigabyte\AppData\Local\Programs\Microsoft VS Code\bin;C:\Users\gigabyte\AppData\Roaming\Microsoft\Windows\Start Menu\Programs\Visual Studio Code;C:\Users\gigabyte\AppData\Roaming\npm
USERNAME=gigabyte
OS=Windows_NT
PROCESSOR_IDENTIFIER=Intel64 Family 6 Model 154 Stepping 3, GenuineIntel
TMP=C:\Users\gigabyte\AppData\Local\Temp
TEMP=C:\Users\gigabyte\AppData\Local\Temp




Periodic native trim disabled

---------------  S Y S T E M  ---------------

OS:
 Windows 11 , 64 bit Build 22621 (10.0.22621.5415)
OS uptime: 0 days 20:40 hours
Hyper-V role detected

CPU: total 12 (initial active 12) (6 cores per cpu, 2 threads per core) family 6 model 154 stepping 3 microcode 0x41e, cx8, cmov, fxsr, ht, mmx, 3dnowpref, sse, sse2, sse3, ssse3, sse4.1, sse4.2, popcnt, lzcnt, tsc, tscinvbit, avx, avx2, aes, erms, clmul, bmi1, bmi2, adx, sha, fma, vzeroupper, clflush, clflushopt, clwb, hv, serialize, rdtscp, rdpid, fsrm, f16c, cet_ibt, cet_ss
Processor Information for processor 0
  Max Mhz: 2000, Current Mhz: 2000, Mhz Limit: 2000
Processor Information for processor 1
  Max Mhz: 2000, Current Mhz: 2000, Mhz Limit: 2000
Processor Information for processor 2
  Max Mhz: 2000, Current Mhz: 2000, Mhz Limit: 2000
Processor Information for processor 3
  Max Mhz: 2000, Current Mhz: 2000, Mhz Limit: 2000
Processor Information for processor 4
  Max Mhz: 2000, Current Mhz: 2000, Mhz Limit: 2000
Processor Information for processor 5
  Max Mhz: 2000, Current Mhz: 2000, Mhz Limit: 2000
Processor Information for processor 6
  Max Mhz: 2000, Current Mhz: 2000, Mhz Limit: 2000
Processor Information for processor 7
  Max Mhz: 2000, Current Mhz: 2000, Mhz Limit: 2000
Processor Information for processor 8
  Max Mhz: 2000, Current Mhz: 1500, Mhz Limit: 1500
Processor Information for processor 9
  Max Mhz: 2000, Current Mhz: 1500, Mhz Limit: 1500
Processor Information for processor 10
  Max Mhz: 2000, Current Mhz: 1500, Mhz Limit: 1500
Processor Information for processor 11
  Max Mhz: 2000, Current Mhz: 1500, Mhz Limit: 1500

Memory: 4k page, system-wide physical 16104M (251M free)
TotalPageFile size 24296M (AvailPageFile size 3M)
current process WorkingSet (physical memory assigned to process): 452M, peak: 545M
current process commit charge ("private bytes"): 534M, peak: 644M

vm_info: OpenJDK 64-Bit Server VM (21.0.8+9-LTS) for windows-amd64 JRE (21.0.8+9-LTS), built on 2025-07-15T00:00:00Z by "admin" with MS VC++ 17.7 (VS2022)

END.
