#
# There is insufficient memory for the Java Runtime Environment to continue.
# Native memory allocation (malloc) failed to allocate 1048576 bytes. Error detail: AllocateHeap
# Possible reasons:
#   The system is out of physical RAM or swap space
#   This process is running with CompressedOops enabled, and the Java Heap may be blocking the growth of the native heap
# Possible solutions:
#   Reduce memory load on the system
#   Increase physical memory or swap space
#   Check if swap backing store is full
#   Decrease Java heap size (-Xmx/-Xms)
#   Decrease number of Java threads
#   Decrease Java thread stack sizes (-Xss)
#   Set larger code cache with -XX:ReservedCodeCacheSize=
#   JVM is running with Unscaled Compressed Oops mode in which the Java heap is
#     placed in the first 4GB address space. The Java Heap base address is the
#     maximum limit for the native heap growth. Please use -XX:HeapBaseMinAddress
#     to set the Java Heap base and to place the Java Heap above 4GB virtual address.
# This output file may be truncated or incomplete.
#
#  Out of Memory Error (allocation.cpp:44), pid=19824, tid=27128
#
# JRE version: OpenJDK Runtime Environment Temurin-21.0.8+9 (21.0.8+9) (build 21.0.8+9-LTS)
# Java VM: OpenJDK 64-Bit Server VM Temurin-21.0.8+9 (21.0.8+9-LTS, mixed mode, sharing, tiered, compressed oops, compressed class ptrs, parallel gc, windows-amd64)
# No core dump will be written. Minidumps are not enabled by default on client versions of Windows
#

---------------  S U M M A R Y ------------

Command Line: --add-modules=ALL-SYSTEM --add-opens=java.base/java.util=ALL-UNNAMED --add-opens=java.base/java.lang=ALL-UNNAMED --add-opens=java.base/sun.nio.fs=ALL-UNNAMED -Declipse.application=org.eclipse.jdt.ls.core.id1 -Dosgi.bundles.defaultStartLevel=4 -Declipse.product=org.eclipse.jdt.ls.core.product -Djava.import.generatesMetadataFilesAtProjectRoot=false -DDetectVMInstallationsJob.disabled=true -Dfile.encoding=utf8 -XX:+UseParallelGC -XX:GCTimeRatio=4 -XX:AdaptiveSizePolicyWeight=90 -Dsun.zip.disableMemoryMapping=true -Xmx2G -Xms100m -Xlog:disable -javaagent:c:\Users\gigabyte\.vscode\extensions\redhat.java-1.46.0-win32-x64\lombok\lombok-1.18.39-4050.jar -XX:+HeapDumpOnOutOfMemoryError -XX:HeapDumpPath=c:\Users\gigabyte\AppData\Roaming\Code\User\workspaceStorage\2fecfd49644819dd4abb8728363962c5\redhat.java -Daether.dependencyCollector.impl=bf c:\Users\gigabyte\.vscode\extensions\redhat.java-1.46.0-win32-x64\server\plugins\org.eclipse.equinox.launcher_1.7.0.v20250519-0528.jar -configuration c:\Users\gigabyte\AppData\Roaming\Code\User\globalStorage\redhat.java\1.46.0\config_win -data c:\Users\gigabyte\AppData\Roaming\Code\User\workspaceStorage\2fecfd49644819dd4abb8728363962c5\redhat.java\jdt_ws --pipe=\\.\pipe\lsp-9379d9babe3d428c33253da9610133ae-sock

Host: 12th Gen Intel(R) Core(TM) i5-12450H, 12 cores, 15G,  Windows 11 , 64 bit Build 22621 (10.0.22621.5415)
Time: Mon Oct 27 16:42:42 2025 SE Asia Standard Time elapsed time: 233.154592 seconds (0d 0h 3m 53s)

---------------  T H R E A D  ---------------

Current thread (0x00000257267e8210):  JavaThread "Attach Listener" daemon [_thread_in_vm, id=27128, stack(0x000000ca5ca00000,0x000000ca5cb00000) (1024K)]

Stack: [0x000000ca5ca00000,0x000000ca5cb00000]
Native frames: (J=compiled Java code, j=interpreted, Vv=VM code, C=native code)
V  [jvm.dll+0x6d2449]
V  [jvm.dll+0x8ae341]
V  [jvm.dll+0x8b08be]
V  [jvm.dll+0x8b0fa3]
V  [jvm.dll+0x280c96]
V  [jvm.dll+0xc0347]
V  [jvm.dll+0x6d2cf9]
V  [jvm.dll+0x131116]
V  [jvm.dll+0x3f2d16]
V  [jvm.dll+0x857e6b]
V  [jvm.dll+0x6d0b0d]
C  [ucrtbase.dll+0x29333]
C  [KERNEL32.DLL+0x1259d]
C  [ntdll.dll+0x5af78]


---------------  P R O C E S S  ---------------

Threads class SMR info:
_java_thread_list=0x000002577f7cf9d0, length=47, elements={
0x0000025726742890, 0x00000257267e5390, 0x000002577e1fd3e0, 0x00000257267e7300,
0x00000257267e8210, 0x00000257267e9120, 0x00000257267ead80, 0x00000257267edbc0,
0x00000257267fe450, 0x000002577f64aa30, 0x000002577f88dc80, 0x0000025700d2aae0,
0x0000025705257390, 0x0000025700c70000, 0x0000025700c70a30, 0x000002570581e290,
0x0000025705587080, 0x0000025705602d50, 0x00000257007fa110, 0x0000025705c399b0,
0x0000025705c3ba80, 0x0000025705c39320, 0x0000025705c3b3f0, 0x0000025705c38600,
0x0000025705c38c90, 0x00000257097eb660, 0x00000257097f0520, 0x00000257097ef800,
0x00000257097ed730, 0x00000257097ebcf0, 0x00000257097ec380, 0x00000257097eca10,
0x00000257097efe90, 0x00000257097eafd0, 0x00000257097ed0a0, 0x00000257097e9590,
0x00000257097ee450, 0x00000257097eeae0, 0x00000257097f0bb0, 0x00000257097e9c20,
0x00000257097ea2b0, 0x00000257097ea940, 0x00000257056ed3d0, 0x00000257056f4360,
0x00000257056f49f0, 0x00000257056f0ee0, 0x00000257056f1570
}

Java Threads: ( => current thread )
  0x0000025726742890 JavaThread "main"                              [_thread_blocked, id=25048, stack(0x000000ca5c300000,0x000000ca5c400000) (1024K)]
  0x00000257267e5390 JavaThread "Reference Handler"          daemon [_thread_blocked, id=14540, stack(0x000000ca5c700000,0x000000ca5c800000) (1024K)]
  0x000002577e1fd3e0 JavaThread "Finalizer"                  daemon [_thread_blocked, id=17684, stack(0x000000ca5c800000,0x000000ca5c900000) (1024K)]
  0x00000257267e7300 JavaThread "Signal Dispatcher"          daemon [_thread_blocked, id=14640, stack(0x000000ca5c900000,0x000000ca5ca00000) (1024K)]
=>0x00000257267e8210 JavaThread "Attach Listener"            daemon [_thread_in_vm, id=27128, stack(0x000000ca5ca00000,0x000000ca5cb00000) (1024K)]
  0x00000257267e9120 JavaThread "Service Thread"             daemon [_thread_blocked, id=5424, stack(0x000000ca5cb00000,0x000000ca5cc00000) (1024K)]
  0x00000257267ead80 JavaThread "Monitor Deflation Thread"   daemon [_thread_blocked, id=22616, stack(0x000000ca5cc00000,0x000000ca5cd00000) (1024K)]
  0x00000257267edbc0 JavaThread "C2 CompilerThread0"         daemon [_thread_blocked, id=10360, stack(0x000000ca5cd00000,0x000000ca5ce00000) (1024K)]
  0x00000257267fe450 JavaThread "C1 CompilerThread0"         daemon [_thread_blocked, id=2284, stack(0x000000ca5ce00000,0x000000ca5cf00000) (1024K)]
  0x000002577f64aa30 JavaThread "Common-Cleaner"             daemon [_thread_blocked, id=22220, stack(0x000000ca5cf00000,0x000000ca5d000000) (1024K)]
  0x000002577f88dc80 JavaThread "Notification Thread"        daemon [_thread_blocked, id=11164, stack(0x000000ca5d000000,0x000000ca5d100000) (1024K)]
  0x0000025700d2aae0 JavaThread "Active Thread: Equinox Container: d07e2f65-862e-45d2-8114-ff9adfc66e37"        [_thread_blocked, id=11536, stack(0x000000ca5d800000,0x000000ca5d900000) (1024K)]
  0x0000025705257390 JavaThread "Refresh Thread: Equinox Container: d07e2f65-862e-45d2-8114-ff9adfc66e37" daemon [_thread_blocked, id=16404, stack(0x000000ca5d900000,0x000000ca5da00000) (1024K)]
  0x0000025700c70000 JavaThread "Framework Event Dispatcher: Equinox Container: d07e2f65-862e-45d2-8114-ff9adfc66e37" daemon [_thread_blocked, id=16248, stack(0x000000ca5db00000,0x000000ca5dc00000) (1024K)]
  0x0000025700c70a30 JavaThread "Start Level: Equinox Container: d07e2f65-862e-45d2-8114-ff9adfc66e37" daemon [_thread_blocked, id=6852, stack(0x000000ca5dc00000,0x000000ca5dd00000) (1024K)]
  0x000002570581e290 JavaThread "Bundle File Closer"         daemon [_thread_blocked, id=7932, stack(0x000000ca5e000000,0x000000ca5e100000) (1024K)]
  0x0000025705587080 JavaThread "SCR Component Actor"        daemon [_thread_blocked, id=23560, stack(0x000000ca5d100000,0x000000ca5d200000) (1024K)]
  0x0000025705602d50 JavaThread "Worker-JM"                         [_thread_blocked, id=26772, stack(0x000000ca5dd00000,0x000000ca5de00000) (1024K)]
  0x00000257007fa110 JavaThread "JNA Cleaner"                daemon [_thread_blocked, id=8024, stack(0x000000ca5e200000,0x000000ca5e300000) (1024K)]
  0x0000025705c399b0 JavaThread "Java indexing"              daemon [_thread_blocked, id=5972, stack(0x000000ca5e800000,0x000000ca5e900000) (1024K)]
  0x0000025705c3ba80 JavaThread "Worker-4"                          [_thread_blocked, id=4476, stack(0x000000ca5e900000,0x000000ca5ea00000) (1024K)]
  0x0000025705c39320 JavaThread "Worker-5"                          [_thread_blocked, id=10916, stack(0x000000ca5ea00000,0x000000ca5eb00000) (1024K)]
  0x0000025705c3b3f0 JavaThread "Thread-1"                   daemon [_thread_in_native, id=12292, stack(0x000000ca5eb00000,0x000000ca5ec00000) (1024K)]
  0x0000025705c38600 JavaThread "Thread-2"                   daemon [_thread_in_native, id=24292, stack(0x000000ca5ec00000,0x000000ca5ed00000) (1024K)]
  0x0000025705c38c90 JavaThread "Thread-3"                   daemon [_thread_in_native, id=13044, stack(0x000000ca5ed00000,0x000000ca5ee00000) (1024K)]
  0x00000257097eb660 JavaThread "Thread-4"                   daemon [_thread_in_native, id=16720, stack(0x000000ca5ee00000,0x000000ca5ef00000) (1024K)]
  0x00000257097f0520 JavaThread "Thread-5"                   daemon [_thread_in_native, id=15716, stack(0x000000ca5ef00000,0x000000ca5f000000) (1024K)]
  0x00000257097ef800 JavaThread "Thread-6"                   daemon [_thread_in_native, id=7160, stack(0x000000ca5f000000,0x000000ca5f100000) (1024K)]
  0x00000257097ed730 JavaThread "Thread-7"                   daemon [_thread_in_native, id=25172, stack(0x000000ca5f100000,0x000000ca5f200000) (1024K)]
  0x00000257097ebcf0 JavaThread "Thread-8"                   daemon [_thread_in_native, id=18324, stack(0x000000ca5f200000,0x000000ca5f300000) (1024K)]
  0x00000257097ec380 JavaThread "Thread-9"                   daemon [_thread_in_native, id=10600, stack(0x000000ca5f300000,0x000000ca5f400000) (1024K)]
  0x00000257097eca10 JavaThread "Thread-10"                  daemon [_thread_in_native, id=8540, stack(0x000000ca5f400000,0x000000ca5f500000) (1024K)]
  0x00000257097efe90 JavaThread "Thread-11"                  daemon [_thread_in_native, id=12492, stack(0x000000ca5f500000,0x000000ca5f600000) (1024K)]
  0x00000257097eafd0 JavaThread "Thread-12"                  daemon [_thread_in_native, id=23232, stack(0x000000ca5f600000,0x000000ca5f700000) (1024K)]
  0x00000257097ed0a0 JavaThread "Thread-13"                  daemon [_thread_in_native, id=15624, stack(0x000000ca5f700000,0x000000ca5f800000) (1024K)]
  0x00000257097e9590 JavaThread "pool-2-thread-1"                   [_thread_blocked, id=12416, stack(0x000000ca5f900000,0x000000ca5fa00000) (1024K)]
  0x00000257097ee450 JavaThread "WorkspaceEventsHandler"            [_thread_blocked, id=9860, stack(0x000000ca5fa00000,0x000000ca5fb00000) (1024K)]
  0x00000257097eeae0 JavaThread "pool-1-thread-1"                   [_thread_blocked, id=27436, stack(0x000000ca5fb00000,0x000000ca5fc00000) (1024K)]
  0x00000257097f0bb0 JavaThread "ForkJoinPool.commonPool-worker-1" daemon [_thread_blocked, id=15640, stack(0x000000ca5c000000,0x000000ca5c100000) (1024K)]
  0x00000257097e9c20 JavaThread "ForkJoinPool.commonPool-worker-3" daemon [_thread_blocked, id=18428, stack(0x000000ca5e500000,0x000000ca5e600000) (1024K)]
  0x00000257097ea2b0 JavaThread "ForkJoinPool.commonPool-worker-4" daemon [_thread_blocked, id=14052, stack(0x000000ca5fc00000,0x000000ca5fd00000) (1024K)]
  0x00000257097ea940 JavaThread "ForkJoinPool.commonPool-worker-6" daemon [_thread_blocked, id=24048, stack(0x000000ca5fd00000,0x000000ca5fe00000) (1024K)]
  0x00000257056ed3d0 JavaThread "ForkJoinPool.commonPool-worker-5" daemon [_thread_blocked, id=10100, stack(0x000000ca5fe00000,0x000000ca5ff00000) (1024K)]
  0x00000257056f4360 JavaThread "ForkJoinPool.commonPool-worker-8" daemon [_thread_blocked, id=21332, stack(0x000000ca60000000,0x000000ca60100000) (1024K)]
  0x00000257056f49f0 JavaThread "ForkJoinPool.commonPool-worker-9" daemon [_thread_blocked, id=26164, stack(0x000000ca60100000,0x000000ca60200000) (1024K)]
  0x00000257056f0ee0 JavaThread "ForkJoinPool.commonPool-worker-10" daemon [_thread_blocked, id=22180, stack(0x000000ca60200000,0x000000ca60300000) (1024K)]
  0x00000257056f1570 JavaThread "ForkJoinPool.commonPool-worker-11" daemon [_thread_blocked, id=8000, stack(0x000000ca60300000,0x000000ca60400000) (1024K)]
Total: 47

Other Threads:
  0x000002577e1e69e0 VMThread "VM Thread"                           [id=20336, stack(0x000000ca5c600000,0x000000ca5c700000) (1024K)]
  0x00000257267ae950 WatcherThread "VM Periodic Task Thread"        [id=28116, stack(0x000000ca5c500000,0x000000ca5c600000) (1024K)]
  0x0000025726760ec0 WorkerThread "GC Thread#0"                     [id=27164, stack(0x000000ca5c400000,0x000000ca5c500000) (1024K)]
  0x0000025700ac7ef0 WorkerThread "GC Thread#1"                     [id=26672, stack(0x000000ca5d200000,0x000000ca5d300000) (1024K)]
  0x00000257007a6f70 WorkerThread "GC Thread#2"                     [id=5296, stack(0x000000ca5d300000,0x000000ca5d400000) (1024K)]
  0x0000025700975e00 WorkerThread "GC Thread#3"                     [id=3252, stack(0x000000ca5d400000,0x000000ca5d500000) (1024K)]
  0x00000257009769b0 WorkerThread "GC Thread#4"                     [id=14796, stack(0x000000ca5d500000,0x000000ca5d600000) (1024K)]
  0x0000025700976d50 WorkerThread "GC Thread#5"                     [id=16576, stack(0x000000ca5d600000,0x000000ca5d700000) (1024K)]
  0x00000257009770f0 WorkerThread "GC Thread#6"                     [id=20296, stack(0x000000ca5d700000,0x000000ca5d800000) (1024K)]
  0x00000257052579f0 WorkerThread "GC Thread#7"                     [id=14836, stack(0x000000ca5da00000,0x000000ca5db00000) (1024K)]
  0x00000257050b61a0 WorkerThread "GC Thread#8"                     [id=2124, stack(0x000000ca5de00000,0x000000ca5df00000) (1024K)]
  0x00000257050a2310 WorkerThread "GC Thread#9"                     [id=19072, stack(0x000000ca5df00000,0x000000ca5e000000) (1024K)]
Total: 12

Threads with active compile tasks:
Total: 0

VM state: not at safepoint (normal execution)

VM Mutex/Monitor currently owned by a thread: None

Heap address: 0x0000000080000000, size: 2048 MB, Compressed Oops mode: 32-bit

CDS archive(s) mapped at: [0x000002573d000000-0x000002573dba0000-0x000002573dba0000), size 12189696, SharedBaseAddress: 0x000002573d000000, ArchiveRelocationMode: 1.
Compressed class space mapped at: 0x000002573e000000-0x000002577e000000, reserved size: 1073741824
Narrow klass base: 0x000002573d000000, Narrow klass shift: 0, Narrow klass range: 0x100000000

GC Precious Log:
 CardTable entry size: 512
 CPUs: 12 total, 12 available
 Memory: 16104M
 Large Page Support: Disabled
 NUMA Support: Disabled
 Compressed Oops: Enabled (32-bit)
 Alignments: Space 512K, Generation 512K, Heap 2M
 Heap Min Capacity: 100M
 Heap Initial Capacity: 100M
 Heap Max Capacity: 2G
 Pre-touch: Disabled
 Parallel Workers: 10

Heap:
 PSYoungGen      total 13824K, used 5094K [0x00000000d5580000, 0x00000000d6c00000, 0x0000000100000000)
  eden space 10752K, 20% used [0x00000000d5580000,0x00000000d579a018,0x00000000d6000000)
  from space 3072K, 95% used [0x00000000d6900000,0x00000000d6bdf8d0,0x00000000d6c00000)
  to   space 5120K, 0% used [0x00000000d6200000,0x00000000d6200000,0x00000000d6700000)
 ParOldGen       total 182784K, used 182733K [0x0000000080000000, 0x000000008b280000, 0x00000000d5580000)
  object space 182784K, 99% used [0x0000000080000000,0x000000008b2734b0,0x000000008b280000)
 Metaspace       used 59100K, committed 60416K, reserved 1114112K
  class space    used 6331K, committed 6912K, reserved 1048576K

Card table byte_map: [0x0000025726110000,0x0000025726520000] _byte_map_base: 0x0000025725d10000

Marking Bits: (ParMarkBitMap*) 0x00007ff9aba5a340
 Begin Bits: [0x0000025738be0000, 0x000002573abe0000)
 End Bits:   [0x000002573abe0000, 0x000002573cbe0000)

Polling page: 0x0000025725f00000

Metaspace:

Usage:
  Non-class:     51.53 MB used.
      Class:      6.18 MB used.
       Both:     57.72 MB used.

Virtual space:
  Non-class space:       64.00 MB reserved,      52.25 MB ( 82%) committed,  1 nodes.
      Class space:        1.00 GB reserved,       6.75 MB ( <1%) committed,  1 nodes.
             Both:        1.06 GB reserved,      59.00 MB (  5%) committed. 

Chunk freelists:
   Non-Class:  10.88 MB
       Class:  9.30 MB
        Both:  20.17 MB

MaxMetaspaceSize: unlimited
CompressedClassSpaceSize: 1.00 GB
Initial GC threshold: 21.00 MB
Current GC threshold: 97.31 MB
CDS: on
 - commit_granule_bytes: 65536.
 - commit_granule_words: 8192.
 - virtual_space_node_default_size: 8388608.
 - enlarge_chunks_in_place: 1.
 - use_allocation_guard: 0.


Internal statistics:

num_allocs_failed_limit: 9.
num_arena_births: 1052.
num_arena_deaths: 30.
num_vsnodes_births: 2.
num_vsnodes_deaths: 0.
num_space_committed: 944.
num_space_uncommitted: 0.
num_chunks_returned_to_freelist: 44.
num_chunks_taken_from_freelist: 3760.
num_chunk_merges: 20.
num_chunk_splits: 2316.
num_chunks_enlarged: 1328.
num_inconsistent_stats: 0.

CodeHeap 'non-profiled nmethods': size=120000Kb used=8268Kb max_used=8268Kb free=111732Kb
 bounds [0x0000025731400000, 0x0000025731c20000, 0x0000025738930000]
CodeHeap 'profiled nmethods': size=120000Kb used=21325Kb max_used=21325Kb free=98674Kb
 bounds [0x0000025729930000, 0x000002572ae10000, 0x0000025730e60000]
CodeHeap 'non-nmethods': size=5760Kb used=1418Kb max_used=1494Kb free=4341Kb
 bounds [0x0000025730e60000, 0x00000257310d0000, 0x0000025731400000]
CodeCache: size=245760Kb, used=31011Kb, max_used=31087Kb, free=214747Kb
 total_blobs=10438, nmethods=9709, adapters=634, full_count=0
Compilation: enabled, stopped_count=0, restarted_count=0

Compilation events (20 events):
Event: 62.327 Thread 0x000002570a011c80 10300       4       org.eclipse.core.runtime.Path::toFile (12 bytes)
Event: 62.349 Thread 0x000002570a011c80 nmethod 10300 0x0000025731be7d90 code [0x0000025731be7fe0, 0x0000025731be8768]
Event: 62.350 Thread 0x000002570a011c80 10288       4       org.eclipse.jdt.internal.compiler.util.ObjectVector$1::next (19 bytes)
Event: 62.351 Thread 0x000002570a011c80 nmethod 10288 0x0000025731be8e10 code [0x0000025731be8fa0, 0x0000025731be9098]
Event: 62.351 Thread 0x000002570a011c80 10289       4       org.eclipse.jdt.internal.core.JavaProject$$Lambda/0x000002573e58d570::apply (13 bytes)
Event: 62.352 Thread 0x000002570a011c80 nmethod 10289 0x0000025731be9190 code [0x0000025731be9320, 0x0000025731be93e8]
Event: 62.353 Thread 0x000002570a011c80 10342       4       org.eclipse.jdt.internal.compiler.lookup.Scope::environment (8 bytes)
Event: 62.354 Thread 0x000002570a011c80 nmethod 10342 0x0000025731be9510 code [0x0000025731be96a0, 0x0000025731be9748]
Event: 62.374 Thread 0x00000257056b5900 nmethod 10297 0x0000025731be9810 code [0x0000025731bea320, 0x0000025731bf39f0]
Event: 62.624 Thread 0x00000257267edbc0 nmethod 10328 0x0000025731bf9590 code [0x0000025731bfa320, 0x0000025731c098e0]
Event: 64.721 Thread 0x00000257267fe450 10464       3       java.util.concurrent.ThreadPoolExecutor::workerCountOf (5 bytes)
Event: 64.721 Thread 0x00000257267fe450 nmethod 10464 0x000002572ae01690 code [0x000002572ae01820, 0x000002572ae01918]
Event: 112.594 Thread 0x00000257267fe450 10465       3       java.util.concurrent.atomic.AtomicLong::weakCompareAndSetVolatile (13 bytes)
Event: 112.594 Thread 0x00000257267fe450 nmethod 10465 0x000002572ae01990 code [0x000002572ae01b40, 0x000002572ae01ca0]
Event: 124.741 Thread 0x00000257267fe450 10466       3       java.util.concurrent.ScheduledThreadPoolExecutor::canRunInCurrentRunState (61 bytes)
Event: 124.742 Thread 0x00000257267fe450 nmethod 10466 0x000002572ae01d90 code [0x000002572ae01fa0, 0x000002572ae02750]
Event: 162.193 Thread 0x00000257267fe450 10467       1       java.util.concurrent.ThreadPoolExecutor::getQueue (5 bytes)
Event: 162.193 Thread 0x00000257267fe450 nmethod 10467 0x0000025731c12d10 code [0x0000025731c12ea0, 0x0000025731c12f68]
Event: 181.950 Thread 0x00000257267fe450 10468       3       java.util.concurrent.ForkJoinPool::scan (263 bytes)
Event: 181.950 Thread 0x00000257267fe450 nmethod 10468 0x000002572ae02990 code [0x000002572ae02bc0, 0x000002572ae03378]

GC Heap History (20 events):
Event: 61.577 GC heap before
{Heap before GC invocations=384 (full 3):
 PSYoungGen      total 12288K, used 12123K [0x00000000d5580000, 0x00000000d6700000, 0x0000000100000000)
  eden space 8704K, 100% used [0x00000000d5580000,0x00000000d5e00000,0x00000000d5e00000)
  from space 3584K, 95% used [0x00000000d6180000,0x00000000d64d6c00,0x00000000d6500000)
  to   space 3584K, 0% used [0x00000000d5e00000,0x00000000d5e00000,0x00000000d6180000)
 ParOldGen       total 166912K, used 166903K [0x0000000080000000, 0x000000008a300000, 0x00000000d5580000)
  object space 166912K, 99% used [0x0000000080000000,0x000000008a2fdf68,0x000000008a300000)
 Metaspace       used 59067K, committed 60416K, reserved 1114112K
  class space    used 6331K, committed 6912K, reserved 1048576K
}
Event: 61.584 GC heap after
{Heap after GC invocations=384 (full 3):
 PSYoungGen      total 12288K, used 741K [0x00000000d5580000, 0x00000000d6400000, 0x0000000100000000)
  eden space 8704K, 0% used [0x00000000d5580000,0x00000000d5580000,0x00000000d5e00000)
  from space 3584K, 20% used [0x00000000d5e00000,0x00000000d5eb97b8,0x00000000d6180000)
  to   space 2048K, 0% used [0x00000000d6200000,0x00000000d6200000,0x00000000d6400000)
 ParOldGen       total 169984K, used 169769K [0x0000000080000000, 0x000000008a600000, 0x00000000d5580000)
  object space 169984K, 99% used [0x0000000080000000,0x000000008a5ca600,0x000000008a600000)
 Metaspace       used 59067K, committed 60416K, reserved 1114112K
  class space    used 6331K, committed 6912K, reserved 1048576K
}
Event: 61.599 GC heap before
{Heap before GC invocations=385 (full 3):
 PSYoungGen      total 12288K, used 9445K [0x00000000d5580000, 0x00000000d6400000, 0x0000000100000000)
  eden space 8704K, 100% used [0x00000000d5580000,0x00000000d5e00000,0x00000000d5e00000)
  from space 3584K, 20% used [0x00000000d5e00000,0x00000000d5eb97b8,0x00000000d6180000)
  to   space 2048K, 0% used [0x00000000d6200000,0x00000000d6200000,0x00000000d6400000)
 ParOldGen       total 169984K, used 169771K [0x0000000080000000, 0x000000008a600000, 0x00000000d5580000)
  object space 169984K, 99% used [0x0000000080000000,0x000000008a5caf10,0x000000008a600000)
 Metaspace       used 59069K, committed 60416K, reserved 1114112K
  class space    used 6331K, committed 6912K, reserved 1048576K
}
Event: 61.605 GC heap after
{Heap after GC invocations=385 (full 3):
 PSYoungGen      total 11776K, used 865K [0x00000000d5580000, 0x00000000d6300000, 0x0000000100000000)
  eden space 10752K, 0% used [0x00000000d5580000,0x00000000d5580000,0x00000000d6000000)
  from space 1024K, 84% used [0x00000000d6200000,0x00000000d62d8578,0x00000000d6300000)
  to   space 1024K, 0% used [0x00000000d6100000,0x00000000d6100000,0x00000000d6200000)
 ParOldGen       total 170496K, used 170234K [0x0000000080000000, 0x000000008a680000, 0x00000000d5580000)
  object space 170496K, 99% used [0x0000000080000000,0x000000008a63ebe0,0x000000008a680000)
 Metaspace       used 59069K, committed 60416K, reserved 1114112K
  class space    used 6331K, committed 6912K, reserved 1048576K
}
Event: 61.624 GC heap before
{Heap before GC invocations=386 (full 3):
 PSYoungGen      total 11776K, used 11617K [0x00000000d5580000, 0x00000000d6300000, 0x0000000100000000)
  eden space 10752K, 100% used [0x00000000d5580000,0x00000000d6000000,0x00000000d6000000)
  from space 1024K, 84% used [0x00000000d6200000,0x00000000d62d8578,0x00000000d6300000)
  to   space 1024K, 0% used [0x00000000d6100000,0x00000000d6100000,0x00000000d6200000)
 ParOldGen       total 170496K, used 170234K [0x0000000080000000, 0x000000008a680000, 0x00000000d5580000)
  object space 170496K, 99% used [0x0000000080000000,0x000000008a63ebe0,0x000000008a680000)
 Metaspace       used 59075K, committed 60416K, reserved 1114112K
  class space    used 6331K, committed 6912K, reserved 1048576K
}
Event: 61.630 GC heap after
{Heap after GC invocations=386 (full 3):
 PSYoungGen      total 11776K, used 530K [0x00000000d5580000, 0x00000000d6280000, 0x0000000100000000)
  eden space 10752K, 0% used [0x00000000d5580000,0x00000000d5580000,0x00000000d6000000)
  from space 1024K, 51% used [0x00000000d6100000,0x00000000d6184800,0x00000000d6200000)
  to   space 512K, 0% used [0x00000000d6200000,0x00000000d6200000,0x00000000d6280000)
 ParOldGen       total 171008K, used 170692K [0x0000000080000000, 0x000000008a700000, 0x00000000d5580000)
  object space 171008K, 99% used [0x0000000080000000,0x000000008a6b1300,0x000000008a700000)
 Metaspace       used 59075K, committed 60416K, reserved 1114112K
  class space    used 6331K, committed 6912K, reserved 1048576K
}
Event: 61.641 GC heap before
{Heap before GC invocations=387 (full 3):
 PSYoungGen      total 11776K, used 11282K [0x00000000d5580000, 0x00000000d6280000, 0x0000000100000000)
  eden space 10752K, 100% used [0x00000000d5580000,0x00000000d6000000,0x00000000d6000000)
  from space 1024K, 51% used [0x00000000d6100000,0x00000000d6184800,0x00000000d6200000)
  to   space 512K, 0% used [0x00000000d6200000,0x00000000d6200000,0x00000000d6280000)
 ParOldGen       total 171008K, used 170692K [0x0000000080000000, 0x000000008a700000, 0x00000000d5580000)
  object space 171008K, 99% used [0x0000000080000000,0x000000008a6b1300,0x000000008a700000)
 Metaspace       used 59075K, committed 60416K, reserved 1114112K
  class space    used 6331K, committed 6912K, reserved 1048576K
}
Event: 61.643 GC heap after
{Heap after GC invocations=387 (full 3):
 PSYoungGen      total 11264K, used 375K [0x00000000d5580000, 0x00000000d6280000, 0x0000000100000000)
  eden space 10752K, 0% used [0x00000000d5580000,0x00000000d5580000,0x00000000d6000000)
  from space 512K, 73% used [0x00000000d6200000,0x00000000d625de40,0x00000000d6280000)
  to   space 512K, 0% used [0x00000000d6180000,0x00000000d6180000,0x00000000d6200000)
 ParOldGen       total 171520K, used 171078K [0x0000000080000000, 0x000000008a780000, 0x00000000d5580000)
  object space 171520K, 99% used [0x0000000080000000,0x000000008a711b00,0x000000008a780000)
 Metaspace       used 59075K, committed 60416K, reserved 1114112K
  class space    used 6331K, committed 6912K, reserved 1048576K
}
Event: 61.653 GC heap before
{Heap before GC invocations=388 (full 3):
 PSYoungGen      total 11264K, used 11127K [0x00000000d5580000, 0x00000000d6280000, 0x0000000100000000)
  eden space 10752K, 100% used [0x00000000d5580000,0x00000000d6000000,0x00000000d6000000)
  from space 512K, 73% used [0x00000000d6200000,0x00000000d625de40,0x00000000d6280000)
  to   space 512K, 0% used [0x00000000d6180000,0x00000000d6180000,0x00000000d6200000)
 ParOldGen       total 171520K, used 171078K [0x0000000080000000, 0x000000008a780000, 0x00000000d5580000)
  object space 171520K, 99% used [0x0000000080000000,0x000000008a711b00,0x000000008a780000)
 Metaspace       used 59079K, committed 60416K, reserved 1114112K
  class space    used 6331K, committed 6912K, reserved 1048576K
}
Event: 61.656 GC heap after
{Heap after GC invocations=388 (full 3):
 PSYoungGen      total 11264K, used 352K [0x00000000d5580000, 0x00000000d6280000, 0x0000000100000000)
  eden space 10752K, 0% used [0x00000000d5580000,0x00000000d5580000,0x00000000d6000000)
  from space 512K, 68% used [0x00000000d6180000,0x00000000d61d8000,0x00000000d6200000)
  to   space 512K, 0% used [0x00000000d6200000,0x00000000d6200000,0x00000000d6280000)
 ParOldGen       total 171520K, used 171341K [0x0000000080000000, 0x000000008a780000, 0x00000000d5580000)
  object space 171520K, 99% used [0x0000000080000000,0x000000008a753450,0x000000008a780000)
 Metaspace       used 59079K, committed 60416K, reserved 1114112K
  class space    used 6331K, committed 6912K, reserved 1048576K
}
Event: 61.675 GC heap before
{Heap before GC invocations=389 (full 3):
 PSYoungGen      total 11264K, used 11104K [0x00000000d5580000, 0x00000000d6280000, 0x0000000100000000)
  eden space 10752K, 100% used [0x00000000d5580000,0x00000000d6000000,0x00000000d6000000)
  from space 512K, 68% used [0x00000000d6180000,0x00000000d61d8000,0x00000000d6200000)
  to   space 512K, 0% used [0x00000000d6200000,0x00000000d6200000,0x00000000d6280000)
 ParOldGen       total 171520K, used 171341K [0x0000000080000000, 0x000000008a780000, 0x00000000d5580000)
  object space 171520K, 99% used [0x0000000080000000,0x000000008a753450,0x000000008a780000)
 Metaspace       used 59080K, committed 60416K, reserved 1114112K
  class space    used 6331K, committed 6912K, reserved 1048576K
}
Event: 61.677 GC heap after
{Heap after GC invocations=389 (full 3):
 PSYoungGen      total 11264K, used 320K [0x00000000d5580000, 0x00000000d6280000, 0x0000000100000000)
  eden space 10752K, 0% used [0x00000000d5580000,0x00000000d5580000,0x00000000d6000000)
  from space 512K, 62% used [0x00000000d6200000,0x00000000d6250000,0x00000000d6280000)
  to   space 512K, 0% used [0x00000000d6180000,0x00000000d6180000,0x00000000d6200000)
 ParOldGen       total 172032K, used 171541K [0x0000000080000000, 0x000000008a800000, 0x00000000d5580000)
  object space 172032K, 99% used [0x0000000080000000,0x000000008a785450,0x000000008a800000)
 Metaspace       used 59080K, committed 60416K, reserved 1114112K
  class space    used 6331K, committed 6912K, reserved 1048576K
}
Event: 61.702 GC heap before
{Heap before GC invocations=390 (full 3):
 PSYoungGen      total 11264K, used 11072K [0x00000000d5580000, 0x00000000d6280000, 0x0000000100000000)
  eden space 10752K, 100% used [0x00000000d5580000,0x00000000d6000000,0x00000000d6000000)
  from space 512K, 62% used [0x00000000d6200000,0x00000000d6250000,0x00000000d6280000)
  to   space 512K, 0% used [0x00000000d6180000,0x00000000d6180000,0x00000000d6200000)
 ParOldGen       total 172032K, used 171541K [0x0000000080000000, 0x000000008a800000, 0x00000000d5580000)
  object space 172032K, 99% used [0x0000000080000000,0x000000008a785450,0x000000008a800000)
 Metaspace       used 59080K, committed 60416K, reserved 1114112K
  class space    used 6331K, committed 6912K, reserved 1048576K
}
Event: 61.708 GC heap after
{Heap after GC invocations=390 (full 3):
 PSYoungGen      total 11264K, used 512K [0x00000000d5580000, 0x00000000d6800000, 0x0000000100000000)
  eden space 10752K, 0% used [0x00000000d5580000,0x00000000d5580000,0x00000000d6000000)
  from space 512K, 100% used [0x00000000d6180000,0x00000000d6200000,0x00000000d6200000)
  to   space 4096K, 0% used [0x00000000d6400000,0x00000000d6400000,0x00000000d6800000)
 ParOldGen       total 174592K, used 174181K [0x0000000080000000, 0x000000008aa80000, 0x00000000d5580000)
  object space 174592K, 99% used [0x0000000080000000,0x000000008aa19450,0x000000008aa80000)
 Metaspace       used 59080K, committed 60416K, reserved 1114112K
  class space    used 6331K, committed 6912K, reserved 1048576K
}
Event: 61.748 GC heap before
{Heap before GC invocations=391 (full 3):
 PSYoungGen      total 11264K, used 11264K [0x00000000d5580000, 0x00000000d6800000, 0x0000000100000000)
  eden space 10752K, 100% used [0x00000000d5580000,0x00000000d6000000,0x00000000d6000000)
  from space 512K, 100% used [0x00000000d6180000,0x00000000d6200000,0x00000000d6200000)
  to   space 4096K, 0% used [0x00000000d6400000,0x00000000d6400000,0x00000000d6800000)
 ParOldGen       total 174592K, used 174181K [0x0000000080000000, 0x000000008aa80000, 0x00000000d5580000)
  object space 174592K, 99% used [0x0000000080000000,0x000000008aa19450,0x000000008aa80000)
 Metaspace       used 59080K, committed 60416K, reserved 1114112K
  class space    used 6331K, committed 6912K, reserved 1048576K
}
Event: 61.754 GC heap after
{Heap after GC invocations=391 (full 3):
 PSYoungGen      total 14848K, used 3744K [0x00000000d5580000, 0x00000000d6800000, 0x0000000100000000)
  eden space 10752K, 0% used [0x00000000d5580000,0x00000000d5580000,0x00000000d6000000)
  from space 4096K, 91% used [0x00000000d6400000,0x00000000d67a8040,0x00000000d6800000)
  to   space 4096K, 0% used [0x00000000d6000000,0x00000000d6000000,0x00000000d6400000)
 ParOldGen       total 175104K, used 174661K [0x0000000080000000, 0x000000008ab00000, 0x00000000d5580000)
  object space 175104K, 99% used [0x0000000080000000,0x000000008aa91450,0x000000008ab00000)
 Metaspace       used 59080K, committed 60416K, reserved 1114112K
  class space    used 6331K, committed 6912K, reserved 1048576K
}
Event: 61.783 GC heap before
{Heap before GC invocations=392 (full 3):
 PSYoungGen      total 14848K, used 14496K [0x00000000d5580000, 0x00000000d6800000, 0x0000000100000000)
  eden space 10752K, 100% used [0x00000000d5580000,0x00000000d6000000,0x00000000d6000000)
  from space 4096K, 91% used [0x00000000d6400000,0x00000000d67a8040,0x00000000d6800000)
  to   space 4096K, 0% used [0x00000000d6000000,0x00000000d6000000,0x00000000d6400000)
 ParOldGen       total 175104K, used 174661K [0x0000000080000000, 0x000000008ab00000, 0x00000000d5580000)
  object space 175104K, 99% used [0x0000000080000000,0x000000008aa91450,0x000000008ab00000)
 Metaspace       used 59091K, committed 60416K, reserved 1114112K
  class space    used 6331K, committed 6912K, reserved 1048576K
}
Event: 61.790 GC heap after
{Heap after GC invocations=392 (full 3):
 PSYoungGen      total 14848K, used 4064K [0x00000000d5580000, 0x00000000d7200000, 0x0000000100000000)
  eden space 10752K, 0% used [0x00000000d5580000,0x00000000d5580000,0x00000000d6000000)
  from space 4096K, 99% used [0x00000000d6000000,0x00000000d63f8020,0x00000000d6400000)
  to   space 9216K, 0% used [0x00000000d6900000,0x00000000d6900000,0x00000000d7200000)
 ParOldGen       total 179200K, used 178725K [0x0000000080000000, 0x000000008af00000, 0x00000000d5580000)
  object space 179200K, 99% used [0x0000000080000000,0x000000008ae89490,0x000000008af00000)
 Metaspace       used 59091K, committed 60416K, reserved 1114112K
  class space    used 6331K, committed 6912K, reserved 1048576K
}
Event: 61.807 GC heap before
{Heap before GC invocations=393 (full 3):
 PSYoungGen      total 14848K, used 14816K [0x00000000d5580000, 0x00000000d7200000, 0x0000000100000000)
  eden space 10752K, 100% used [0x00000000d5580000,0x00000000d6000000,0x00000000d6000000)
  from space 4096K, 99% used [0x00000000d6000000,0x00000000d63f8020,0x00000000d6400000)
  to   space 9216K, 0% used [0x00000000d6900000,0x00000000d6900000,0x00000000d7200000)
 ParOldGen       total 179200K, used 178725K [0x0000000080000000, 0x000000008af00000, 0x00000000d5580000)
  object space 179200K, 99% used [0x0000000080000000,0x000000008ae89490,0x000000008af00000)
 Metaspace       used 59093K, committed 60416K, reserved 1114112K
  class space    used 6331K, committed 6912K, reserved 1048576K
}
Event: 61.814 GC heap after
{Heap after GC invocations=393 (full 3):
 PSYoungGen      total 13824K, used 2942K [0x00000000d5580000, 0x00000000d6c00000, 0x0000000100000000)
  eden space 10752K, 0% used [0x00000000d5580000,0x00000000d5580000,0x00000000d6000000)
  from space 3072K, 95% used [0x00000000d6900000,0x00000000d6bdf8d0,0x00000000d6c00000)
  to   space 5120K, 0% used [0x00000000d6200000,0x00000000d6200000,0x00000000d6700000)
 ParOldGen       total 182784K, used 182733K [0x0000000080000000, 0x000000008b280000, 0x00000000d5580000)
  object space 182784K, 99% used [0x0000000080000000,0x000000008b2734b0,0x000000008b280000)
 Metaspace       used 59093K, committed 60416K, reserved 1114112K
  class space    used 6331K, committed 6912K, reserved 1048576K
}

Dll operation events (10 events):
Event: 0.031 Loaded shared library c:\Users\gigabyte\.vscode\extensions\redhat.java-1.46.0-win32-x64\jre\21.0.8-win32-x86_64\bin\java.dll
Event: 0.339 Loaded shared library c:\Users\gigabyte\.vscode\extensions\redhat.java-1.46.0-win32-x64\jre\21.0.8-win32-x86_64\bin\zip.dll
Event: 0.444 Loaded shared library C:\Users\gigabyte\.vscode\extensions\redhat.java-1.46.0-win32-x64\jre\21.0.8-win32-x86_64\bin\instrument.dll
Event: 0.465 Loaded shared library C:\Users\gigabyte\.vscode\extensions\redhat.java-1.46.0-win32-x64\jre\21.0.8-win32-x86_64\bin\net.dll
Event: 0.475 Loaded shared library C:\Users\gigabyte\.vscode\extensions\redhat.java-1.46.0-win32-x64\jre\21.0.8-win32-x86_64\bin\nio.dll
Event: 0.483 Loaded shared library C:\Users\gigabyte\.vscode\extensions\redhat.java-1.46.0-win32-x64\jre\21.0.8-win32-x86_64\bin\zip.dll
Event: 0.540 Loaded shared library C:\Users\gigabyte\.vscode\extensions\redhat.java-1.46.0-win32-x64\jre\21.0.8-win32-x86_64\bin\jimage.dll
Event: 0.844 Loaded shared library c:\Users\gigabyte\.vscode\extensions\redhat.java-1.46.0-win32-x64\jre\21.0.8-win32-x86_64\bin\verify.dll
Event: 4.878 Loaded shared library C:\Users\gigabyte\AppData\Roaming\Code\User\globalStorage\redhat.java\1.46.0\config_win\org.eclipse.equinox.launcher\org.eclipse.equinox.launcher.win32.win32.x86_64_1.2.1400.v20250801-0854\eclipse_11916.dll
Event: 8.320 Loaded shared library C:\Users\gigabyte\AppData\Local\Temp\jna-860867652\jna15599343627694251766.dll

Deoptimization events (20 events):
Event: 61.771 Thread 0x00000257056ed3d0 Uncommon trap: trap_request=0xffffffbe fr.pc=0x0000025731bccc28 relative=0x0000000000000188
Event: 61.771 Thread 0x00000257056ed3d0 Uncommon trap: reason=profile_predicate action=maybe_recompile pc=0x0000025731bccc28 method=java.util.HashMap.keysToArray([Ljava/lang/Object;)[Ljava/lang/Object; @ 36 c2
Event: 61.771 Thread 0x00000257056ed3d0 DEOPT PACKING pc=0x0000025731bccc28 sp=0x000000ca5fefda70
Event: 61.771 Thread 0x00000257056ed3d0 DEOPT UNPACKING pc=0x0000025730eb3aa2 sp=0x000000ca5fefd9f0 mode 2
Event: 61.772 Thread 0x00000257056efb30 Uncommon trap: trap_request=0xffffffbe fr.pc=0x0000025731bccc28 relative=0x0000000000000188
Event: 61.772 Thread 0x00000257056efb30 Uncommon trap: reason=profile_predicate action=maybe_recompile pc=0x0000025731bccc28 method=java.util.HashMap.keysToArray([Ljava/lang/Object;)[Ljava/lang/Object; @ 36 c2
Event: 61.772 Thread 0x00000257056efb30 DEOPT PACKING pc=0x0000025731bccc28 sp=0x000000ca5fffdc00
Event: 61.772 Thread 0x00000257056efb30 DEOPT UNPACKING pc=0x0000025730eb3aa2 sp=0x000000ca5fffdb80 mode 2
Event: 61.783 Thread 0x00000257056ed3d0 DEOPT PACKING pc=0x0000025729d907a5 sp=0x000000ca5fefd1f0
Event: 61.783 Thread 0x00000257056ed3d0 DEOPT UNPACKING pc=0x0000025730eb4242 sp=0x000000ca5fefc8b0 mode 0
Event: 61.798 Thread 0x00000257097f0bb0 Uncommon trap: trap_request=0xffffff76 fr.pc=0x0000025731bd3d94 relative=0x0000000000000174
Event: 61.798 Thread 0x00000257097f0bb0 Uncommon trap: reason=predicate action=maybe_recompile pc=0x0000025731bd3d94 method=java.util.HashMap.keysToArray([Ljava/lang/Object;)[Ljava/lang/Object; @ 48 c2
Event: 61.798 Thread 0x00000257097f0bb0 DEOPT PACKING pc=0x0000025731bd3d94 sp=0x000000ca5c0fc990
Event: 61.798 Thread 0x00000257097f0bb0 DEOPT UNPACKING pc=0x0000025730eb3aa2 sp=0x000000ca5c0fc918 mode 2
Event: 61.799 Thread 0x00000257097ea940 DEOPT PACKING pc=0x0000025729d907a5 sp=0x000000ca5fdfd8b0
Event: 61.799 Thread 0x00000257097ea940 DEOPT UNPACKING pc=0x0000025730eb4242 sp=0x000000ca5fdfcf70 mode 0
Event: 61.801 Thread 0x00000257097f0bb0 DEOPT PACKING pc=0x0000025729d90863 sp=0x000000ca5c0fd460
Event: 61.801 Thread 0x00000257097f0bb0 DEOPT UNPACKING pc=0x0000025730eb4242 sp=0x000000ca5c0fcb20 mode 0
Event: 61.842 Thread 0x00000257056efb30 DEOPT PACKING pc=0x0000025729d90863 sp=0x000000ca5fffd750
Event: 61.842 Thread 0x00000257056efb30 DEOPT UNPACKING pc=0x0000025730eb4242 sp=0x000000ca5fffce10 mode 0

Classes loaded (20 events):
Event: 52.021 Loading class java/util/regex/Pattern$Caret
Event: 52.021 Loading class java/util/regex/Pattern$Caret done
Event: 52.184 Loading class java/util/Hashtable$ValueCollection
Event: 52.185 Loading class java/util/Hashtable$ValueCollection done
Event: 52.496 Loading class java/util/stream/ReferencePipeline$4
Event: 52.497 Loading class java/util/stream/ReferencePipeline$4 done
Event: 52.497 Loading class java/util/stream/Nodes$IntFixedNodeBuilder
Event: 52.498 Loading class java/util/stream/Node$Builder$OfInt
Event: 52.498 Loading class java/util/stream/Node$Builder$OfInt done
Event: 52.498 Loading class java/util/stream/Nodes$IntArrayNode
Event: 52.498 Loading class java/util/stream/Nodes$IntArrayNode done
Event: 52.498 Loading class java/util/stream/Nodes$IntFixedNodeBuilder done
Event: 52.499 Loading class java/util/stream/ReferencePipeline$4$1
Event: 52.499 Loading class java/util/stream/ReferencePipeline$4$1 done
Event: 58.151 Loading class java/util/stream/ReduceOps$4
Event: 58.152 Loading class java/util/stream/ReduceOps$4 done
Event: 58.152 Loading class java/util/stream/ReduceOps$4ReducingSink
Event: 58.152 Loading class java/util/stream/ReduceOps$4ReducingSink done
Event: 58.155 Loading class java/nio/file/Files$2
Event: 58.155 Loading class java/nio/file/Files$2 done

Classes unloaded (15 events):
Event: 9.901 Thread 0x000002577e1e69e0 Unloading class 0x000002573e1a8c00 'java/lang/invoke/LambdaForm$MH+0x000002573e1a8c00'
Event: 9.901 Thread 0x000002577e1e69e0 Unloading class 0x000002573e1a8800 'java/lang/invoke/LambdaForm$MH+0x000002573e1a8800'
Event: 9.901 Thread 0x000002577e1e69e0 Unloading class 0x000002573e1a8400 'java/lang/invoke/LambdaForm$MH+0x000002573e1a8400'
Event: 9.901 Thread 0x000002577e1e69e0 Unloading class 0x000002573e1a8000 'java/lang/invoke/LambdaForm$MH+0x000002573e1a8000'
Event: 9.901 Thread 0x000002577e1e69e0 Unloading class 0x000002573e1a7c00 'java/lang/invoke/LambdaForm$BMH+0x000002573e1a7c00'
Event: 9.901 Thread 0x000002577e1e69e0 Unloading class 0x000002573e1a7800 'java/lang/invoke/LambdaForm$DMH+0x000002573e1a7800'
Event: 9.901 Thread 0x000002577e1e69e0 Unloading class 0x000002573e1a6400 'java/lang/invoke/LambdaForm$DMH+0x000002573e1a6400'
Event: 58.495 Thread 0x000002577e1e69e0 Unloading class 0x000002573e6a8400 'java/lang/invoke/LambdaForm$MH+0x000002573e6a8400'
Event: 58.495 Thread 0x000002577e1e69e0 Unloading class 0x000002573e6a8000 'java/lang/invoke/LambdaForm$MH+0x000002573e6a8000'
Event: 58.495 Thread 0x000002577e1e69e0 Unloading class 0x000002573e6a1c00 'java/lang/invoke/LambdaForm$MH+0x000002573e6a1c00'
Event: 58.495 Thread 0x000002577e1e69e0 Unloading class 0x000002573e6a1400 'java/lang/invoke/LambdaForm$DMH+0x000002573e6a1400'
Event: 58.495 Thread 0x000002577e1e69e0 Unloading class 0x000002573e6a1000 'java/lang/invoke/LambdaForm$DMH+0x000002573e6a1000'
Event: 58.495 Thread 0x000002577e1e69e0 Unloading class 0x000002573e6a0c00 'java/lang/invoke/LambdaForm$DMH+0x000002573e6a0c00'
Event: 58.495 Thread 0x000002577e1e69e0 Unloading class 0x000002573e6a0800 'java/lang/invoke/LambdaForm$DMH+0x000002573e6a0800'
Event: 58.495 Thread 0x000002577e1e69e0 Unloading class 0x000002573e6a0000 'java/lang/invoke/LambdaForm$DMH+0x000002573e6a0000'

Classes redefined (0 events):
No events

Internal exceptions (20 events):
Event: 58.161 Thread 0x00000257097ef170 Exception <a 'java/lang/NoSuchMethodError'{0x00000000d58ed5f0}: 'int java.lang.invoke.DirectMethodHandle$Holder.invokeSpecialIFC(java.lang.Object, java.lang.Object, java.lang.Object)'> (0x00000000d58ed5f0) 
thrown [s\src\hotspot\share\interpreter\linkResolver.cpp, line 773]
Event: 58.162 Thread 0x00000257097f0bb0 Exception <a 'java/lang/NoSuchMethodError'{0x00000000d58daf68}: 'int java.lang.invoke.DirectMethodHandle$Holder.invokeSpecialIFC(java.lang.Object, java.lang.Object, java.lang.Object)'> (0x00000000d58daf68) 
thrown [s\src\hotspot\share\interpreter\linkResolver.cpp, line 773]
Event: 58.162 Thread 0x00000257056efb30 Exception <a 'java/lang/NoSuchMethodError'{0x00000000d58dff20}: 'int java.lang.invoke.DirectMethodHandle$Holder.invokeSpecialIFC(java.lang.Object, java.lang.Object, java.lang.Object)'> (0x00000000d58dff20) 
thrown [s\src\hotspot\share\interpreter\linkResolver.cpp, line 773]
Event: 58.203 Thread 0x00000257056efb30 Exception <a 'java/lang/LinkageError'{0x00000000d5a53e18}: loader lombok.launch.ShadowClassLoader @1eb65934 attempted duplicate class definition for lombok.launch.PatchFixesHider$Delegate. (lombok.launch.PatchFixesHider$Delegate is in unnamed module of loader lombok.launch.ShadowClassLoader @1eb65934, parent loader org.eclipse.osgi.internal.loader.EquinoxClassLoader @5955584e)> (0x00000000d5a53e18) 
thrown [s\src\hotspot\share\classfile\systemDictionary.cpp, line 1682]
Event: 58.203 Thread 0x00000257097ea940 Exception <a 'java/lang/LinkageError'{0x00000000d5a47c30}: loader lombok.launch.ShadowClassLoader @1eb65934 attempted duplicate class definition for lombok.launch.PatchFixesHider$Delegate. (lombok.launch.PatchFixesHider$Delegate is in unnamed module of loader lombok.launch.ShadowClassLoader @1eb65934, parent loader org.eclipse.osgi.internal.loader.EquinoxClassLoader @5955584e)> (0x00000000d5a47c30) 
thrown [s\src\hotspot\share\classfile\systemDictionary.cpp, line 1682]
Event: 58.204 Thread 0x00000257056ed3d0 Exception <a 'java/lang/LinkageError'{0x00000000d5a93190}: loader lombok.launch.ShadowClassLoader @1eb65934 attempted duplicate class definition for lombok.launch.PatchFixesHider$Delegate. (lombok.launch.PatchFixesHider$Delegate is in unnamed module of loader lombok.launch.ShadowClassLoader @1eb65934, parent loader org.eclipse.osgi.internal.loader.EquinoxClassLoader @5955584e)> (0x00000000d5a93190) 
thrown [s\src\hotspot\share\classfile\systemDictionary.cpp, line 1682]
Event: 58.204 Thread 0x00000257097ea2b0 Exception <a 'java/lang/LinkageError'{0x00000000d59f30f0}: loader lombok.launch.ShadowClassLoader @1eb65934 attempted duplicate class definition for lombok.launch.PatchFixesHider$Delegate. (lombok.launch.PatchFixesHider$Delegate is in unnamed module of loader lombok.launch.ShadowClassLoader @1eb65934, parent loader org.eclipse.osgi.internal.loader.EquinoxClassLoader @5955584e)> (0x00000000d59f30f0) 
thrown [s\src\hotspot\share\classfile\systemDictionary.cpp, line 1682]
Event: 58.210 Thread 0x00000257097ef170 Exception <a 'java/lang/LinkageError'{0x00000000d5a6d190}: loader lombok.launch.ShadowClassLoader @1eb65934 attempted duplicate class definition for lombok.launch.PatchFixesHider$Delegate. (lombok.launch.PatchFixesHider$Delegate is in unnamed module of loader lombok.launch.ShadowClassLoader @1eb65934, parent loader org.eclipse.osgi.internal.loader.EquinoxClassLoader @5955584e)> (0x00000000d5a6d190) 
thrown [s\src\hotspot\share\classfile\systemDictionary.cpp, line 1682]
Event: 58.715 Thread 0x00000257097f0bb0 Implicit null exception at 0x00000257315a1f06 to 0x00000257315a1ffc
Event: 58.880 Thread 0x00000257097ea940 Exception <a 'java/lang/LinkageError'{0x00000000d5d25d90}: loader lombok.launch.ShadowClassLoader @1eb65934 attempted duplicate class definition for lombok.launch.PatchFixesHider$ExtensionMethod. (lombok.launch.PatchFixesHider$ExtensionMethod is in unnamed module of loader lombok.launch.ShadowClassLoader @1eb65934, parent loader org.eclipse.osgi.internal.loader.EquinoxClassLoader @5955584e)> (0x00000000d5d25d90) 
thrown [s\src\hotspot\share\classfile\systemDictionary.cpp, line 1682]
Event: 58.881 Thread 0x00000257056ed3d0 Exception <a 'java/lang/LinkageError'{0x00000000d5d53c50}: loader lombok.launch.ShadowClassLoader @1eb65934 attempted duplicate class definition for lombok.launch.PatchFixesHider$ExtensionMethod. (lombok.launch.PatchFixesHider$ExtensionMethod is in unnamed module of loader lombok.launch.ShadowClassLoader @1eb65934, parent loader org.eclipse.osgi.internal.loader.EquinoxClassLoader @5955584e)> (0x00000000d5d53c50) 
thrown [s\src\hotspot\share\classfile\systemDictionary.cpp, line 1682]
Event: 58.882 Thread 0x00000257097f0bb0 Exception <a 'java/lang/LinkageError'{0x00000000d5d79c60}: loader lombok.launch.ShadowClassLoader @1eb65934 attempted duplicate class definition for lombok.launch.PatchFixesHider$ExtensionMethod. (lombok.launch.PatchFixesHider$ExtensionMethod is in unnamed module of loader lombok.launch.ShadowClassLoader @1eb65934, parent loader org.eclipse.osgi.internal.loader.EquinoxClassLoader @5955584e)> (0x00000000d5d79c60) 
thrown [s\src\hotspot\share\classfile\systemDictionary.cpp, line 1682]
Event: 58.882 Thread 0x00000257056efb30 Exception <a 'java/lang/LinkageError'{0x00000000d5d46298}: loader lombok.launch.ShadowClassLoader @1eb65934 attempted duplicate class definition for lombok.launch.PatchFixesHider$ExtensionMethod. (lombok.launch.PatchFixesHider$ExtensionMethod is in unnamed module of loader lombok.launch.ShadowClassLoader @1eb65934, parent loader org.eclipse.osgi.internal.loader.EquinoxClassLoader @5955584e)> (0x00000000d5d46298) 
thrown [s\src\hotspot\share\classfile\systemDictionary.cpp, line 1682]
Event: 58.889 Thread 0x00000257097ef170 Exception <a 'java/lang/LinkageError'{0x00000000d5db5210}: loader lombok.launch.ShadowClassLoader @1eb65934 attempted duplicate class definition for lombok.launch.PatchFixesHider$ExtensionMethod. (lombok.launch.PatchFixesHider$ExtensionMethod is in unnamed module of loader lombok.launch.ShadowClassLoader @1eb65934, parent loader org.eclipse.osgi.internal.loader.EquinoxClassLoader @5955584e)> (0x00000000d5db5210) 
thrown [s\src\hotspot\share\classfile\systemDictionary.cpp, line 1682]
Event: 58.927 Thread 0x00000257097ea940 Implicit null exception at 0x0000025731a85697 to 0x0000025731a87978
Event: 58.927 Thread 0x00000257097f0bb0 Implicit null exception at 0x0000025731a85697 to 0x0000025731a87978
Event: 58.928 Thread 0x00000257056efb30 Implicit null exception at 0x0000025731a85697 to 0x0000025731a87978
Event: 58.928 Thread 0x00000257097ea2b0 Implicit null exception at 0x0000025731a901c7 to 0x0000025731a91f84
Event: 58.928 Thread 0x00000257097ef170 Implicit null exception at 0x0000025731a85697 to 0x0000025731a87978
Event: 61.043 Thread 0x00000257056ed3d0 Implicit null exception at 0x0000025731b13bcb to 0x0000025731b13d30

ZGC Phase Switch (0 events):
No events

VM Operations (20 events):
Event: 61.641 Executing VM operation: ParallelGCFailedAllocation (Allocation Failure)
Event: 61.643 Executing VM operation: ParallelGCFailedAllocation (Allocation Failure) done
Event: 61.653 Executing VM operation: ParallelGCFailedAllocation (Allocation Failure)
Event: 61.656 Executing VM operation: ParallelGCFailedAllocation (Allocation Failure) done
Event: 61.675 Executing VM operation: ParallelGCFailedAllocation (Allocation Failure)
Event: 61.677 Executing VM operation: ParallelGCFailedAllocation (Allocation Failure) done
Event: 61.702 Executing VM operation: ParallelGCFailedAllocation (Allocation Failure)
Event: 61.708 Executing VM operation: ParallelGCFailedAllocation (Allocation Failure) done
Event: 61.748 Executing VM operation: ParallelGCFailedAllocation (Allocation Failure)
Event: 61.755 Executing VM operation: ParallelGCFailedAllocation (Allocation Failure) done
Event: 61.783 Executing VM operation: ParallelGCFailedAllocation (Allocation Failure)
Event: 61.790 Executing VM operation: ParallelGCFailedAllocation (Allocation Failure) done
Event: 61.807 Executing VM operation: ParallelGCFailedAllocation (Allocation Failure)
Event: 61.814 Executing VM operation: ParallelGCFailedAllocation (Allocation Failure) done
Event: 62.815 Executing VM operation: Cleanup
Event: 62.815 Executing VM operation: Cleanup done
Event: 120.363 Executing VM operation: HandshakeAllThreads (HandshakeForDeflation)
Event: 120.363 Executing VM operation: HandshakeAllThreads (HandshakeForDeflation) done
Event: 120.364 Executing VM operation: RendezvousGCThreads
Event: 120.364 Executing VM operation: RendezvousGCThreads done

Memory protections (0 events):
No events

Nmethod flushes (20 events):
Event: 58.538 Thread 0x000002577e1e69e0 flushing  nmethod 0x000002572a1d0390
Event: 58.538 Thread 0x000002577e1e69e0 flushing  nmethod 0x000002572a1d1110
Event: 58.538 Thread 0x000002577e1e69e0 flushing  nmethod 0x000002572a1d1590
Event: 58.538 Thread 0x000002577e1e69e0 flushing  nmethod 0x000002572a1d5410
Event: 58.538 Thread 0x000002577e1e69e0 flushing  nmethod 0x000002572a217e90
Event: 58.538 Thread 0x000002577e1e69e0 flushing  nmethod 0x000002572a21ad10
Event: 58.538 Thread 0x000002577e1e69e0 flushing  nmethod 0x000002572a21b190
Event: 58.538 Thread 0x000002577e1e69e0 flushing  nmethod 0x000002572a221690
Event: 58.538 Thread 0x000002577e1e69e0 flushing  nmethod 0x000002572a222b10
Event: 58.538 Thread 0x000002577e1e69e0 flushing  nmethod 0x000002572a224090
Event: 58.538 Thread 0x000002577e1e69e0 flushing  nmethod 0x000002572a224690
Event: 58.538 Thread 0x000002577e1e69e0 flushing  nmethod 0x000002572a226110
Event: 58.538 Thread 0x000002577e1e69e0 flushing  nmethod 0x000002572a22f710
Event: 58.538 Thread 0x000002577e1e69e0 flushing  nmethod 0x000002572a22fb10
Event: 58.538 Thread 0x000002577e1e69e0 flushing  nmethod 0x000002572a22ff90
Event: 58.538 Thread 0x000002577e1e69e0 flushing  nmethod 0x000002572a230590
Event: 58.538 Thread 0x000002577e1e69e0 flushing  nmethod 0x000002572a265790
Event: 58.538 Thread 0x000002577e1e69e0 flushing  nmethod 0x000002572a266090
Event: 58.538 Thread 0x000002577e1e69e0 flushing  nmethod 0x000002572a266890
Event: 58.538 Thread 0x000002577e1e69e0 flushing  nmethod 0x000002572a267f10

Events (20 events):
Event: 56.108 Thread 0x00000257267fe450 Thread added: 0x0000025706328050
Event: 57.410 Thread 0x0000025706328050 Thread exited: 0x0000025706328050
Event: 57.601 Thread 0x00000257267fe450 Thread added: 0x000002570a011c80
Event: 60.018 Thread 0x000002570a011c80 Thread exited: 0x000002570a011c80
Event: 60.018 Thread 0x00000257056b5900 Thread exited: 0x00000257056b5900
Event: 60.030 Thread 0x00000257267fe450 Thread added: 0x00000257056b5900
Event: 60.068 Thread 0x00000257267fe450 Thread added: 0x000002570a011c80
Event: 61.426 Thread 0x000002570a011c80 Thread exited: 0x000002570a011c80
Event: 61.426 Thread 0x00000257056b5900 Thread exited: 0x00000257056b5900
Event: 61.433 Thread 0x00000257267edbc0 Thread added: 0x00000257056b5900
Event: 61.485 Thread 0x00000257267fe450 Thread added: 0x000002570a011c80
Event: 64.721 Thread 0x000002570a011c80 Thread exited: 0x000002570a011c80
Event: 64.721 Thread 0x00000257056b5900 Thread exited: 0x00000257056b5900
Event: 110.778 Thread 0x0000025705c3a040 Thread exited: 0x0000025705c3a040
Event: 112.595 Thread 0x0000025705c3ad60 Thread exited: 0x0000025705c3ad60
Event: 113.666 Thread 0x0000025705c3a6d0 Thread exited: 0x0000025705c3a6d0
Event: 116.063 Thread 0x00000257097eddc0 Thread exited: 0x00000257097eddc0
Event: 117.294 Thread 0x0000025705712860 Thread exited: 0x0000025705712860
Event: 121.940 Thread 0x00000257056efb30 Thread exited: 0x00000257056efb30
Event: 181.950 Thread 0x00000257097ef170 Thread exited: 0x00000257097ef170


Dynamic libraries:
0x00007ff7b80b0000 - 0x00007ff7b80be000 	c:\Users\gigabyte\.vscode\extensions\redhat.java-1.46.0-win32-x64\jre\21.0.8-win32-x86_64\bin\java.exe
0x00007ffa152d0000 - 0x00007ffa154e7000 	C:\Windows\SYSTEM32\ntdll.dll
0x00007ffa14a50000 - 0x00007ffa14b14000 	C:\Windows\System32\KERNEL32.DLL
0x00007ffa12810000 - 0x00007ffa12be2000 	C:\Windows\System32\KERNELBASE.dll
0x00007ffa126f0000 - 0x00007ffa12801000 	C:\Windows\System32\ucrtbase.dll
0x00007ff9ef0f0000 - 0x00007ff9ef10e000 	c:\Users\gigabyte\.vscode\extensions\redhat.java-1.46.0-win32-x64\jre\21.0.8-win32-x86_64\bin\VCRUNTIME140.dll
0x00007ff9e7bb0000 - 0x00007ff9e7bc8000 	c:\Users\gigabyte\.vscode\extensions\redhat.java-1.46.0-win32-x64\jre\21.0.8-win32-x86_64\bin\jli.dll
0x00007ffa150d0000 - 0x00007ffa15281000 	C:\Windows\System32\USER32.dll
0x00007ffa12bf0000 - 0x00007ffa12c16000 	C:\Windows\System32\win32u.dll
0x00007ff9e37f0000 - 0x00007ff9e3a8b000 	C:\Windows\WinSxS\amd64_microsoft.windows.common-controls_6595b64144ccf1df_6.0.22621.5547_none_27104afb73855772\COMCTL32.dll
0x00007ffa12f60000 - 0x00007ffa12f89000 	C:\Windows\System32\GDI32.dll
0x00007ffa15020000 - 0x00007ffa150c7000 	C:\Windows\System32\msvcrt.dll
0x00007ffa12d60000 - 0x00007ffa12e83000 	C:\Windows\System32\gdi32full.dll
0x00007ffa12ec0000 - 0x00007ffa12f5a000 	C:\Windows\System32\msvcp_win.dll
0x00007ffa13bb0000 - 0x00007ffa13be1000 	C:\Windows\System32\IMM32.DLL
0x00007ffa0f0c0000 - 0x00007ffa0f0cc000 	c:\Users\gigabyte\.vscode\extensions\redhat.java-1.46.0-win32-x64\jre\21.0.8-win32-x86_64\bin\vcruntime140_1.dll
0x00007ff9e7000000 - 0x00007ff9e708d000 	c:\Users\gigabyte\.vscode\extensions\redhat.java-1.46.0-win32-x64\jre\21.0.8-win32-x86_64\bin\msvcp140.dll
0x00007ff9aada0000 - 0x00007ff9abb37000 	c:\Users\gigabyte\.vscode\extensions\redhat.java-1.46.0-win32-x64\jre\21.0.8-win32-x86_64\bin\server\jvm.dll
0x00007ffa14130000 - 0x00007ffa141e1000 	C:\Windows\System32\ADVAPI32.dll
0x00007ffa13fa0000 - 0x00007ffa14048000 	C:\Windows\System32\sechost.dll
0x00007ffa12e90000 - 0x00007ffa12eb8000 	C:\Windows\System32\bcrypt.dll
0x00007ffa14dd0000 - 0x00007ffa14ee4000 	C:\Windows\System32\RPCRT4.dll
0x00007ffa14350000 - 0x00007ffa143c1000 	C:\Windows\System32\WS2_32.dll
0x00007ffa0ad40000 - 0x00007ffa0ad74000 	C:\Windows\SYSTEM32\WINMM.dll
0x00007ffa11200000 - 0x00007ffa1124d000 	C:\Windows\SYSTEM32\POWRPROF.dll
0x00007ffa04890000 - 0x00007ffa0489a000 	C:\Windows\SYSTEM32\VERSION.dll
0x00007ffa111e0000 - 0x00007ffa111f3000 	C:\Windows\SYSTEM32\UMPDC.dll
0x00007ffa114a0000 - 0x00007ffa114b8000 	C:\Windows\SYSTEM32\kernel.appcore.dll
0x00007ffa0d050000 - 0x00007ffa0d05a000 	c:\Users\gigabyte\.vscode\extensions\redhat.java-1.46.0-win32-x64\jre\21.0.8-win32-x86_64\bin\jimage.dll
0x00007ffa0ff90000 - 0x00007ffa101c3000 	C:\Windows\SYSTEM32\DBGHELP.DLL
0x00007ffa13c00000 - 0x00007ffa13f93000 	C:\Windows\System32\combase.dll
0x00007ffa14050000 - 0x00007ffa14127000 	C:\Windows\System32\OLEAUT32.dll
0x00007ffa01cd0000 - 0x00007ffa01d02000 	C:\Windows\SYSTEM32\dbgcore.DLL
0x00007ffa12530000 - 0x00007ffa125ab000 	C:\Windows\System32\bcryptPrimitives.dll
0x00007ff9f0170000 - 0x00007ff9f017f000 	c:\Users\gigabyte\.vscode\extensions\redhat.java-1.46.0-win32-x64\jre\21.0.8-win32-x86_64\bin\instrument.dll
0x00007ff9e7b90000 - 0x00007ff9e7baf000 	c:\Users\gigabyte\.vscode\extensions\redhat.java-1.46.0-win32-x64\jre\21.0.8-win32-x86_64\bin\java.dll
0x00007ffa13020000 - 0x00007ffa138c2000 	C:\Windows\System32\SHELL32.dll
0x00007ffa125b0000 - 0x00007ffa126ef000 	C:\Windows\System32\wintypes.dll
0x00007ffa102b0000 - 0x00007ffa10bcd000 	C:\Windows\SYSTEM32\windows.storage.dll
0x00007ffa14440000 - 0x00007ffa1454c000 	C:\Windows\System32\SHCORE.dll
0x00007ffa13b40000 - 0x00007ffa13ba9000 	C:\Windows\System32\shlwapi.dll
0x00007ffa122f0000 - 0x00007ffa1231b000 	C:\Windows\SYSTEM32\profapi.dll
0x00007ffa0b070000 - 0x00007ffa0b088000 	c:\Users\gigabyte\.vscode\extensions\redhat.java-1.46.0-win32-x64\jre\21.0.8-win32-x86_64\bin\zip.dll
0x00007ffa0b8c0000 - 0x00007ffa0b8d0000 	C:\Users\gigabyte\.vscode\extensions\redhat.java-1.46.0-win32-x64\jre\21.0.8-win32-x86_64\bin\net.dll
0x00007ffa0d3e0000 - 0x00007ffa0d50c000 	C:\Windows\SYSTEM32\WINHTTP.dll
0x00007ffa11920000 - 0x00007ffa11989000 	C:\Windows\system32\mswsock.dll
0x00007ff9e7ae0000 - 0x00007ff9e7af6000 	C:\Users\gigabyte\.vscode\extensions\redhat.java-1.46.0-win32-x64\jre\21.0.8-win32-x86_64\bin\nio.dll
0x00007ff9f6eb0000 - 0x00007ff9f6ec0000 	c:\Users\gigabyte\.vscode\extensions\redhat.java-1.46.0-win32-x64\jre\21.0.8-win32-x86_64\bin\verify.dll
0x00007ff9ca840000 - 0x00007ff9ca884000 	C:\Users\gigabyte\AppData\Roaming\Code\User\globalStorage\redhat.java\1.46.0\config_win\org.eclipse.equinox.launcher\org.eclipse.equinox.launcher.win32.win32.x86_64_1.2.1400.v20250801-0854\eclipse_11916.dll
0x00007ffa138d0000 - 0x00007ffa13a70000 	C:\Windows\System32\ole32.dll
0x00007ffa11b90000 - 0x00007ffa11bab000 	C:\Windows\SYSTEM32\CRYPTSP.dll
0x00007ffa11400000 - 0x00007ffa11437000 	C:\Windows\system32\rsaenh.dll
0x00007ffa119f0000 - 0x00007ffa11a18000 	C:\Windows\SYSTEM32\USERENV.dll
0x00007ffa11bb0000 - 0x00007ffa11bbc000 	C:\Windows\SYSTEM32\CRYPTBASE.dll
0x00007ffa10ea0000 - 0x00007ffa10ecd000 	C:\Windows\SYSTEM32\IPHLPAPI.DLL
0x00007ffa13bf0000 - 0x00007ffa13bf9000 	C:\Windows\System32\NSI.dll
0x00007ff9ca350000 - 0x00007ff9ca399000 	C:\Users\gigabyte\AppData\Local\Temp\jna-860867652\jna15599343627694251766.dll
0x00007ffa14da0000 - 0x00007ffa14da8000 	C:\Windows\System32\PSAPI.DLL
0x00007ffa0da50000 - 0x00007ffa0da69000 	C:\Windows\SYSTEM32\dhcpcsvc6.DLL
0x00007ffa0d5c0000 - 0x00007ffa0d5df000 	C:\Windows\SYSTEM32\dhcpcsvc.DLL

JVMTI agents:
c:\Users\gigabyte\.vscode\extensions\redhat.java-1.46.0-win32-x64\lombok\lombok-1.18.39-4050.jar path:c:\Users\gigabyte\.vscode\extensions\redhat.java-1.46.0-win32-x64\jre\21.0.8-win32-x86_64\bin\instrument.dll, loaded, initialized, instrumentlib options:none

dbghelp: loaded successfully - version: 4.0.5 - missing functions: none
symbol engine: initialized successfully - sym options: 0x614 - pdb path: .;c:\Users\gigabyte\.vscode\extensions\redhat.java-1.46.0-win32-x64\jre\21.0.8-win32-x86_64\bin;C:\Windows\SYSTEM32;C:\Windows\WinSxS\amd64_microsoft.windows.common-controls_6595b64144ccf1df_6.0.22621.5547_none_27104afb73855772;c:\Users\gigabyte\.vscode\extensions\redhat.java-1.46.0-win32-x64\jre\21.0.8-win32-x86_64\bin\server;C:\Users\gigabyte\AppData\Roaming\Code\User\globalStorage\redhat.java\1.46.0\config_win\org.eclipse.equinox.launcher\org.eclipse.equinox.launcher.win32.win32.x86_64_1.2.1400.v20250801-0854;C:\Users\gigabyte\AppData\Local\Temp\jna-860867652

VM Arguments:
jvm_args: --add-modules=ALL-SYSTEM --add-opens=java.base/java.util=ALL-UNNAMED --add-opens=java.base/java.lang=ALL-UNNAMED --add-opens=java.base/sun.nio.fs=ALL-UNNAMED -Declipse.application=org.eclipse.jdt.ls.core.id1 -Dosgi.bundles.defaultStartLevel=4 -Declipse.product=org.eclipse.jdt.ls.core.product -Djava.import.generatesMetadataFilesAtProjectRoot=false -DDetectVMInstallationsJob.disabled=true -Dfile.encoding=utf8 -XX:+UseParallelGC -XX:GCTimeRatio=4 -XX:AdaptiveSizePolicyWeight=90 -Dsun.zip.disableMemoryMapping=true -Xmx2G -Xms100m -Xlog:disable -javaagent:c:\Users\gigabyte\.vscode\extensions\redhat.java-1.46.0-win32-x64\lombok\lombok-1.18.39-4050.jar -XX:+HeapDumpOnOutOfMemoryError -XX:HeapDumpPath=c:\Users\gigabyte\AppData\Roaming\Code\User\workspaceStorage\2fecfd49644819dd4abb8728363962c5\redhat.java -Daether.dependencyCollector.impl=bf 
java_command: c:\Users\gigabyte\.vscode\extensions\redhat.java-1.46.0-win32-x64\server\plugins\org.eclipse.equinox.launcher_1.7.0.v20250519-0528.jar -configuration c:\Users\gigabyte\AppData\Roaming\Code\User\globalStorage\redhat.java\1.46.0\config_win -data c:\Users\gigabyte\AppData\Roaming\Code\User\workspaceStorage\2fecfd49644819dd4abb8728363962c5\redhat.java\jdt_ws --pipe=\\.\pipe\lsp-9379d9babe3d428c33253da9610133ae-sock
java_class_path (initial): c:\Users\gigabyte\.vscode\extensions\redhat.java-1.46.0-win32-x64\server\plugins\org.eclipse.equinox.launcher_1.7.0.v20250519-0528.jar
Launcher Type: SUN_STANDARD

[Global flags]
    uintx AdaptiveSizePolicyWeight                 = 90                                        {product} {command line}
     intx CICompilerCount                          = 4                                         {product} {ergonomic}
    uintx GCTimeRatio                              = 4                                         {product} {command line}
     bool HeapDumpOnOutOfMemoryError               = true                                   {manageable} {command line}
    ccstr HeapDumpPath                             = c:\Users\gigabyte\AppData\Roaming\Code\User\workspaceStorage\2fecfd49644819dd4abb8728363962c5\redhat.java         {manageable} {command line}
   size_t InitialHeapSize                          = 104857600                                 {product} {command line}
   size_t MaxHeapSize                              = 2147483648                                {product} {command line}
   size_t MaxNewSize                               = 715653120                                 {product} {ergonomic}
   size_t MinHeapDeltaBytes                        = 524288                                    {product} {ergonomic}
   size_t MinHeapSize                              = 104857600                                 {product} {command line}
   size_t NewSize                                  = 34603008                                  {product} {ergonomic}
    uintx NonNMethodCodeHeapSize                   = 5839372                                {pd product} {ergonomic}
    uintx NonProfiledCodeHeapSize                  = 122909434                              {pd product} {ergonomic}
   size_t OldSize                                  = 70254592                                  {product} {ergonomic}
    uintx ProfiledCodeHeapSize                     = 122909434                              {pd product} {ergonomic}
    uintx ReservedCodeCacheSize                    = 251658240                              {pd product} {ergonomic}
     bool SegmentedCodeCache                       = true                                      {product} {ergonomic}
   size_t SoftMaxHeapSize                          = 2147483648                             {manageable} {ergonomic}
     bool UseCompressedOops                        = true                           {product lp64_product} {ergonomic}
     bool UseLargePagesIndividualAllocation        = false                                  {pd product} {ergonomic}
     bool UseParallelGC                            = true                                      {product} {command line}

Logging:
Log output configuration:
 #0: stdout all=off uptime,level,tags foldmultilines=false
 #1: stderr all=off uptime,level,tags foldmultilines=false

Environment Variables:
JAVA_HOME=C:\Program Files\Java\jdk-21
PATH=C:\Program Files\Java\jdk-21\bin;C:\Program Files\Common Files\Oracle\Java\javapath;C:\Program Files (x86)\Common Files\Oracle\Java\java8path;C:\Windows\system32;C:\Windows;C:\Windows\System32\Wbem;C:\Program Files (x86)\Common Files\Oracle\Java\javapath;C:\Windows\System32\WindowsPowerShell\v1.0\;C:\Windows\System32\OpenSSH\;C:\Program Files (x86)\NVIDIA Corporation\PhysX\Common;C:\Program Files\NVIDIA Corporation\NVIDIA NvDLISR;C:\Program Files (x86)\mingw-w64\i686-8.1.0-posix-dwarf-rt_v6-rev0;C:\msys64\mingw64\bin;C:\Program Files\dotnet\;C:\Program Files\Microsoft SQL Server\150\Tools\Binn\;C:\Program Files\Microsoft SQL Server\Client SDK\ODBC\170\Tools\Binn\;C:\Program Files (x86)\Windows Kits\10\Windows Performance Toolkit\;C:\Program Files (x86)\Microsoft SQL Server\160\Tools\Binn\;C:\Program Files\Microsoft SQL Server\160\Tools\Binn\;C:\Program Files\Microsoft SQL Server\160\DTS\Binn\;C:\Program Files (x86)\Microsoft SQL Server\160\DTS\Binn\;C:\curl\bin;C:\Program Files\Wireshark;C:\Program Files\Git\cmd;C:\Program Files\nodejs\;C:\Program Files\Docker\Docker\resources\bin;C:\Users\gigabyte\Downloads\gradle-8.12.1-bin\gradle-8.12.1\bin;C:\Program Files\Redis\;C:\Program Files\Redis;C:\Program Files\MySQL\MySQL Server 8.0\bin;C:\Program Files\Microsoft MPI\Bin\;C:\Program Files\Java\jdk-21\bin;C:\Windows\System32;C:\Windows;C:\Windows\System32\WindowsPowerShell\v1.0\;C:\Users\gigabyte\Downloads\gradle-8.12.1-bin\gradle-8.12.1\bin;C:\Users\gigabyte\AppData\Local\Programs\Microsoft VS Code\bin;C:\Users\gigabyte\AppData\Roaming\Microsoft\Windows\Start Menu\Programs\Visual Studio Code;C:\Users\gigabyte\AppData\Roaming\npm
USERNAME=gigabyte
OS=Windows_NT
PROCESSOR_IDENTIFIER=Intel64 Family 6 Model 154 Stepping 3, GenuineIntel
TMP=C:\Users\gigabyte\AppData\Local\Temp
TEMP=C:\Users\gigabyte\AppData\Local\Temp




Periodic native trim disabled

---------------  S Y S T E M  ---------------

OS:
 Windows 11 , 64 bit Build 22621 (10.0.22621.5415)
OS uptime: 0 days 18:36 hours
Hyper-V role detected

CPU: total 12 (initial active 12) (6 cores per cpu, 2 threads per core) family 6 model 154 stepping 3 microcode 0x41e, cx8, cmov, fxsr, ht, mmx, 3dnowpref, sse, sse2, sse3, ssse3, sse4.1, sse4.2, popcnt, lzcnt, tsc, tscinvbit, avx, avx2, aes, erms, clmul, bmi1, bmi2, adx, sha, fma, vzeroupper, clflush, clflushopt, clwb, hv, serialize, rdtscp, rdpid, fsrm, f16c, cet_ibt, cet_ss
Processor Information for processor 0
  Max Mhz: 2000, Current Mhz: 2000, Mhz Limit: 2000
Processor Information for processor 1
  Max Mhz: 2000, Current Mhz: 2000, Mhz Limit: 2000
Processor Information for processor 2
  Max Mhz: 2000, Current Mhz: 2000, Mhz Limit: 2000
Processor Information for processor 3
  Max Mhz: 2000, Current Mhz: 2000, Mhz Limit: 2000
Processor Information for processor 4
  Max Mhz: 2000, Current Mhz: 2000, Mhz Limit: 2000
Processor Information for processor 5
  Max Mhz: 2000, Current Mhz: 2000, Mhz Limit: 2000
Processor Information for processor 6
  Max Mhz: 2000, Current Mhz: 2000, Mhz Limit: 2000
Processor Information for processor 7
  Max Mhz: 2000, Current Mhz: 2000, Mhz Limit: 2000
Processor Information for processor 8
  Max Mhz: 2000, Current Mhz: 1500, Mhz Limit: 1500
Processor Information for processor 9
  Max Mhz: 2000, Current Mhz: 1500, Mhz Limit: 1500
Processor Information for processor 10
  Max Mhz: 2000, Current Mhz: 1500, Mhz Limit: 1500
Processor Information for processor 11
  Max Mhz: 2000, Current Mhz: 1500, Mhz Limit: 1500

Memory: 4k page, system-wide physical 16104M (413M free)
TotalPageFile size 24296M (AvailPageFile size 4M)
current process WorkingSet (physical memory assigned to process): 381M, peak: 449M
current process commit charge ("private bytes"): 469M, peak: 537M

vm_info: OpenJDK 64-Bit Server VM (21.0.8+9-LTS) for windows-amd64 JRE (21.0.8+9-LTS), built on 2025-07-15T00:00:00Z by "admin" with MS VC++ 17.7 (VS2022)

END.
