{"level":"error","message":"Error connecting to MongoDB: getaddrinfo ENOTFOUND mongodb_order","service":"order-service","timestamp":"2025-10-20T02:00:47.243Z"}
{"level":"error","message":"Error connecting to MongoDB: connect ECONNREFUSED ::1:27017","service":"order-service","timestamp":"2025-10-20T02:40:12.671Z"}
{"level":"error","message":"Error connecting to MongoDB: connect ECONNREFUSED ::1:27017","service":"order-service","timestamp":"2025-10-20T02:40:55.025Z"}
{"level":"error","message":"Error connecting to MongoDB: connect ECONNREFUSED ::1:27017","service":"order-service","timestamp":"2025-10-20T02:41:15.151Z"}
{"level":"error","message":"Error connecting to MongoDB: connect ECONNREFUSED ::1:27017","service":"order-service","timestamp":"2025-10-20T02:43:11.851Z"}
{"level":"error","message":"Error connecting to MongoDB: connect ECONNREFUSED ::1:27017","service":"order-service","timestamp":"2025-10-20T02:46:43.222Z"}
{"level":"info","message":"MongoDB Connected: 127.0.0.1","service":"order-service","timestamp":"2025-10-20T02:48:22.338Z"}
{"level":"info","message":"MongoDB Connected: 127.0.0.1","service":"order-service","timestamp":"2025-10-20T02:52:14.682Z"}
{"level":"info","message":"MongoDB Connected: 127.0.0.1","service":"order-service","timestamp":"2025-10-20T02:52:44.254Z"}
{"level":"info","message":"MongoDB Connected: 127.0.0.1","service":"order-service","timestamp":"2025-10-20T02:52:46.828Z"}
{"level":"info","message":"MongoDB Connected: 127.0.0.1","service":"order-service","timestamp":"2025-10-20T02:52:51.463Z"}
{"level":"info","message":"MongoDB Connected: 127.0.0.1","service":"order-service","timestamp":"2025-10-20T02:53:17.185Z"}
{"level":"info","message":"MongoDB Connected: 127.0.0.1","service":"order-service","timestamp":"2025-10-20T02:53:18.037Z"}
{"level":"info","message":"MongoDB Connected: 127.0.0.1","service":"order-service","timestamp":"2025-10-20T02:53:21.833Z"}
{"level":"info","message":"MongoDB Connected: 127.0.0.1","service":"order-service","timestamp":"2025-10-20T03:00:56.426Z"}
{"level":"info","message":"MongoDB Connected: 127.0.0.1","service":"order-service","timestamp":"2025-10-20T03:06:34.322Z"}
{"level":"info","message":"MongoDB Connected: 127.0.0.1","service":"order-service","timestamp":"2025-10-20T03:06:37.155Z"}
{"level":"info","message":"MongoDB Connected: 127.0.0.1","service":"order-service","timestamp":"2025-10-20T03:06:51.452Z"}
{"level":"info","message":"MongoDB Connected: 127.0.0.1","service":"order-service","timestamp":"2025-10-20T03:06:52.972Z"}
{"level":"info","message":"MongoDB Connected: 127.0.0.1","service":"order-service","timestamp":"2025-10-20T03:06:57.996Z"}
{"level":"info","message":"MongoDB Connected: 127.0.0.1","service":"order-service","timestamp":"2025-10-20T03:07:04.512Z"}
{"level":"info","message":"MongoDB Connected: 127.0.0.1","service":"order-service","timestamp":"2025-10-20T03:07:16.841Z"}
{"level":"info","message":"MongoDB Connected: 127.0.0.1","service":"order-service","timestamp":"2025-10-20T03:07:19.074Z"}
{"level":"info","message":"MongoDB Connected: 127.0.0.1","service":"order-service","timestamp":"2025-10-20T03:07:34.841Z"}
{"level":"info","message":"MongoDB Connected: 127.0.0.1","service":"order-service","timestamp":"2025-10-20T03:07:37.597Z"}
{"level":"info","message":"MongoDB Connected: 127.0.0.1","service":"order-service","timestamp":"2025-10-20T03:07:39.126Z"}
{"level":"info","message":"MongoDB Connected: 127.0.0.1","service":"order-service","timestamp":"2025-10-20T03:07:42.743Z"}
{"level":"info","message":"MongoDB Connected: 127.0.0.1","service":"order-service","timestamp":"2025-10-20T03:07:58.397Z"}
{"level":"info","message":"MongoDB Connected: 127.0.0.1","service":"order-service","timestamp":"2025-10-20T03:08:16.121Z"}
{"level":"info","message":"MongoDB Connected: 127.0.0.1","service":"order-service","timestamp":"2025-10-20T03:08:30.630Z"}
{"level":"info","message":"MongoDB Connected: 127.0.0.1","service":"order-service","timestamp":"2025-10-20T03:09:46.004Z"}
{"level":"info","message":"MongoDB Connected: 127.0.0.1","service":"order-service","timestamp":"2025-10-20T03:09:56.755Z"}
{"level":"info","message":"MongoDB Connected: 127.0.0.1","service":"order-service","timestamp":"2025-10-20T03:10:06.241Z"}
{"level":"info","message":"MongoDB Connected: 127.0.0.1","service":"order-service","timestamp":"2025-10-20T03:10:10.869Z"}
{"level":"info","message":"MongoDB Connected: 127.0.0.1","service":"order-service","timestamp":"2025-10-20T03:10:23.702Z"}
{"level":"info","message":"MongoDB Connected: 127.0.0.1","service":"order-service","timestamp":"2025-10-20T03:10:25.874Z"}
{"level":"info","message":"MongoDB Connected: 127.0.0.1","service":"order-service","timestamp":"2025-10-20T03:11:41.739Z"}
{"level":"info","message":"MongoDB Connected: 127.0.0.1","service":"order-service","timestamp":"2025-10-20T03:12:11.041Z"}
{"level":"info","message":"MongoDB Connected: 127.0.0.1","service":"order-service","timestamp":"2025-10-20T03:18:14.417Z"}
{"level":"info","message":"MongoDB Connected: 127.0.0.1","service":"order-service","timestamp":"2025-10-20T03:18:26.588Z"}
{"level":"info","message":"MongoDB Connected: 127.0.0.1","service":"order-service","timestamp":"2025-10-20T03:18:30.498Z"}
{"level":"info","message":"MongoDB Connected: 127.0.0.1","service":"order-service","timestamp":"2025-10-20T03:38:36.224Z"}
{"level":"info","message":"MongoDB Connected: 127.0.0.1","service":"order-service","timestamp":"2025-10-20T03:39:13.199Z"}
{"level":"error","message":"Error connecting to MongoDB: conn is not defined","service":"order-service","timestamp":"2025-10-20T03:39:20.689Z"}
{"level":"error","message":"Error connecting to MongoDB: conn is not defined","service":"order-service","timestamp":"2025-10-20T03:39:23.634Z"}
{"level":"error","message":"Error connecting to MongoDB: conn is not defined","service":"order-service","timestamp":"2025-10-20T03:39:34.603Z"}
{"level":"info","message":"MongoDB connected successfully","service":"order-service","timestamp":"2025-10-20T03:39:43.050Z"}
{"level":"info","message":"MongoDB connected successfully","service":"order-service","timestamp":"2025-10-20T03:39:45.618Z"}
{"level":"info","message":"MongoDB connected successfully","service":"order-service","timestamp":"2025-10-20T03:40:05.319Z"}
{"level":"info","message":"MongoDB connected successfully","service":"order-service","timestamp":"2025-10-20T03:40:26.415Z"}
{"level":"info","message":"MongoDB connected successfully","service":"order-service","timestamp":"2025-10-20T03:40:42.516Z"}
{"level":"info","message":"MongoDB connected successfully","service":"order-service","timestamp":"2025-10-20T03:40:50.295Z"}
{"level":"info","message":"MongoDB connected successfully","service":"order-service","timestamp":"2025-10-20T03:41:07.273Z"}
{"level":"info","message":"MongoDB connected successfully","service":"order-service","timestamp":"2025-10-20T03:41:23.201Z"}
{"level":"info","message":"MongoDB connected successfully","service":"order-service","timestamp":"2025-10-20T03:41:53.191Z"}
{"level":"info","message":"MongoDB connected successfully","service":"order-service","timestamp":"2025-10-20T03:41:54.285Z"}
{"level":"info","message":"MongoDB connected successfully","service":"order-service","timestamp":"2025-10-20T03:43:07.777Z"}
{"level":"info","message":"MongoDB connected successfully","service":"order-service","timestamp":"2025-10-20T03:43:22.229Z"}
{"level":"info","message":"MongoDB connected successfully","service":"order-service","timestamp":"2025-10-20T03:43:27.046Z"}
{"level":"info","message":"MongoDB connected successfully","service":"order-service","timestamp":"2025-10-20T03:43:28.068Z"}
{"level":"info","message":"MongoDB connected successfully","service":"order-service","timestamp":"2025-10-20T03:44:06.279Z"}
{"level":"info","message":"MongoDB connected successfully","service":"order-service","timestamp":"2025-10-20T03:46:55.355Z"}
{"level":"info","message":"MongoDB connected successfully","service":"order-service","timestamp":"2025-10-20T03:47:30.403Z"}
{"level":"info","message":"MongoDB connected successfully","service":"order-service","timestamp":"2025-10-20T03:47:40.614Z"}
{"level":"info","message":"MongoDB connected successfully","service":"order-service","timestamp":"2025-10-20T04:40:29.532Z"}
{"level":"info","message":"MongoDB connected successfully","service":"order-service","timestamp":"2025-10-20T04:40:30.024Z"}
{"level":"info","message":"MongoDB connected successfully","service":"order-service","timestamp":"2025-10-20T04:41:35.069Z"}
{"level":"info","message":"MongoDB connected successfully","service":"order-service","timestamp":"2025-10-20T07:03:58.839Z"}
{"level":"info","message":"MongoDB connected successfully","service":"order-service","timestamp":"2025-10-20T07:06:39.251Z"}
{"level":"info","message":"MongoDB connected successfully","service":"order-service","timestamp":"2025-10-20T07:07:04.426Z"}
{"level":"info","message":"RabbitMQ connected successfully","service":"order-service","timestamp":"2025-10-20T07:07:07.055Z"}
{"level":"info","message":"MongoDB connected successfully","service":"order-service","timestamp":"2025-10-20T07:16:45.385Z"}
{"level":"info","message":"RabbitMQ connected successfully","service":"order-service","timestamp":"2025-10-20T07:16:47.899Z"}
{"level":"info","message":"MongoDB connected successfully","service":"order-service","timestamp":"2025-10-20T07:17:06.249Z"}
{"level":"info","message":"RabbitMQ connected successfully","service":"order-service","timestamp":"2025-10-20T07:17:08.739Z"}
{"level":"info","message":"MongoDB connected successfully","service":"order-service","timestamp":"2025-10-20T07:18:42.573Z"}
{"level":"info","message":"RabbitMQ connected successfully","service":"order-service","timestamp":"2025-10-20T07:18:45.011Z"}
{"level":"info","message":"MongoDB connected successfully","service":"order-service","timestamp":"2025-10-20T07:22:03.748Z"}
{"level":"info","message":"RabbitMQ connected successfully","service":"order-service","timestamp":"2025-10-20T07:22:06.305Z"}
{"level":"info","message":"MongoDB connected successfully","service":"order-service","timestamp":"2025-10-20T07:22:15.957Z"}
{"level":"info","message":"RabbitMQ connected successfully","service":"order-service","timestamp":"2025-10-20T07:22:18.493Z"}
{"level":"info","message":"MongoDB connected successfully","service":"order-service","timestamp":"2025-10-20T07:23:42.616Z"}
{"level":"info","message":"MongoDB connected successfully","service":"order-service","timestamp":"2025-10-20T07:23:44.979Z"}
{"level":"info","message":"RabbitMQ connected successfully","service":"order-service","timestamp":"2025-10-20T07:23:47.423Z"}
{"level":"info","message":"MongoDB connected successfully","service":"order-service","timestamp":"2025-10-20T07:23:58.974Z"}
{"level":"info","message":"RabbitMQ connected successfully","service":"order-service","timestamp":"2025-10-20T07:24:01.677Z"}
{"level":"info","message":"MongoDB connected successfully","service":"order-service","timestamp":"2025-10-20T07:24:05.946Z"}
{"level":"info","message":"RabbitMQ connected successfully","service":"order-service","timestamp":"2025-10-20T07:24:08.460Z"}
{"level":"info","message":"MongoDB connected successfully","service":"order-service","timestamp":"2025-10-20T07:24:38.191Z"}
{"level":"info","message":"RabbitMQ connected successfully","service":"order-service","timestamp":"2025-10-20T07:24:40.665Z"}
{"level":"info","message":"MongoDB connected successfully","service":"order-service","timestamp":"2025-10-20T07:24:42.908Z"}
{"level":"info","message":"RabbitMQ connected successfully","service":"order-service","timestamp":"2025-10-20T07:24:45.506Z"}
{"level":"info","message":"MongoDB connected successfully","service":"order-service","timestamp":"2025-10-20T07:26:28.784Z"}
{"level":"info","message":"RabbitMQ connected successfully","service":"order-service","timestamp":"2025-10-20T07:26:31.281Z"}
{"level":"info","message":"MongoDB connected successfully","service":"order-service","timestamp":"2025-10-20T07:28:33.843Z"}
{"level":"info","message":"RabbitMQ connected successfully","service":"order-service","timestamp":"2025-10-20T07:28:36.323Z"}
{"level":"info","message":"MongoDB connected successfully","service":"order-service","timestamp":"2025-10-20T07:30:25.310Z"}
{"level":"info","message":"RabbitMQ connected successfully","service":"order-service","timestamp":"2025-10-20T07:30:27.796Z"}
{"level":"info","message":"MongoDB connected successfully","service":"order-service","timestamp":"2025-10-20T07:30:52.253Z"}
{"level":"info","message":"RabbitMQ connected successfully","service":"order-service","timestamp":"2025-10-20T07:30:55.295Z"}
{"level":"info","message":"MongoDB connected successfully","service":"order-service","timestamp":"2025-10-20T07:31:04.027Z"}
{"level":"info","message":"RabbitMQ connected successfully","service":"order-service","timestamp":"2025-10-20T07:31:06.655Z"}
{"level":"info","message":"MongoDB connected successfully","service":"order-service","timestamp":"2025-10-20T07:31:15.348Z"}
{"level":"info","message":"MongoDB connected successfully","service":"order-service","timestamp":"2025-10-20T07:31:18.153Z"}
{"level":"info","message":"RabbitMQ connected successfully","service":"order-service","timestamp":"2025-10-20T07:31:20.712Z"}
{"level":"info","message":"MongoDB connected successfully","service":"order-service","timestamp":"2025-10-20T07:31:35.288Z"}
{"level":"info","message":"RabbitMQ connected successfully","service":"order-service","timestamp":"2025-10-20T07:31:37.912Z"}
{"level":"info","message":"MongoDB connected successfully","service":"order-service","timestamp":"2025-10-20T07:31:45.631Z"}
{"level":"info","message":"MongoDB connected successfully","service":"order-service","timestamp":"2025-10-20T07:31:48.167Z"}
{"level":"info","message":"RabbitMQ connected successfully","service":"order-service","timestamp":"2025-10-20T07:31:50.727Z"}
{"level":"info","message":"MongoDB connected successfully","service":"order-service","timestamp":"2025-10-20T07:31:54.128Z"}
{"level":"info","message":"MongoDB connected successfully","service":"order-service","timestamp":"2025-10-20T07:31:56.713Z"}
{"level":"info","message":"RabbitMQ connected successfully","service":"order-service","timestamp":"2025-10-20T07:31:59.076Z"}
{"level":"info","message":"MongoDB connected successfully","service":"order-service","timestamp":"2025-10-20T07:32:02.595Z"}
{"level":"info","message":"RabbitMQ connected successfully","service":"order-service","timestamp":"2025-10-20T07:32:05.116Z"}
{"level":"info","message":"MongoDB connected successfully","service":"order-service","timestamp":"2025-10-20T07:32:08.930Z"}
{"level":"info","message":"RabbitMQ connected successfully","service":"order-service","timestamp":"2025-10-20T07:32:11.521Z"}
{"level":"info","message":"MongoDB connected successfully","service":"order-service","timestamp":"2025-10-20T07:32:42.092Z"}
{"level":"info","message":"RabbitMQ connected successfully","service":"order-service","timestamp":"2025-10-20T07:32:45.076Z"}
{"level":"info","message":"MongoDB connected successfully","service":"order-service","timestamp":"2025-10-20T07:32:59.719Z"}
{"level":"info","message":"RabbitMQ connected successfully","service":"order-service","timestamp":"2025-10-20T07:33:02.273Z"}
{"level":"info","message":"MongoDB connected successfully","service":"order-service","timestamp":"2025-10-20T07:33:15.375Z"}
{"level":"info","message":"RabbitMQ connected successfully","service":"order-service","timestamp":"2025-10-20T07:33:17.923Z"}
{"level":"info","message":"MongoDB connected successfully","service":"order-service","timestamp":"2025-10-20T07:33:57.707Z"}
{"level":"info","message":"RabbitMQ connected successfully","service":"order-service","timestamp":"2025-10-20T07:34:00.163Z"}
{"level":"info","message":"MongoDB connected successfully","service":"order-service","timestamp":"2025-10-20T07:34:04.608Z"}
{"level":"info","message":"RabbitMQ connected successfully","service":"order-service","timestamp":"2025-10-20T07:34:07.030Z"}
{"level":"info","message":"MongoDB connected successfully","service":"order-service","timestamp":"2025-10-20T07:34:15.436Z"}
{"level":"info","message":"RabbitMQ connected successfully","service":"order-service","timestamp":"2025-10-20T07:34:17.854Z"}
{"level":"info","message":"MongoDB connected successfully","service":"order-service","timestamp":"2025-10-20T07:49:32.858Z"}
{"level":"info","message":"RabbitMQ connected successfully","service":"order-service","timestamp":"2025-10-20T07:49:35.406Z"}
{"level":"info","message":"MongoDB connected successfully","service":"order-service","timestamp":"2025-10-20T07:49:51.475Z"}
{"level":"info","message":"RabbitMQ connected successfully","service":"order-service","timestamp":"2025-10-20T07:49:54.069Z"}
{"level":"info","message":"MongoDB connected successfully","service":"order-service","timestamp":"2025-10-20T07:50:09.667Z"}
{"level":"info","message":"RabbitMQ connected successfully","service":"order-service","timestamp":"2025-10-20T07:50:12.183Z"}
{"level":"info","message":"MongoDB connected successfully","service":"order-service","timestamp":"2025-10-20T07:53:52.995Z"}
{"level":"info","message":"RabbitMQ connected successfully","service":"order-service","timestamp":"2025-10-20T07:53:55.617Z"}
{"level":"info","message":"MongoDB connected successfully","service":"order-service","timestamp":"2025-10-20T07:54:35.439Z"}
{"level":"info","message":"RabbitMQ connected successfully","service":"order-service","timestamp":"2025-10-20T07:54:37.989Z"}
{"level":"warn","message":"MongoDB disconnected","service":"order-service","timestamp":"2025-10-20T09:22:45.363Z"}
{"code":"ECONNRESET","errno":-4077,"level":"error","message":"RabbitMQ connection error: read ECONNRESET","service":"order-service","stack":"Error: read ECONNRESET\n    at TLSWrap.onStreamRead (node:internal/stream_base_commons:216:20)","syscall":"read","timestamp":"2025-10-20T09:25:15.565Z"}
{"level":"warn","message":"RabbitMQ connection closed","service":"order-service","timestamp":"2025-10-20T09:25:15.580Z"}
{"level":"info","message":"RabbitMQ connected successfully","service":"order-service","timestamp":"2025-10-20T09:25:23.005Z"}
{"level":"warn","message":"MongoDB disconnected","service":"order-service","timestamp":"2025-10-20T10:30:33.592Z"}
{"code":"ECONNRESET","errno":-4077,"level":"error","message":"RabbitMQ connection error: read ECONNRESET","service":"order-service","stack":"Error: read ECONNRESET\n    at TLSWrap.onStreamRead (node:internal/stream_base_commons:216:20)","syscall":"read","timestamp":"2025-10-20T10:33:03.840Z"}
{"level":"warn","message":"RabbitMQ connection closed","service":"order-service","timestamp":"2025-10-20T10:33:03.844Z"}
{"level":"info","message":"RabbitMQ connected successfully","service":"order-service","timestamp":"2025-10-20T10:33:11.303Z"}
{"level":"info","message":"MongoDB connected successfully","service":"order-service","timestamp":"2025-10-20T10:38:20.586Z"}
{"level":"info","message":"RabbitMQ connected successfully","service":"order-service","timestamp":"2025-10-20T10:38:23.138Z"}
{"level":"info","message":"MongoDB connected successfully","service":"order-service","timestamp":"2025-10-20T10:39:19.050Z"}
{"level":"info","message":"RabbitMQ connected successfully","service":"order-service","timestamp":"2025-10-20T10:39:21.515Z"}
{"level":"info","message":"MongoDB connected successfully","service":"order-service","timestamp":"2025-10-20T10:39:25.505Z"}
{"level":"info","message":"RabbitMQ connected successfully","service":"order-service","timestamp":"2025-10-20T10:39:27.897Z"}
{"level":"info","message":"MongoDB connected successfully","service":"order-service","timestamp":"2025-10-20T10:40:43.082Z"}
{"level":"info","message":"RabbitMQ connected successfully","service":"order-service","timestamp":"2025-10-20T10:40:45.794Z"}
{"level":"info","message":"MongoDB connected successfully","service":"order-service","timestamp":"2025-10-20T10:41:27.117Z"}
{"level":"info","message":"RabbitMQ connected successfully","service":"order-service","timestamp":"2025-10-20T10:41:29.637Z"}
{"level":"info","message":"MongoDB connected successfully","service":"order-service","timestamp":"2025-10-20T10:41:31.321Z"}
{"level":"info","message":"RabbitMQ connected successfully","service":"order-service","timestamp":"2025-10-20T10:41:33.782Z"}
{"level":"info","message":"MongoDB connected successfully","service":"order-service","timestamp":"2025-10-20T10:41:37.716Z"}
{"level":"info","message":"RabbitMQ connected successfully","service":"order-service","timestamp":"2025-10-20T10:41:40.169Z"}
{"level":"info","message":"MongoDB connected successfully","service":"order-service","timestamp":"2025-10-20T10:41:44.478Z"}
{"level":"info","message":"RabbitMQ connected successfully","service":"order-service","timestamp":"2025-10-20T10:41:46.980Z"}
{"level":"info","message":"MongoDB connected successfully","service":"order-service","timestamp":"2025-10-20T10:41:48.662Z"}
{"level":"info","message":"RabbitMQ connected successfully","service":"order-service","timestamp":"2025-10-20T10:41:51.044Z"}
{"level":"info","message":"MongoDB connected successfully","service":"order-service","timestamp":"2025-10-20T10:42:15.748Z"}
{"level":"info","message":"RabbitMQ connected successfully","service":"order-service","timestamp":"2025-10-20T10:42:18.205Z"}
{"level":"info","message":"MongoDB connected successfully","service":"order-service","timestamp":"2025-10-20T10:42:34.232Z"}
{"level":"info","message":"RabbitMQ connected successfully","service":"order-service","timestamp":"2025-10-20T10:42:36.671Z"}
{"level":"info","message":"MongoDB connected successfully","service":"order-service","timestamp":"2025-10-20T10:44:00.065Z"}
{"level":"info","message":"RabbitMQ connected successfully","service":"order-service","timestamp":"2025-10-20T10:44:02.521Z"}
{"level":"info","message":"MongoDB connected successfully","service":"order-service","timestamp":"2025-10-20T10:44:26.563Z"}
{"level":"info","message":"RabbitMQ connected successfully","service":"order-service","timestamp":"2025-10-20T10:44:28.950Z"}
{"level":"info","message":"MongoDB connected successfully","service":"order-service","timestamp":"2025-10-20T10:44:32.116Z"}
{"level":"info","message":"RabbitMQ connected successfully","service":"order-service","timestamp":"2025-10-20T10:44:34.598Z"}
{"level":"info","message":"MongoDB connected successfully","timestamp":"2025-10-22T13:58:40.922Z"}
{"level":"info","message":"MongoDB connected successfully","timestamp":"2025-10-22T13:59:43.412Z"}
{"level":"info","message":"MongoDB connected successfully","timestamp":"2025-10-22T14:00:32.936Z"}
{"level":"info","message":"MongoDB connected successfully","timestamp":"2025-10-22T14:00:59.049Z"}
{"level":"info","message":"MongoDB connected successfully","timestamp":"2025-10-22T14:01:58.348Z"}
{"level":"info","message":"MongoDB connected successfully","timestamp":"2025-10-22T14:03:12.533Z"}
{"level":"info","message":"MongoDB connected successfully","timestamp":"2025-10-22T14:03:15.714Z"}
{"level":"info","message":"MongoDB connected successfully","timestamp":"2025-10-22T14:03:42.712Z"}
{"level":"info","message":"MongoDB connected successfully","timestamp":"2025-10-22T14:04:37.357Z"}
{"level":"info","message":"MongoDB connected successfully","timestamp":"2025-10-22T14:05:25.622Z"}
{"level":"info","message":"MongoDB connected successfully","timestamp":"2025-10-22T14:05:35.933Z"}
{"level":"info","message":"MongoDB connected successfully","timestamp":"2025-10-22T14:05:41.764Z"}
{"level":"info","message":"Order Service running on port 8082","timestamp":"2025-10-22T14:05:41.768Z"}
{"level":"info","message":"MongoDB connected successfully","timestamp":"2025-10-22T14:05:44.409Z"}
{"level":"info","message":"RabbitMQ connected successfully","timestamp":"2025-10-22T14:05:48.848Z"}
{"level":"info","message":"Order Service running on port 8082","timestamp":"2025-10-22T14:05:48.850Z"}
{"level":"info","message":"MongoDB connected successfully","timestamp":"2025-10-22T14:11:08.788Z"}
{"level":"info","message":"RabbitMQ connected successfully","timestamp":"2025-10-22T14:11:19.044Z"}
{"level":"info","message":"Order Service running on port 8082","timestamp":"2025-10-22T14:11:19.049Z"}
{"level":"info","message":"MongoDB connected successfully","timestamp":"2025-10-22T14:11:22.935Z"}
{"level":"info","message":"MongoDB connected successfully","timestamp":"2025-10-22T14:11:26.638Z"}
{"level":"info","message":"RabbitMQ connected successfully","timestamp":"2025-10-22T14:11:34.655Z"}
{"level":"info","message":"Order Service running on port 8082","timestamp":"2025-10-22T14:11:34.660Z"}
{"level":"info","message":"MongoDB connected successfully","timestamp":"2025-10-22T14:13:08.389Z"}
{"level":"info","message":"MongoDB connected successfully","timestamp":"2025-10-22T14:13:13.610Z"}
{"level":"info","message":"RabbitMQ connected successfully","timestamp":"2025-10-22T14:13:18.889Z"}
{"level":"info","message":"Order Service running on port 8082","timestamp":"2025-10-22T14:13:18.895Z"}
{"level":"info","message":"MongoDB connected successfully","timestamp":"2025-10-22T14:13:23.301Z"}
{"level":"info","message":"MongoDB connected successfully","timestamp":"2025-10-22T14:13:24.236Z"}
{"level":"info","message":"RabbitMQ connected successfully","timestamp":"2025-10-22T14:13:30.922Z"}
{"level":"info","message":"Order Service running on port 8082","timestamp":"2025-10-22T14:13:30.924Z"}
{"level":"info","message":"MongoDB connected successfully","timestamp":"2025-10-22T14:14:53.388Z"}
{"level":"info","message":"RabbitMQ connected successfully","timestamp":"2025-10-22T14:14:59.143Z"}
{"level":"info","message":"Order Service running on port 8082","timestamp":"2025-10-22T14:14:59.160Z"}
{"level":"info","message":"MongoDB connected successfully","timestamp":"2025-10-22T14:15:11.859Z"}
{"level":"info","message":"MongoDB connected successfully","timestamp":"2025-10-22T14:15:15.567Z"}
{"level":"info","message":"RabbitMQ connected successfully","timestamp":"2025-10-22T14:15:19.973Z"}
{"level":"info","message":"Order Service running on port 8082","timestamp":"2025-10-22T14:15:19.975Z"}
{"level":"info","message":"MongoDB connected successfully","timestamp":"2025-10-22T14:15:25.229Z"}
{"level":"info","message":"MongoDB connected successfully","timestamp":"2025-10-22T14:15:26.333Z"}
{"level":"info","message":"RabbitMQ connected successfully","timestamp":"2025-10-22T14:15:30.721Z"}
{"level":"info","message":"Order Service running on port 8082","timestamp":"2025-10-22T14:15:30.724Z"}
{"level":"info","message":"MongoDB connected successfully","timestamp":"2025-10-22T14:16:20.924Z"}
{"level":"info","message":"RabbitMQ connected successfully","timestamp":"2025-10-22T14:16:25.375Z"}
{"level":"info","message":"Order Service running on port 8082","timestamp":"2025-10-22T14:16:25.387Z"}
{"level":"info","message":"MongoDB connected successfully","timestamp":"2025-10-22T14:20:37.518Z"}
{"level":"info","message":"RabbitMQ connected successfully","timestamp":"2025-10-22T14:20:42.018Z"}
{"level":"info","message":"Order Service running on port 8082","timestamp":"2025-10-22T14:20:42.023Z"}
{"level":"info","message":"MongoDB connected successfully","timestamp":"2025-10-22T14:20:51.897Z"}
{"level":"info","message":"RabbitMQ connected successfully","timestamp":"2025-10-22T14:20:56.286Z"}
{"level":"info","message":"Order Service running on port 8082","timestamp":"2025-10-22T14:20:56.289Z"}
{"level":"info","message":"MongoDB connected successfully","timestamp":"2025-10-22T14:34:36.928Z"}
{"level":"info","message":"RabbitMQ connected successfully","timestamp":"2025-10-22T14:34:41.665Z"}
{"level":"info","message":"Order Service running on port 8082","timestamp":"2025-10-22T14:34:41.669Z"}
{"level":"info","message":"MongoDB connected successfully","timestamp":"2025-10-22T14:34:46.138Z"}
{"level":"info","message":"RabbitMQ connected successfully","timestamp":"2025-10-22T14:34:50.636Z"}
{"level":"info","message":"Order Service running on port 8082","timestamp":"2025-10-22T14:34:50.641Z"}
{"level":"info","message":"MongoDB connected successfully","timestamp":"2025-10-22T14:35:16.009Z"}
{"level":"info","message":"RabbitMQ connected successfully","timestamp":"2025-10-22T14:35:20.865Z"}
{"level":"info","message":"Order Service running on port 8082","timestamp":"2025-10-22T14:35:20.869Z"}
{"level":"info","message":"MongoDB connected successfully","timestamp":"2025-10-22T14:35:37.891Z"}
{"level":"info","message":"RabbitMQ connected successfully","timestamp":"2025-10-22T14:35:42.370Z"}
{"level":"info","message":"Order Service running on port 8082","timestamp":"2025-10-22T14:35:42.374Z"}
{"level":"info","message":"MongoDB connected successfully","timestamp":"2025-10-22T14:35:43.960Z"}
{"level":"info","message":"MongoDB connected successfully","timestamp":"2025-10-22T14:35:47.034Z"}
{"level":"info","message":"MongoDB connected successfully","timestamp":"2025-10-22T14:35:49.736Z"}
{"level":"info","message":"RabbitMQ connected successfully","timestamp":"2025-10-22T14:35:54.167Z"}
{"level":"info","message":"Order Service running on port 8082","timestamp":"2025-10-22T14:35:54.170Z"}
{"level":"info","message":"MongoDB connected successfully","timestamp":"2025-10-22T14:35:57.953Z"}
{"level":"info","message":"RabbitMQ connected successfully","timestamp":"2025-10-22T14:36:02.699Z"}
{"level":"info","message":"Order Service running on port 8082","timestamp":"2025-10-22T14:36:02.702Z"}
{"level":"info","message":"MongoDB connected successfully","timestamp":"2025-10-22T14:36:16.662Z"}
{"level":"info","message":"RabbitMQ connected successfully","timestamp":"2025-10-22T14:36:21.276Z"}
{"level":"info","message":"Order Service running on port 8082","timestamp":"2025-10-22T14:36:21.279Z"}
{"level":"info","message":"MongoDB connected successfully","timestamp":"2025-10-22T14:36:22.957Z"}
{"level":"info","message":"RabbitMQ connected successfully","timestamp":"2025-10-22T14:36:27.397Z"}
{"level":"info","message":"Order Service running on port 8082","timestamp":"2025-10-22T14:36:27.401Z"}
{"level":"info","message":"MongoDB connected successfully","timestamp":"2025-10-22T14:36:33.628Z"}
{"level":"info","message":"RabbitMQ connected successfully","timestamp":"2025-10-22T14:36:38.336Z"}
{"level":"info","message":"Order Service running on port 8082","timestamp":"2025-10-22T14:36:38.338Z"}
{"level":"info","message":"MongoDB connected successfully","timestamp":"2025-10-22T14:36:43.469Z"}
{"level":"info","message":"MongoDB connected successfully","timestamp":"2025-10-22T14:36:48.730Z"}
{"level":"info","message":"RabbitMQ connected successfully","timestamp":"2025-10-22T14:36:53.202Z"}
{"level":"info","message":"Order Service running on port 8082","timestamp":"2025-10-22T14:36:53.207Z"}
{"level":"info","message":"MongoDB connected successfully","timestamp":"2025-10-22T14:36:57.726Z"}
{"level":"info","message":"RabbitMQ connected successfully","timestamp":"2025-10-22T14:37:02.967Z"}
{"level":"info","message":"Order Service running on port 8082","timestamp":"2025-10-22T14:37:02.971Z"}
{"level":"info","message":"MongoDB connected successfully","timestamp":"2025-10-22T14:37:24.195Z"}
{"level":"info","message":"RabbitMQ connected successfully","timestamp":"2025-10-22T14:37:28.581Z"}
{"level":"info","message":"Order Service running on port 8082","timestamp":"2025-10-22T14:37:28.585Z"}
{"level":"info","message":"MongoDB connected successfully","timestamp":"2025-10-22T14:37:32.496Z"}
{"level":"info","message":"RabbitMQ connected successfully","timestamp":"2025-10-22T14:37:37.269Z"}
{"level":"info","message":"Order Service running on port 8082","timestamp":"2025-10-22T14:37:37.274Z"}
{"level":"info","message":"MongoDB connected successfully","timestamp":"2025-10-22T14:37:48.633Z"}
{"level":"info","message":"RabbitMQ connected successfully","timestamp":"2025-10-22T14:37:53.093Z"}
{"level":"info","message":"Order Service running on port 8082","timestamp":"2025-10-22T14:37:53.096Z"}
{"level":"info","message":"MongoDB connected successfully","timestamp":"2025-10-22T14:38:04.063Z"}
{"level":"info","message":"RabbitMQ connected successfully","timestamp":"2025-10-22T14:38:08.783Z"}
{"level":"info","message":"Order Service running on port 8082","timestamp":"2025-10-22T14:38:08.787Z"}
{"level":"info","message":"MongoDB connected successfully","timestamp":"2025-10-22T14:38:23.314Z"}
{"level":"info","message":"RabbitMQ connected successfully","timestamp":"2025-10-22T14:38:27.697Z"}
{"level":"info","message":"Order Service running on port 8082","timestamp":"2025-10-22T14:38:27.700Z"}
{"level":"info","message":"MongoDB connected successfully","timestamp":"2025-10-22T14:38:32.340Z"}
{"level":"info","message":"RabbitMQ connected successfully","timestamp":"2025-10-22T14:38:37.124Z"}
{"level":"info","message":"Order Service running on port 8082","timestamp":"2025-10-22T14:38:37.127Z"}
{"level":"info","message":"MongoDB connected successfully","timestamp":"2025-10-22T14:38:53.570Z"}
{"level":"info","message":"RabbitMQ connected successfully","timestamp":"2025-10-22T14:38:58.110Z"}
{"level":"info","message":"Order Service running on port 8082","timestamp":"2025-10-22T14:38:58.114Z"}
{"level":"info","message":"MongoDB connected successfully","timestamp":"2025-10-22T14:39:00.250Z"}
{"level":"info","message":"MongoDB connected successfully","timestamp":"2025-10-22T14:39:04.232Z"}
{"level":"info","message":"RabbitMQ connected successfully","timestamp":"2025-10-22T14:39:08.601Z"}
{"level":"info","message":"Order Service running on port 8082","timestamp":"2025-10-22T14:39:08.605Z"}
{"level":"info","message":"MongoDB connected successfully","timestamp":"2025-10-22T14:39:10.722Z"}
{"level":"info","message":"RabbitMQ connected successfully","timestamp":"2025-10-22T14:39:15.479Z"}
{"level":"info","message":"Order Service running on port 8082","timestamp":"2025-10-22T14:39:15.482Z"}
{"level":"info","message":"MongoDB connected successfully","timestamp":"2025-10-22T14:39:37.865Z"}
{"level":"info","message":"RabbitMQ connected successfully","timestamp":"2025-10-22T14:39:42.523Z"}
{"level":"info","message":"Order Service running on port 8082","timestamp":"2025-10-22T14:39:42.526Z"}
{"level":"info","message":"MongoDB connected successfully","timestamp":"2025-10-22T14:39:59.934Z"}
{"level":"info","message":"RabbitMQ connected successfully","timestamp":"2025-10-22T14:40:05.193Z"}
{"level":"info","message":"Order Service running on port 8082","timestamp":"2025-10-22T14:40:05.196Z"}
{"level":"info","message":"MongoDB connected successfully","timestamp":"2025-10-22T14:40:12.709Z"}
{"level":"info","message":"RabbitMQ connected successfully","timestamp":"2025-10-22T14:40:17.233Z"}
{"level":"info","message":"Order Service running on port 8082","timestamp":"2025-10-22T14:40:17.235Z"}
{"level":"info","message":"MongoDB connected successfully","timestamp":"2025-10-22T14:40:25.692Z"}
{"level":"info","message":"MongoDB connected successfully","timestamp":"2025-10-22T14:40:28.602Z"}
{"level":"info","message":"MongoDB connected successfully","timestamp":"2025-10-22T14:40:32.315Z"}
{"level":"info","message":"MongoDB connected successfully","timestamp":"2025-10-22T14:40:37.604Z"}
{"level":"info","message":"RabbitMQ connected successfully","timestamp":"2025-10-22T14:40:42.057Z"}
{"level":"info","message":"Order Service running on port 8082","timestamp":"2025-10-22T14:40:42.061Z"}
{"level":"info","message":"MongoDB connected successfully","timestamp":"2025-10-22T14:41:45.113Z"}
{"level":"info","message":"MongoDB connected successfully","timestamp":"2025-10-22T14:41:50.283Z"}
{"level":"info","message":"MongoDB connected successfully","timestamp":"2025-10-22T14:41:56.860Z"}
{"level":"info","message":"RabbitMQ connected successfully","timestamp":"2025-10-22T14:42:02.045Z"}
{"level":"info","message":"Order Service running on port 8082","timestamp":"2025-10-22T14:42:02.053Z"}
{"level":"info","message":"MongoDB connected successfully","timestamp":"2025-10-22T14:42:03.133Z"}
{"level":"info","message":"RabbitMQ connected successfully","timestamp":"2025-10-22T14:42:07.553Z"}
{"level":"info","message":"Order Service running on port 8082","timestamp":"2025-10-22T14:42:07.556Z"}
{"level":"info","message":"MongoDB connected successfully","timestamp":"2025-10-22T14:42:32.379Z"}
{"level":"info","message":"RabbitMQ connected successfully","timestamp":"2025-10-22T14:42:37.076Z"}
{"level":"info","message":"Order Service running on port 8082","timestamp":"2025-10-22T14:42:37.079Z"}
{"level":"info","message":"MongoDB connected successfully","timestamp":"2025-10-22T14:42:44.998Z"}
{"level":"info","message":"RabbitMQ connected successfully","timestamp":"2025-10-22T14:42:49.512Z"}
{"level":"info","message":"Order Service running on port 8082","timestamp":"2025-10-22T14:42:49.515Z"}
{"level":"info","message":"MongoDB connected successfully","timestamp":"2025-10-22T14:42:51.243Z"}
{"level":"info","message":"RabbitMQ connected successfully","timestamp":"2025-10-22T14:42:55.640Z"}
{"level":"info","message":"Order Service running on port 8082","timestamp":"2025-10-22T14:42:55.644Z"}
{"level":"info","message":"MongoDB connected successfully","timestamp":"2025-10-22T14:43:19.525Z"}
{"level":"info","message":"MongoDB connected successfully","timestamp":"2025-10-22T14:43:20.502Z"}
{"level":"info","message":"RabbitMQ connected successfully","timestamp":"2025-10-22T14:43:25.088Z"}
{"level":"info","message":"Order Service running on port 8082","timestamp":"2025-10-22T14:43:25.090Z"}
{"level":"info","message":"MongoDB connected successfully","timestamp":"2025-10-22T14:43:32.925Z"}
{"level":"info","message":"RabbitMQ connected successfully","timestamp":"2025-10-22T14:43:37.632Z"}
{"level":"info","message":"Order Service running on port 8082","timestamp":"2025-10-22T14:43:37.637Z"}
{"level":"info","message":"MongoDB connected successfully","timestamp":"2025-10-22T14:44:22.171Z"}
{"level":"info","message":"RabbitMQ connected successfully","timestamp":"2025-10-22T14:44:26.827Z"}
{"level":"info","message":"Order Service running on port 8082","timestamp":"2025-10-22T14:44:26.832Z"}
{"level":"info","message":"MongoDB connected successfully","timestamp":"2025-10-22T14:44:35.126Z"}
{"level":"info","message":"RabbitMQ connected successfully","timestamp":"2025-10-22T14:44:39.554Z"}
{"level":"info","message":"Order Service running on port 8082","timestamp":"2025-10-22T14:44:39.557Z"}
{"level":"info","message":"MongoDB connected successfully","timestamp":"2025-10-22T14:44:47.181Z"}
{"level":"info","message":"MongoDB connected successfully","timestamp":"2025-10-22T14:44:49.748Z"}
{"level":"info","message":"RabbitMQ connected successfully","timestamp":"2025-10-22T14:44:54.141Z"}
{"level":"info","message":"Order Service running on port 8082","timestamp":"2025-10-22T14:44:54.147Z"}
{"level":"info","message":"MongoDB connected successfully","timestamp":"2025-10-22T14:45:03.174Z"}
{"level":"info","message":"RabbitMQ connected successfully","timestamp":"2025-10-22T14:45:07.903Z"}
{"level":"info","message":"Order Service running on port 8082","timestamp":"2025-10-22T14:45:07.906Z"}
{"level":"info","message":"MongoDB connected successfully","timestamp":"2025-10-22T14:45:10.308Z"}
{"level":"info","message":"RabbitMQ connected successfully","timestamp":"2025-10-22T14:45:14.907Z"}
{"level":"info","message":"Order Service running on port 8082","timestamp":"2025-10-22T14:45:14.909Z"}
{"level":"info","message":"MongoDB connected successfully","timestamp":"2025-10-22T14:45:38.871Z"}
{"level":"info","message":"MongoDB connected successfully","timestamp":"2025-10-22T14:45:39.904Z"}
{"level":"info","message":"RabbitMQ connected successfully","timestamp":"2025-10-22T14:45:44.586Z"}
{"level":"info","message":"Order Service running on port 8082","timestamp":"2025-10-22T14:45:44.589Z"}
{"level":"info","message":"MongoDB connected successfully","timestamp":"2025-10-22T14:46:01.694Z"}
{"level":"info","message":"RabbitMQ connected successfully","timestamp":"2025-10-22T14:46:06.200Z"}
{"level":"info","message":"Order Service running on port 8082","timestamp":"2025-10-22T14:46:06.204Z"}
{"level":"info","message":"MongoDB connected successfully","timestamp":"2025-10-22T14:46:19.161Z"}
{"level":"info","message":"RabbitMQ connected successfully","timestamp":"2025-10-22T14:46:24.185Z"}
{"level":"info","message":"Order Service running on port 8082","timestamp":"2025-10-22T14:46:24.189Z"}
{"level":"info","message":"MongoDB connected successfully","timestamp":"2025-10-22T14:47:06.455Z"}
{"level":"info","message":"MongoDB connected successfully","timestamp":"2025-10-22T14:47:07.377Z"}
{"level":"info","message":"RabbitMQ connected successfully","timestamp":"2025-10-22T14:47:11.839Z"}
{"level":"info","message":"Order Service running on port 8082","timestamp":"2025-10-22T14:47:11.849Z"}
{"level":"info","message":"MongoDB connected successfully","timestamp":"2025-10-22T14:47:15.041Z"}
{"level":"info","message":"RabbitMQ connected successfully","timestamp":"2025-10-22T14:47:19.448Z"}
{"level":"info","message":"Order Service running on port 8082","timestamp":"2025-10-22T14:47:19.450Z"}
{"level":"info","message":"MongoDB connected successfully","timestamp":"2025-10-22T14:47:27.886Z"}
{"level":"info","message":"RabbitMQ connected successfully","timestamp":"2025-10-22T14:47:32.238Z"}
{"level":"info","message":"Order Service running on port 8082","timestamp":"2025-10-22T14:47:32.243Z"}
{"level":"info","message":"MongoDB connected successfully","timestamp":"2025-10-22T14:48:03.979Z"}
{"level":"info","message":"RabbitMQ connected successfully","timestamp":"2025-10-22T14:48:08.954Z"}
{"level":"info","message":"Order Service running on port 8082","timestamp":"2025-10-22T14:48:08.962Z"}
{"level":"info","message":"MongoDB connected successfully","timestamp":"2025-10-22T14:48:11.884Z"}
{"level":"info","message":"MongoDB connected successfully","timestamp":"2025-10-22T14:48:17.026Z"}
{"level":"info","message":"MongoDB connected successfully","timestamp":"2025-10-22T14:48:20.391Z"}
{"level":"info","message":"RabbitMQ connected successfully","timestamp":"2025-10-22T14:48:24.877Z"}
{"level":"info","message":"Order Service running on port 8082","timestamp":"2025-10-22T14:48:24.880Z"}
{"level":"info","message":"MongoDB connected successfully","timestamp":"2025-10-22T14:48:46.825Z"}
{"level":"info","message":"RabbitMQ connected successfully","timestamp":"2025-10-22T14:48:51.642Z"}
{"level":"info","message":"Order Service running on port 8082","timestamp":"2025-10-22T14:48:51.648Z"}
{"level":"info","message":"MongoDB connected successfully","timestamp":"2025-10-22T14:49:01.586Z"}
{"level":"info","message":"RabbitMQ connected successfully","timestamp":"2025-10-22T14:49:06.223Z"}
{"level":"info","message":"Order Service running on port 8082","timestamp":"2025-10-22T14:49:06.228Z"}
{"level":"info","message":"MongoDB connected successfully","timestamp":"2025-10-22T14:49:30.042Z"}
{"level":"info","message":"MongoDB connected successfully","timestamp":"2025-10-22T14:49:33.003Z"}
{"level":"info","message":"RabbitMQ connected successfully","timestamp":"2025-10-22T14:49:37.568Z"}
{"level":"info","message":"Order Service running on port 8082","timestamp":"2025-10-22T14:49:37.571Z"}
{"level":"info","message":"MongoDB connected successfully","timestamp":"2025-10-22T14:50:38.416Z"}
{"level":"info","message":"MongoDB connected successfully","timestamp":"2025-10-22T14:50:40.569Z"}
{"level":"info","message":"RabbitMQ connected successfully","timestamp":"2025-10-22T14:50:45.109Z"}
{"level":"info","message":"Order Service running on port 8082","timestamp":"2025-10-22T14:50:45.114Z"}
{"level":"info","message":"MongoDB connected successfully","timestamp":"2025-10-22T14:51:03.686Z"}
{"level":"info","message":"MongoDB connected successfully","timestamp":"2025-10-22T14:51:06.766Z"}
{"level":"info","message":"RabbitMQ connected successfully","timestamp":"2025-10-22T14:51:11.152Z"}
{"level":"info","message":"Order Service running on port 8082","timestamp":"2025-10-22T14:51:11.156Z"}
{"level":"info","message":"MongoDB connected successfully","timestamp":"2025-10-22T14:52:29.371Z"}
{"level":"info","message":"RabbitMQ connected successfully","timestamp":"2025-10-22T14:52:33.922Z"}
{"level":"info","message":"Order Service running on port 8082","timestamp":"2025-10-22T14:52:33.925Z"}
{"level":"info","message":"MongoDB connected successfully","timestamp":"2025-10-22T14:54:19.942Z"}
{"level":"info","message":"RabbitMQ connected successfully","timestamp":"2025-10-22T14:54:24.635Z"}
{"level":"info","message":"Order Service running on port 8082","timestamp":"2025-10-22T14:54:24.640Z"}
{"level":"info","message":"MongoDB connected successfully","timestamp":"2025-10-22T14:54:41.575Z"}
{"level":"info","message":"RabbitMQ connected successfully","timestamp":"2025-10-22T14:54:46.052Z"}
{"level":"info","message":"Order Service running on port 8082","timestamp":"2025-10-22T14:54:46.055Z"}
{"level":"info","message":"MongoDB connected successfully","timestamp":"2025-10-22T14:54:58.091Z"}
{"level":"info","message":"RabbitMQ connected successfully","timestamp":"2025-10-22T14:55:03.376Z"}
{"level":"info","message":"Order Service running on port 8082","timestamp":"2025-10-22T14:55:03.378Z"}
{"level":"info","message":"MongoDB connected successfully","timestamp":"2025-10-22T14:55:14.763Z"}
{"level":"info","message":"RabbitMQ connected successfully","timestamp":"2025-10-22T14:55:19.431Z"}
{"level":"info","message":"Order Service running on port 8082","timestamp":"2025-10-22T14:55:19.434Z"}
{"level":"info","message":"MongoDB connected successfully","timestamp":"2025-10-22T14:55:28.231Z"}
{"level":"info","message":"RabbitMQ connected successfully","timestamp":"2025-10-22T14:55:33.090Z"}
{"level":"info","message":"Order Service running on port 8082","timestamp":"2025-10-22T14:55:33.093Z"}
{"level":"info","message":"MongoDB connected successfully","timestamp":"2025-10-22T14:55:53.148Z"}
{"level":"info","message":"MongoDB connected successfully","timestamp":"2025-10-22T14:55:54.697Z"}
{"level":"info","message":"RabbitMQ connected successfully","timestamp":"2025-10-22T14:55:59.214Z"}
{"level":"info","message":"Order Service running on port 8082","timestamp":"2025-10-22T14:55:59.216Z"}
{"level":"info","message":"MongoDB connected successfully","timestamp":"2025-10-22T14:56:17.805Z"}
{"level":"info","message":"RabbitMQ connected successfully","timestamp":"2025-10-22T14:56:22.465Z"}
{"level":"info","message":"Order Service running on port 8082","timestamp":"2025-10-22T14:56:22.467Z"}
{"level":"info","message":"MongoDB connected successfully","timestamp":"2025-10-22T14:56:28.659Z"}
{"level":"info","message":"RabbitMQ connected successfully","timestamp":"2025-10-22T14:56:33.257Z"}
{"level":"info","message":"Order Service running on port 8082","timestamp":"2025-10-22T14:56:33.262Z"}
{"level":"info","message":"MongoDB connected successfully","timestamp":"2025-10-22T14:56:34.472Z"}
{"level":"info","message":"RabbitMQ connected successfully","timestamp":"2025-10-22T14:56:39.176Z"}
{"level":"info","message":"Order Service running on port 8082","timestamp":"2025-10-22T14:56:39.182Z"}
{"level":"info","message":"MongoDB connected successfully","timestamp":"2025-10-22T15:03:59.129Z"}
{"level":"info","message":"RabbitMQ connected successfully","timestamp":"2025-10-22T15:04:04.805Z"}
{"level":"info","message":"Order Service running on port 8082","timestamp":"2025-10-22T15:04:04.807Z"}
{"level":"info","message":"MongoDB connected successfully","timestamp":"2025-10-22T15:04:07.959Z"}
{"level":"info","message":"RabbitMQ connected successfully","timestamp":"2025-10-22T15:04:12.552Z"}
{"level":"info","message":"Order Service running on port 8082","timestamp":"2025-10-22T15:04:12.555Z"}
{"level":"info","message":"MongoDB connected successfully","timestamp":"2025-10-22T15:04:20.917Z"}
{"level":"info","message":"RabbitMQ connected successfully","timestamp":"2025-10-22T15:04:25.388Z"}
{"level":"info","message":"Order Service running on port 8082","timestamp":"2025-10-22T15:04:25.393Z"}
{"level":"info","message":"MongoDB connected successfully","timestamp":"2025-10-22T15:04:29.679Z"}
{"level":"info","message":"RabbitMQ connected successfully","timestamp":"2025-10-22T15:04:34.531Z"}
{"level":"info","message":"Order Service running on port 8082","timestamp":"2025-10-22T15:04:34.536Z"}
{"level":"info","message":"MongoDB connected successfully","timestamp":"2025-10-22T15:04:43.117Z"}
{"level":"info","message":"RabbitMQ connected successfully","timestamp":"2025-10-22T15:04:47.517Z"}
{"level":"info","message":"Order Service running on port 8082","timestamp":"2025-10-22T15:04:47.520Z"}
{"level":"info","message":"MongoDB connected successfully","timestamp":"2025-10-22T15:05:12.654Z"}
{"level":"info","message":"RabbitMQ connected successfully","timestamp":"2025-10-22T15:05:17.297Z"}
{"level":"info","message":"Order Service running on port 8082","timestamp":"2025-10-22T15:05:17.299Z"}
{"level":"info","message":"MongoDB connected successfully","timestamp":"2025-10-22T15:07:39.170Z"}
{"level":"info","message":"RabbitMQ connected successfully","timestamp":"2025-10-22T15:07:43.608Z"}
{"level":"info","message":"Order Service running on port 8082","timestamp":"2025-10-22T15:07:43.613Z"}
{"level":"info","message":"MongoDB connected successfully","timestamp":"2025-10-22T15:18:31.840Z"}
{"level":"info","message":"RabbitMQ connected successfully","timestamp":"2025-10-22T15:18:36.534Z"}
{"level":"info","message":"Order Service running on port 8082","timestamp":"2025-10-22T15:18:36.539Z"}
{"level":"error","message":"Error: logger is not defined","method":"POST","stack":"ReferenceError: logger is not defined\n    at authenticate (file:///E:/SE347-CongNgheWebvaUngDung/order-service/src/middleware/authMiddleware.js:22:5)\n    at Layer.handleRequest (E:\\SE347-CongNgheWebvaUngDung\\order-service\\node_modules\\router\\lib\\layer.js:152:17)\n    at next (E:\\SE347-CongNgheWebvaUngDung\\order-service\\node_modules\\router\\lib\\route.js:157:13)\n    at Route.dispatch (E:\\SE347-CongNgheWebvaUngDung\\order-service\\node_modules\\router\\lib\\route.js:117:3)\n    at handle (E:\\SE347-CongNgheWebvaUngDung\\order-service\\node_modules\\router\\index.js:435:11)\n    at Layer.handleRequest (E:\\SE347-CongNgheWebvaUngDung\\order-service\\node_modules\\router\\lib\\layer.js:152:17)\n    at E:\\SE347-CongNgheWebvaUngDung\\order-service\\node_modules\\router\\index.js:295:15\n    at processParams (E:\\SE347-CongNgheWebvaUngDung\\order-service\\node_modules\\router\\index.js:582:12)\n    at next (E:\\SE347-CongNgheWebvaUngDung\\order-service\\node_modules\\router\\index.js:291:5)\n    at Function.handle (E:\\SE347-CongNgheWebvaUngDung\\order-service\\node_modules\\router\\index.js:186:3)","timestamp":"2025-10-22T15:18:52.362Z","url":"/api/orders"}
{"level":"error","message":"Error: logger is not defined","method":"POST","stack":"ReferenceError: logger is not defined\n    at authenticate (file:///E:/SE347-CongNgheWebvaUngDung/order-service/src/middleware/authMiddleware.js:22:5)\n    at Layer.handleRequest (E:\\SE347-CongNgheWebvaUngDung\\order-service\\node_modules\\router\\lib\\layer.js:152:17)\n    at next (E:\\SE347-CongNgheWebvaUngDung\\order-service\\node_modules\\router\\lib\\route.js:157:13)\n    at Route.dispatch (E:\\SE347-CongNgheWebvaUngDung\\order-service\\node_modules\\router\\lib\\route.js:117:3)\n    at handle (E:\\SE347-CongNgheWebvaUngDung\\order-service\\node_modules\\router\\index.js:435:11)\n    at Layer.handleRequest (E:\\SE347-CongNgheWebvaUngDung\\order-service\\node_modules\\router\\lib\\layer.js:152:17)\n    at E:\\SE347-CongNgheWebvaUngDung\\order-service\\node_modules\\router\\index.js:295:15\n    at processParams (E:\\SE347-CongNgheWebvaUngDung\\order-service\\node_modules\\router\\index.js:582:12)\n    at next (E:\\SE347-CongNgheWebvaUngDung\\order-service\\node_modules\\router\\index.js:291:5)\n    at Function.handle (E:\\SE347-CongNgheWebvaUngDung\\order-service\\node_modules\\router\\index.js:186:3)","timestamp":"2025-10-22T15:19:46.880Z","url":"/api/orders"}
{"level":"info","message":"MongoDB connected successfully","timestamp":"2025-10-22T15:20:19.227Z"}
{"level":"info","message":"RabbitMQ connected successfully","timestamp":"2025-10-22T15:20:23.835Z"}
{"level":"info","message":"Order Service running on port 8082","timestamp":"2025-10-22T15:20:23.839Z"}
{"level":"error","message":"Authentication error: jwt is not defined","stack":"ReferenceError: jwt is not defined\n    at authenticate (file:///E:/SE347-CongNgheWebvaUngDung/order-service/src/middleware/authMiddleware.js:16:21)\n    at Layer.handleRequest (E:\\SE347-CongNgheWebvaUngDung\\order-service\\node_modules\\router\\lib\\layer.js:152:17)\n    at next (E:\\SE347-CongNgheWebvaUngDung\\order-service\\node_modules\\router\\lib\\route.js:157:13)\n    at Route.dispatch (E:\\SE347-CongNgheWebvaUngDung\\order-service\\node_modules\\router\\lib\\route.js:117:3)\n    at handle (E:\\SE347-CongNgheWebvaUngDung\\order-service\\node_modules\\router\\index.js:435:11)\n    at Layer.handleRequest (E:\\SE347-CongNgheWebvaUngDung\\order-service\\node_modules\\router\\lib\\layer.js:152:17)\n    at E:\\SE347-CongNgheWebvaUngDung\\order-service\\node_modules\\router\\index.js:295:15\n    at processParams (E:\\SE347-CongNgheWebvaUngDung\\order-service\\node_modules\\router\\index.js:582:12)\n    at next (E:\\SE347-CongNgheWebvaUngDung\\order-service\\node_modules\\router\\index.js:291:5)\n    at Function.handle (E:\\SE347-CongNgheWebvaUngDung\\order-service\\node_modules\\router\\index.js:186:3)","timestamp":"2025-10-22T15:20:24.447Z"}
{"level":"error","message":"Authentication error: jwt is not defined","stack":"ReferenceError: jwt is not defined\n    at authenticate (file:///E:/SE347-CongNgheWebvaUngDung/order-service/src/middleware/authMiddleware.js:16:21)\n    at Layer.handleRequest (E:\\SE347-CongNgheWebvaUngDung\\order-service\\node_modules\\router\\lib\\layer.js:152:17)\n    at next (E:\\SE347-CongNgheWebvaUngDung\\order-service\\node_modules\\router\\lib\\route.js:157:13)\n    at Route.dispatch (E:\\SE347-CongNgheWebvaUngDung\\order-service\\node_modules\\router\\lib\\route.js:117:3)\n    at handle (E:\\SE347-CongNgheWebvaUngDung\\order-service\\node_modules\\router\\index.js:435:11)\n    at Layer.handleRequest (E:\\SE347-CongNgheWebvaUngDung\\order-service\\node_modules\\router\\lib\\layer.js:152:17)\n    at E:\\SE347-CongNgheWebvaUngDung\\order-service\\node_modules\\router\\index.js:295:15\n    at processParams (E:\\SE347-CongNgheWebvaUngDung\\order-service\\node_modules\\router\\index.js:582:12)\n    at next (E:\\SE347-CongNgheWebvaUngDung\\order-service\\node_modules\\router\\index.js:291:5)\n    at Function.handle (E:\\SE347-CongNgheWebvaUngDung\\order-service\\node_modules\\router\\index.js:186:3)","timestamp":"2025-10-22T15:20:26.627Z"}
{"level":"error","message":"Authentication error: jwt is not defined","stack":"ReferenceError: jwt is not defined\n    at authenticate (file:///E:/SE347-CongNgheWebvaUngDung/order-service/src/middleware/authMiddleware.js:16:21)\n    at Layer.handleRequest (E:\\SE347-CongNgheWebvaUngDung\\order-service\\node_modules\\router\\lib\\layer.js:152:17)\n    at next (E:\\SE347-CongNgheWebvaUngDung\\order-service\\node_modules\\router\\lib\\route.js:157:13)\n    at Route.dispatch (E:\\SE347-CongNgheWebvaUngDung\\order-service\\node_modules\\router\\lib\\route.js:117:3)\n    at handle (E:\\SE347-CongNgheWebvaUngDung\\order-service\\node_modules\\router\\index.js:435:11)\n    at Layer.handleRequest (E:\\SE347-CongNgheWebvaUngDung\\order-service\\node_modules\\router\\lib\\layer.js:152:17)\n    at E:\\SE347-CongNgheWebvaUngDung\\order-service\\node_modules\\router\\index.js:295:15\n    at processParams (E:\\SE347-CongNgheWebvaUngDung\\order-service\\node_modules\\router\\index.js:582:12)\n    at next (E:\\SE347-CongNgheWebvaUngDung\\order-service\\node_modules\\router\\index.js:291:5)\n    at Function.handle (E:\\SE347-CongNgheWebvaUngDung\\order-service\\node_modules\\router\\index.js:186:3)","timestamp":"2025-10-22T15:21:10.190Z"}
{"level":"info","message":"MongoDB connected successfully","timestamp":"2025-10-22T15:23:40.082Z"}
{"level":"info","message":"RabbitMQ connected successfully","timestamp":"2025-10-22T15:23:44.868Z"}
{"level":"info","message":"Order Service running on port 8082","timestamp":"2025-10-22T15:23:44.872Z"}
{"level":"error","message":"Authentication error: secret or public key must be provided","name":"JsonWebTokenError","stack":"JsonWebTokenError: secret or public key must be provided\n    at E:\\SE347-CongNgheWebvaUngDung\\order-service\\node_modules\\jsonwebtoken\\verify.js:113:19\n    at getSecret (E:\\SE347-CongNgheWebvaUngDung\\order-service\\node_modules\\jsonwebtoken\\verify.js:97:14)\n    at module.exports [as verify] (E:\\SE347-CongNgheWebvaUngDung\\order-service\\node_modules\\jsonwebtoken\\verify.js:101:10)\n    at authenticate (file:///E:/SE347-CongNgheWebvaUngDung/order-service/src/middleware/authMiddleware.js:17:25)\n    at Layer.handleRequest (E:\\SE347-CongNgheWebvaUngDung\\order-service\\node_modules\\router\\lib\\layer.js:152:17)\n    at next (E:\\SE347-CongNgheWebvaUngDung\\order-service\\node_modules\\router\\lib\\route.js:157:13)\n    at Route.dispatch (E:\\SE347-CongNgheWebvaUngDung\\order-service\\node_modules\\router\\lib\\route.js:117:3)\n    at handle (E:\\SE347-CongNgheWebvaUngDung\\order-service\\node_modules\\router\\index.js:435:11)\n    at Layer.handleRequest (E:\\SE347-CongNgheWebvaUngDung\\order-service\\node_modules\\router\\lib\\layer.js:152:17)\n    at E:\\SE347-CongNgheWebvaUngDung\\order-service\\node_modules\\router\\index.js:295:15","timestamp":"2025-10-22T15:23:46.458Z"}
{"level":"error","message":"Authentication error: secret or public key must be provided","name":"JsonWebTokenError","stack":"JsonWebTokenError: secret or public key must be provided\n    at E:\\SE347-CongNgheWebvaUngDung\\order-service\\node_modules\\jsonwebtoken\\verify.js:113:19\n    at getSecret (E:\\SE347-CongNgheWebvaUngDung\\order-service\\node_modules\\jsonwebtoken\\verify.js:97:14)\n    at module.exports [as verify] (E:\\SE347-CongNgheWebvaUngDung\\order-service\\node_modules\\jsonwebtoken\\verify.js:101:10)\n    at authenticate (file:///E:/SE347-CongNgheWebvaUngDung/order-service/src/middleware/authMiddleware.js:17:25)\n    at Layer.handleRequest (E:\\SE347-CongNgheWebvaUngDung\\order-service\\node_modules\\router\\lib\\layer.js:152:17)\n    at next (E:\\SE347-CongNgheWebvaUngDung\\order-service\\node_modules\\router\\lib\\route.js:157:13)\n    at Route.dispatch (E:\\SE347-CongNgheWebvaUngDung\\order-service\\node_modules\\router\\lib\\route.js:117:3)\n    at handle (E:\\SE347-CongNgheWebvaUngDung\\order-service\\node_modules\\router\\index.js:435:11)\n    at Layer.handleRequest (E:\\SE347-CongNgheWebvaUngDung\\order-service\\node_modules\\router\\lib\\layer.js:152:17)\n    at E:\\SE347-CongNgheWebvaUngDung\\order-service\\node_modules\\router\\index.js:295:15","timestamp":"2025-10-22T15:23:48.918Z"}
{"level":"info","message":"MongoDB connected successfully","timestamp":"2025-10-22T15:24:40.076Z"}
{"level":"info","message":"RabbitMQ connected successfully","timestamp":"2025-10-22T15:24:44.930Z"}
{"level":"info","message":"Order Service running on port 8082","timestamp":"2025-10-22T15:24:44.935Z"}
{"level":"error","message":"Create order error: this.validateUser is not a function","stack":"TypeError: this.validateUser is not a function\n    at OrderService.createOrder (file:///E:/SE347-CongNgheWebvaUngDung/order-service/src/services/orderService.js:51:18)\n    at process.processTicksAndRejections (node:internal/process/task_queues:105:5)\n    at async createOrder (file:///E:/SE347-CongNgheWebvaUngDung/order-service/src/controllers/orderController.js:17:21)","timestamp":"2025-10-22T15:28:37.739Z"}
{"level":"error","message":"Error: logger is not defined","method":"POST","stack":"ReferenceError: logger is not defined\n    at createOrder (file:///E:/SE347-CongNgheWebvaUngDung/order-service/src/controllers/orderController.js:25:7)\n    at process.processTicksAndRejections (node:internal/process/task_queues:105:5)","timestamp":"2025-10-22T15:28:37.741Z","url":"/api/orders"}
{"level":"info","message":"MongoDB connected successfully","timestamp":"2025-10-22T15:28:46.394Z"}
{"level":"info","message":"RabbitMQ connected successfully","timestamp":"2025-10-22T15:28:50.971Z"}
{"level":"info","message":"Order Service running on port 8082","timestamp":"2025-10-22T15:28:50.982Z"}
{"level":"info","message":"MongoDB connected successfully","timestamp":"2025-10-22T15:29:03.143Z"}
{"level":"info","message":"RabbitMQ connected successfully","timestamp":"2025-10-22T15:29:08.047Z"}
{"level":"info","message":"Order Service running on port 8082","timestamp":"2025-10-22T15:29:08.051Z"}
{"level":"error","message":"Create order error: this.validateUser is not a function","stack":"TypeError: this.validateUser is not a function\n    at OrderService.createOrder (file:///E:/SE347-CongNgheWebvaUngDung/order-service/src/services/orderService.js:51:18)\n    at process.processTicksAndRejections (node:internal/process/task_queues:105:5)\n    at async createOrder (file:///E:/SE347-CongNgheWebvaUngDung/order-service/src/controllers/orderController.js:18:21)","timestamp":"2025-10-22T15:29:08.471Z"}
{"level":"error","message":"Create order controller error: this.validateUser is not a function","stack":"TypeError: this.validateUser is not a function\n    at OrderService.createOrder (file:///E:/SE347-CongNgheWebvaUngDung/order-service/src/services/orderService.js:51:18)\n    at process.processTicksAndRejections (node:internal/process/task_queues:105:5)\n    at async createOrder (file:///E:/SE347-CongNgheWebvaUngDung/order-service/src/controllers/orderController.js:18:21)","timestamp":"2025-10-22T15:29:08.472Z"}
{"level":"error","message":"Error: this.validateUser is not a function","method":"POST","stack":"TypeError: this.validateUser is not a function\n    at OrderService.createOrder (file:///E:/SE347-CongNgheWebvaUngDung/order-service/src/services/orderService.js:51:18)\n    at process.processTicksAndRejections (node:internal/process/task_queues:105:5)\n    at async createOrder (file:///E:/SE347-CongNgheWebvaUngDung/order-service/src/controllers/orderController.js:18:21)","timestamp":"2025-10-22T15:29:08.473Z","url":"/api/orders"}
{"level":"info","message":"MongoDB connected successfully","timestamp":"2025-10-22T15:30:22.837Z"}
{"level":"info","message":"RabbitMQ connected successfully","timestamp":"2025-10-22T15:30:28.139Z"}
{"level":"info","message":"Order Service running on port 8082","timestamp":"2025-10-22T15:30:28.142Z"}
{"_message":"Order validation failed","errors":{"restaurantName":{"kind":"required","message":"Path `restaurantName` is required.","name":"ValidatorError","path":"restaurantName","properties":{"message":"Path `restaurantName` is required.","path":"restaurantName","type":"required"}}},"level":"error","message":"Create order error: Order validation failed: restaurantName: Path `restaurantName` is required.","stack":"ValidationError: Order validation failed: restaurantName: Path `restaurantName` is required.\n    at Document.invalidate (E:\\SE347-CongNgheWebvaUngDung\\order-service\\node_modules\\mongoose\\lib\\document.js:3362:32)\n    at E:\\SE347-CongNgheWebvaUngDung\\order-service\\node_modules\\mongoose\\lib\\document.js:3123:17\n    at E:\\SE347-CongNgheWebvaUngDung\\order-service\\node_modules\\mongoose\\lib\\schemaType.js:1417:9\n    at process.processTicksAndRejections (node:internal/process/task_queues:85:11)","timestamp":"2025-10-22T15:31:26.208Z"}
{"_message":"Order validation failed","errors":{"restaurantName":{"kind":"required","message":"Path `restaurantName` is required.","name":"ValidatorError","path":"restaurantName","properties":{"message":"Path `restaurantName` is required.","path":"restaurantName","type":"required"}}},"level":"error","message":"Create order controller error: Order validation failed: restaurantName: Path `restaurantName` is required.","stack":"ValidationError: Order validation failed: restaurantName: Path `restaurantName` is required.\n    at Document.invalidate (E:\\SE347-CongNgheWebvaUngDung\\order-service\\node_modules\\mongoose\\lib\\document.js:3362:32)\n    at E:\\SE347-CongNgheWebvaUngDung\\order-service\\node_modules\\mongoose\\lib\\document.js:3123:17\n    at E:\\SE347-CongNgheWebvaUngDung\\order-service\\node_modules\\mongoose\\lib\\schemaType.js:1417:9\n    at process.processTicksAndRejections (node:internal/process/task_queues:85:11)","timestamp":"2025-10-22T15:31:26.209Z"}
{"level":"error","message":"Error: Order validation failed: restaurantName: Path `restaurantName` is required.","method":"POST","stack":"ValidationError: Order validation failed: restaurantName: Path `restaurantName` is required.\n    at Document.invalidate (E:\\SE347-CongNgheWebvaUngDung\\order-service\\node_modules\\mongoose\\lib\\document.js:3362:32)\n    at E:\\SE347-CongNgheWebvaUngDung\\order-service\\node_modules\\mongoose\\lib\\document.js:3123:17\n    at E:\\SE347-CongNgheWebvaUngDung\\order-service\\node_modules\\mongoose\\lib\\schemaType.js:1417:9\n    at process.processTicksAndRejections (node:internal/process/task_queues:85:11)","timestamp":"2025-10-22T15:31:26.210Z","url":"/api/orders"}
{"level":"info","message":"MongoDB connected successfully","timestamp":"2025-10-22T15:35:12.279Z"}
{"level":"info","message":"MongoDB connected successfully","timestamp":"2025-10-22T15:35:14.126Z"}
{"level":"info","message":"RabbitMQ connected successfully","timestamp":"2025-10-22T15:35:18.828Z"}
{"level":"info","message":"Order Service running on port 8082","timestamp":"2025-10-22T15:35:18.831Z"}
{"_message":"Order validation failed","errors":{"restaurantName":{"kind":"required","message":"Path `restaurantName` is required.","name":"ValidatorError","path":"restaurantName","properties":{"message":"Path `restaurantName` is required.","path":"restaurantName","type":"required"}}},"level":"error","message":"Create order error: Order validation failed: restaurantName: Path `restaurantName` is required.","stack":"ValidationError: Order validation failed: restaurantName: Path `restaurantName` is required.\n    at Document.invalidate (E:\\SE347-CongNgheWebvaUngDung\\order-service\\node_modules\\mongoose\\lib\\document.js:3362:32)\n    at E:\\SE347-CongNgheWebvaUngDung\\order-service\\node_modules\\mongoose\\lib\\document.js:3123:17\n    at E:\\SE347-CongNgheWebvaUngDung\\order-service\\node_modules\\mongoose\\lib\\schemaType.js:1417:9\n    at process.processTicksAndRejections (node:internal/process/task_queues:85:11)","timestamp":"2025-10-22T15:35:20.275Z"}
{"_message":"Order validation failed","errors":{"restaurantName":{"kind":"required","message":"Path `restaurantName` is required.","name":"ValidatorError","path":"restaurantName","properties":{"message":"Path `restaurantName` is required.","path":"restaurantName","type":"required"}}},"level":"error","message":"Create order controller error: Order validation failed: restaurantName: Path `restaurantName` is required.","stack":"ValidationError: Order validation failed: restaurantName: Path `restaurantName` is required.\n    at Document.invalidate (E:\\SE347-CongNgheWebvaUngDung\\order-service\\node_modules\\mongoose\\lib\\document.js:3362:32)\n    at E:\\SE347-CongNgheWebvaUngDung\\order-service\\node_modules\\mongoose\\lib\\document.js:3123:17\n    at E:\\SE347-CongNgheWebvaUngDung\\order-service\\node_modules\\mongoose\\lib\\schemaType.js:1417:9\n    at process.processTicksAndRejections (node:internal/process/task_queues:85:11)","timestamp":"2025-10-22T15:35:20.275Z"}
{"level":"error","message":"Error: Order validation failed: restaurantName: Path `restaurantName` is required.","method":"POST","stack":"ValidationError: Order validation failed: restaurantName: Path `restaurantName` is required.\n    at Document.invalidate (E:\\SE347-CongNgheWebvaUngDung\\order-service\\node_modules\\mongoose\\lib\\document.js:3362:32)\n    at E:\\SE347-CongNgheWebvaUngDung\\order-service\\node_modules\\mongoose\\lib\\document.js:3123:17\n    at E:\\SE347-CongNgheWebvaUngDung\\order-service\\node_modules\\mongoose\\lib\\schemaType.js:1417:9\n    at process.processTicksAndRejections (node:internal/process/task_queues:85:11)","timestamp":"2025-10-22T15:35:20.276Z","url":"/api/orders"}
{"level":"info","message":"MongoDB connected successfully","timestamp":"2025-10-22T15:36:34.040Z"}
{"level":"info","message":"RabbitMQ connected successfully","timestamp":"2025-10-22T15:36:38.571Z"}
{"level":"info","message":"Order Service running on port 8082","timestamp":"2025-10-22T15:36:38.574Z"}
{"level":"info","message":"MongoDB connected successfully","timestamp":"2025-10-22T15:37:24.772Z"}
{"level":"info","message":"RabbitMQ connected successfully","timestamp":"2025-10-22T15:37:29.571Z"}
{"level":"info","message":"Order Service running on port 8082","timestamp":"2025-10-22T15:37:29.577Z"}
{"_message":"Order validation failed","errors":{"restaurantName":{"kind":"required","message":"Path `restaurantName` is required.","name":"ValidatorError","path":"restaurantName","properties":{"message":"Path `restaurantName` is required.","path":"restaurantName","type":"required"}}},"level":"error","message":"Create order error: Order validation failed: restaurantName: Path `restaurantName` is required.","stack":"ValidationError: Order validation failed: restaurantName: Path `restaurantName` is required.\n    at Document.invalidate (E:\\SE347-CongNgheWebvaUngDung\\order-service\\node_modules\\mongoose\\lib\\document.js:3362:32)\n    at E:\\SE347-CongNgheWebvaUngDung\\order-service\\node_modules\\mongoose\\lib\\document.js:3123:17\n    at E:\\SE347-CongNgheWebvaUngDung\\order-service\\node_modules\\mongoose\\lib\\schemaType.js:1417:9\n    at process.processTicksAndRejections (node:internal/process/task_queues:85:11)","timestamp":"2025-10-22T15:37:52.449Z"}
{"_message":"Order validation failed","errors":{"restaurantName":{"kind":"required","message":"Path `restaurantName` is required.","name":"ValidatorError","path":"restaurantName","properties":{"message":"Path `restaurantName` is required.","path":"restaurantName","type":"required"}}},"level":"error","message":"Create order controller error: Order validation failed: restaurantName: Path `restaurantName` is required.","stack":"ValidationError: Order validation failed: restaurantName: Path `restaurantName` is required.\n    at Document.invalidate (E:\\SE347-CongNgheWebvaUngDung\\order-service\\node_modules\\mongoose\\lib\\document.js:3362:32)\n    at E:\\SE347-CongNgheWebvaUngDung\\order-service\\node_modules\\mongoose\\lib\\document.js:3123:17\n    at E:\\SE347-CongNgheWebvaUngDung\\order-service\\node_modules\\mongoose\\lib\\schemaType.js:1417:9\n    at process.processTicksAndRejections (node:internal/process/task_queues:85:11)","timestamp":"2025-10-22T15:37:52.454Z"}
{"level":"error","message":"Error: Order validation failed: restaurantName: Path `restaurantName` is required.","method":"POST","stack":"ValidationError: Order validation failed: restaurantName: Path `restaurantName` is required.\n    at Document.invalidate (E:\\SE347-CongNgheWebvaUngDung\\order-service\\node_modules\\mongoose\\lib\\document.js:3362:32)\n    at E:\\SE347-CongNgheWebvaUngDung\\order-service\\node_modules\\mongoose\\lib\\document.js:3123:17\n    at E:\\SE347-CongNgheWebvaUngDung\\order-service\\node_modules\\mongoose\\lib\\schemaType.js:1417:9\n    at process.processTicksAndRejections (node:internal/process/task_queues:85:11)","timestamp":"2025-10-22T15:37:52.462Z","url":"/api/orders"}
{"level":"info","message":"MongoDB connected successfully","timestamp":"2025-10-22T15:38:44.010Z"}
{"level":"info","message":"MongoDB connected successfully","timestamp":"2025-10-22T15:38:48.122Z"}
{"level":"info","message":"RabbitMQ connected successfully","timestamp":"2025-10-22T15:38:52.614Z"}
{"level":"info","message":"Order Service running on port 8082","timestamp":"2025-10-22T15:38:52.618Z"}
{"level":"info","message":"MongoDB connected successfully","timestamp":"2025-10-22T15:39:37.646Z"}
{"level":"info","message":"RabbitMQ connected successfully","timestamp":"2025-10-22T15:39:42.111Z"}
{"level":"info","message":"Order Service running on port 8082","timestamp":"2025-10-22T15:39:42.115Z"}
{"level":"info","message":"MongoDB connected successfully","timestamp":"2025-10-22T15:39:44.788Z"}
{"level":"info","message":"RabbitMQ connected successfully","timestamp":"2025-10-22T15:39:49.270Z"}
{"level":"info","message":"Order Service running on port 8082","timestamp":"2025-10-22T15:39:49.275Z"}
{"level":"info","message":"Message published to order_exchange:order.created","timestamp":"2025-10-22T15:39:52.642Z"}
{"level":"info","message":"Order created successfully: ORD1761147592626CWA9RV6GX","timestamp":"2025-10-22T15:39:52.642Z"}
{"level":"info","message":"Message published to order_exchange:order.created","timestamp":"2025-10-22T15:41:38.888Z"}
{"level":"info","message":"Order created successfully: ORD1761147698858E4N0OSS1R","timestamp":"2025-10-22T15:41:38.888Z"}
{"level":"info","message":"MongoDB connected successfully","timestamp":"2025-10-22T15:42:33.498Z"}
{"level":"info","message":"RabbitMQ connected successfully","timestamp":"2025-10-22T15:42:38.299Z"}
{"level":"info","message":"Order Service running on port 8082","timestamp":"2025-10-22T15:42:38.304Z"}
